[ 2016-10-27T14:44:36+08:00 ] ::1 /Integral/index.php/Tables/index/p/7.html
INFO: [ app_init ] --START--
INFO: Run Behavior\BuildLiteBehavior [ RunTime:0.000016s ]
INFO: [ app_init ] --END-- [ RunTime:0.035384s ]
INFO: [ app_begin ] --START--
INFO: Run Behavior\ReadHtmlCacheBehavior [ RunTime:0.039274s ]
INFO: [ app_begin ] --END-- [ RunTime:0.039370s ]
NOTIC: [8] Undefined index: c_name E:\PHP\httpd-2.4.23-win64-VC14\Apache24\htdocs\Integral\Application\Admin\Controller\TablesController.class.php 第 13 行.
NOTIC: [8] Undefined index: s_id E:\PHP\httpd-2.4.23-win64-VC14\Apache24\htdocs\Integral\Application\Admin\Controller\TablesController.class.php 第 14 行.
NOTIC: [8] Undefined index: sc_union E:\PHP\httpd-2.4.23-win64-VC14\Apache24\htdocs\Integral\Application\Admin\Controller\TablesController.class.php 第 15 行.
NOTIC: [8] Undefined variable: filter E:\PHP\httpd-2.4.23-win64-VC14\Apache24\htdocs\Integral\Application\Admin\Controller\TablesController.class.php 第 30 行.
SQL: SELECT COUNT(*) AS tp_count FROM `tp_scoredetail` LIMIT 1   [ RunTime:0.052507s ]
NOTIC: [8] Undefined variable: filter E:\PHP\httpd-2.4.23-win64-VC14\Apache24\htdocs\Integral\Application\Admin\Controller\TablesController.class.php 第 48 行.
SQL: SELECT * FROM `tp_scoredetail` ORDER BY id desc LIMIT 180,30   [ RunTime:0.239996s ]
INFO: [ view_parse ] --START--
INFO: [ template_filter ] --START--
INFO: Run Behavior\ContentReplaceBehavior [ RunTime:0.000621s ]
INFO: [ template_filter ] --END-- [ RunTime:0.000726s ]
NOTIC: [8] Undefined index: c_name E:\PHP\httpd-2.4.23-win64-VC14\Apache24\htdocs\Integral\Application\Runtime\Cache\Admin\028392e504fc80bf64506a8dce359984.php 第 118 行.
NOTIC: [8] Undefined index: s_id E:\PHP\httpd-2.4.23-win64-VC14\Apache24\htdocs\Integral\Application\Runtime\Cache\Admin\028392e504fc80bf64506a8dce359984.php 第 123 行.
NOTIC: [8] Undefined index: sc_union E:\PHP\httpd-2.4.23-win64-VC14\Apache24\htdocs\Integral\Application\Runtime\Cache\Admin\028392e504fc80bf64506a8dce359984.php 第 128 行.
INFO: Run Behavior\ParseTemplateBehavior [ RunTime:0.240584s ]
INFO: [ view_parse ] --END-- [ RunTime:0.240651s ]
INFO: [ view_filter ] --START--
INFO: Run Behavior\WriteHtmlCacheBehavior [ RunTime:0.063672s ]
INFO: [ view_filter ] --END-- [ RunTime:0.063728s ]
INFO: [ app_end ] --START--
INFO: Run Behavior\ShowPageTraceBehavior [ RunTime:0.280978s ]
INFO: [ app_end ] --END-- [ RunTime:0.281105s ]

[ 2016-10-27T14:44:57+08:00 ] ::1 /Integral/index.php/Tables/index/p/1.html
INFO: [ app_init ] --START--
INFO: Run Behavior\BuildLiteBehavior [ RunTime:0.000008s ]
INFO: [ app_init ] --END-- [ RunTime:0.000388s ]
INFO: [ app_begin ] --START--
INFO: Run Behavior\ReadHtmlCacheBehavior [ RunTime:0.000675s ]
INFO: [ app_begin ] --END-- [ RunTime:0.000722s ]
NOTIC: [8] Undefined index: c_name E:\PHP\httpd-2.4.23-win64-VC14\Apache24\htdocs\Integral\Application\Admin\Controller\TablesController.class.php 第 13 行.
NOTIC: [8] Undefined index: s_id E:\PHP\httpd-2.4.23-win64-VC14\Apache24\htdocs\Integral\Application\Admin\Controller\TablesController.class.php 第 14 行.
NOTIC: [8] Undefined index: sc_union E:\PHP\httpd-2.4.23-win64-VC14\Apache24\htdocs\Integral\Application\Admin\Controller\TablesController.class.php 第 15 行.
NOTIC: [8] Undefined variable: filter E:\PHP\httpd-2.4.23-win64-VC14\Apache24\htdocs\Integral\Application\Admin\Controller\TablesController.class.php 第 30 行.
SQL: SELECT COUNT(*) AS tp_count FROM `tp_scoredetail` LIMIT 1   [ RunTime:0.000191s ]
NOTIC: [8] Undefined variable: filter E:\PHP\httpd-2.4.23-win64-VC14\Apache24\htdocs\Integral\Application\Admin\Controller\TablesController.class.php 第 48 行.
SQL: SELECT * FROM `tp_scoredetail` ORDER BY id desc LIMIT 0,30   [ RunTime:0.011447s ]
INFO: [ view_parse ] --START--
INFO: [ template_filter ] --START--
INFO: Run Behavior\ContentReplaceBehavior [ RunTime:0.000208s ]
INFO: [ template_filter ] --END-- [ RunTime:0.000247s ]
NOTIC: [8] Undefined index: c_name E:\PHP\httpd-2.4.23-win64-VC14\Apache24\htdocs\Integral\Application\Runtime\Cache\Admin\028392e504fc80bf64506a8dce359984.php 第 118 行.
NOTIC: [8] Undefined index: s_id E:\PHP\httpd-2.4.23-win64-VC14\Apache24\htdocs\Integral\Application\Runtime\Cache\Admin\028392e504fc80bf64506a8dce359984.php 第 123 行.
NOTIC: [8] Undefined index: sc_union E:\PHP\httpd-2.4.23-win64-VC14\Apache24\htdocs\Integral\Application\Runtime\Cache\Admin\028392e504fc80bf64506a8dce359984.php 第 128 行.
INFO: Run Behavior\ParseTemplateBehavior [ RunTime:0.012834s ]
INFO: [ view_parse ] --END-- [ RunTime:0.012874s ]
INFO: [ view_filter ] --START--
INFO: Run Behavior\WriteHtmlCacheBehavior [ RunTime:0.000870s ]
INFO: [ view_filter ] --END-- [ RunTime:0.000896s ]
INFO: [ app_end ] --START--
INFO: Run Behavior\ShowPageTraceBehavior [ RunTime:0.001444s ]
INFO: [ app_end ] --END-- [ RunTime:0.001506s ]

[ 2016-10-27T14:45:11+08:00 ] ::1 /Integral/index.php/Tables/index/p/2.html
INFO: [ app_init ] --START--
INFO: Run Behavior\BuildLiteBehavior [ RunTime:0.000014s ]
INFO: [ app_init ] --END-- [ RunTime:0.000587s ]
INFO: [ app_begin ] --START--
INFO: Run Behavior\ReadHtmlCacheBehavior [ RunTime:0.000867s ]
INFO: [ app_begin ] --END-- [ RunTime:0.000922s ]
NOTIC: [8] Undefined index: c_name E:\PHP\httpd-2.4.23-win64-VC14\Apache24\htdocs\Integral\Application\Admin\Controller\TablesController.class.php 第 13 行.
NOTIC: [8] Undefined index: s_id E:\PHP\httpd-2.4.23-win64-VC14\Apache24\htdocs\Integral\Application\Admin\Controller\TablesController.class.php 第 14 行.
NOTIC: [8] Undefined index: sc_union E:\PHP\httpd-2.4.23-win64-VC14\Apache24\htdocs\Integral\Application\Admin\Controller\TablesController.class.php 第 15 行.
NOTIC: [8] Undefined variable: filter E:\PHP\httpd-2.4.23-win64-VC14\Apache24\htdocs\Integral\Application\Admin\Controller\TablesController.class.php 第 30 行.
SQL: SELECT COUNT(*) AS tp_count FROM `tp_scoredetail` LIMIT 1   [ RunTime:0.000231s ]
NOTIC: [8] Undefined variable: filter E:\PHP\httpd-2.4.23-win64-VC14\Apache24\htdocs\Integral\Application\Admin\Controller\TablesController.class.php 第 48 行.
SQL: SELECT * FROM `tp_scoredetail` ORDER BY id desc LIMIT 30,30   [ RunTime:0.000289s ]
INFO: [ view_parse ] --START--
INFO: [ template_filter ] --START--
INFO: Run Behavior\ContentReplaceBehavior [ RunTime:0.000201s ]
INFO: [ template_filter ] --END-- [ RunTime:0.000236s ]
NOTIC: [8] Undefined index: c_name E:\PHP\httpd-2.4.23-win64-VC14\Apache24\htdocs\Integral\Application\Runtime\Cache\Admin\028392e504fc80bf64506a8dce359984.php 第 118 行.
NOTIC: [8] Undefined index: s_id E:\PHP\httpd-2.4.23-win64-VC14\Apache24\htdocs\Integral\Application\Runtime\Cache\Admin\028392e504fc80bf64506a8dce359984.php 第 123 行.
NOTIC: [8] Undefined index: sc_union E:\PHP\httpd-2.4.23-win64-VC14\Apache24\htdocs\Integral\Application\Runtime\Cache\Admin\028392e504fc80bf64506a8dce359984.php 第 128 行.
INFO: Run Behavior\ParseTemplateBehavior [ RunTime:0.013241s ]
INFO: [ view_parse ] --END-- [ RunTime:0.013277s ]
INFO: [ view_filter ] --START--
INFO: Run Behavior\WriteHtmlCacheBehavior [ RunTime:0.000857s ]
INFO: [ view_filter ] --END-- [ RunTime:0.000885s ]
INFO: [ app_end ] --START--
INFO: Run Behavior\ShowPageTraceBehavior [ RunTime:0.001096s ]
INFO: [ app_end ] --END-- [ RunTime:0.001143s ]

[ 2016-10-27T14:45:15+08:00 ] ::1 /Integral/index.php/Tables/index/p/3.html
INFO: [ app_init ] --START--
INFO: Run Behavior\BuildLiteBehavior [ RunTime:0.000011s ]
INFO: [ app_init ] --END-- [ RunTime:0.000634s ]
INFO: [ app_begin ] --START--
INFO: Run Behavior\ReadHtmlCacheBehavior [ RunTime:0.000607s ]
INFO: [ app_begin ] --END-- [ RunTime:0.000646s ]
NOTIC: [8] Undefined index: c_name E:\PHP\httpd-2.4.23-win64-VC14\Apache24\htdocs\Integral\Application\Admin\Controller\TablesController.class.php 第 13 行.
NOTIC: [8] Undefined index: s_id E:\PHP\httpd-2.4.23-win64-VC14\Apache24\htdocs\Integral\Application\Admin\Controller\TablesController.class.php 第 14 行.
NOTIC: [8] Undefined index: sc_union E:\PHP\httpd-2.4.23-win64-VC14\Apache24\htdocs\Integral\Application\Admin\Controller\TablesController.class.php 第 15 行.
NOTIC: [8] Undefined variable: filter E:\PHP\httpd-2.4.23-win64-VC14\Apache24\htdocs\Integral\Application\Admin\Controller\TablesController.class.php 第 30 行.
SQL: SELECT COUNT(*) AS tp_count FROM `tp_scoredetail` LIMIT 1   [ RunTime:0.000179s ]
NOTIC: [8] Undefined variable: filter E:\PHP\httpd-2.4.23-win64-VC14\Apache24\htdocs\Integral\Application\Admin\Controller\TablesController.class.php 第 48 行.
SQL: SELECT * FROM `tp_scoredetail` ORDER BY id desc LIMIT 60,30   [ RunTime:0.008146s ]
INFO: [ view_parse ] --START--
INFO: [ template_filter ] --START--
INFO: Run Behavior\ContentReplaceBehavior [ RunTime:0.000199s ]
INFO: [ template_filter ] --END-- [ RunTime:0.000232s ]
NOTIC: [8] Undefined index: c_name E:\PHP\httpd-2.4.23-win64-VC14\Apache24\htdocs\Integral\Application\Runtime\Cache\Admin\028392e504fc80bf64506a8dce359984.php 第 118 行.
NOTIC: [8] Undefined index: s_id E:\PHP\httpd-2.4.23-win64-VC14\Apache24\htdocs\Integral\Application\Runtime\Cache\Admin\028392e504fc80bf64506a8dce359984.php 第 123 行.
NOTIC: [8] Undefined index: sc_union E:\PHP\httpd-2.4.23-win64-VC14\Apache24\htdocs\Integral\Application\Runtime\Cache\Admin\028392e504fc80bf64506a8dce359984.php 第 128 行.
INFO: Run Behavior\ParseTemplateBehavior [ RunTime:0.013607s ]
INFO: [ view_parse ] --END-- [ RunTime:0.013642s ]
INFO: [ view_filter ] --START--
INFO: Run Behavior\WriteHtmlCacheBehavior [ RunTime:0.000837s ]
INFO: [ view_filter ] --END-- [ RunTime:0.000869s ]
INFO: [ app_end ] --START--
INFO: Run Behavior\ShowPageTraceBehavior [ RunTime:0.001375s ]
INFO: [ app_end ] --END-- [ RunTime:0.001425s ]

[ 2016-10-27T14:45:19+08:00 ] ::1 /Integral/index.php/Tables/index/p/4.html
INFO: [ app_init ] --START--
INFO: Run Behavior\BuildLiteBehavior [ RunTime:0.000023s ]
INFO: [ app_init ] --END-- [ RunTime:0.000680s ]
INFO: [ app_begin ] --START--
INFO: Run Behavior\ReadHtmlCacheBehavior [ RunTime:0.000562s ]
INFO: [ app_begin ] --END-- [ RunTime:0.000598s ]
NOTIC: [8] Undefined index: c_name E:\PHP\httpd-2.4.23-win64-VC14\Apache24\htdocs\Integral\Application\Admin\Controller\TablesController.class.php 第 13 行.
NOTIC: [8] Undefined index: s_id E:\PHP\httpd-2.4.23-win64-VC14\Apache24\htdocs\Integral\Application\Admin\Controller\TablesController.class.php 第 14 行.
NOTIC: [8] Undefined index: sc_union E:\PHP\httpd-2.4.23-win64-VC14\Apache24\htdocs\Integral\Application\Admin\Controller\TablesController.class.php 第 15 行.
NOTIC: [8] Undefined variable: filter E:\PHP\httpd-2.4.23-win64-VC14\Apache24\htdocs\Integral\Application\Admin\Controller\TablesController.class.php 第 30 行.
SQL: SELECT COUNT(*) AS tp_count FROM `tp_scoredetail` LIMIT 1   [ RunTime:0.000135s ]
NOTIC: [8] Undefined variable: filter E:\PHP\httpd-2.4.23-win64-VC14\Apache24\htdocs\Integral\Application\Admin\Controller\TablesController.class.php 第 48 行.
SQL: SELECT * FROM `tp_scoredetail` ORDER BY id desc LIMIT 90,30   [ RunTime:0.035852s ]
INFO: [ view_parse ] --START--
INFO: [ template_filter ] --START--
INFO: Run Behavior\ContentReplaceBehavior [ RunTime:0.000225s ]
INFO: [ template_filter ] --END-- [ RunTime:0.000262s ]
NOTIC: [8] Undefined index: c_name E:\PHP\httpd-2.4.23-win64-VC14\Apache24\htdocs\Integral\Application\Runtime\Cache\Admin\028392e504fc80bf64506a8dce359984.php 第 118 行.
NOTIC: [8] Undefined index: s_id E:\PHP\httpd-2.4.23-win64-VC14\Apache24\htdocs\Integral\Application\Runtime\Cache\Admin\028392e504fc80bf64506a8dce359984.php 第 123 行.
NOTIC: [8] Undefined index: sc_union E:\PHP\httpd-2.4.23-win64-VC14\Apache24\htdocs\Integral\Application\Runtime\Cache\Admin\028392e504fc80bf64506a8dce359984.php 第 128 行.
INFO: Run Behavior\ParseTemplateBehavior [ RunTime:0.012625s ]
INFO: [ view_parse ] --END-- [ RunTime:0.012672s ]
INFO: [ view_filter ] --START--
INFO: Run Behavior\WriteHtmlCacheBehavior [ RunTime:0.000792s ]
INFO: [ view_filter ] --END-- [ RunTime:0.000829s ]
INFO: [ app_end ] --START--
INFO: Run Behavior\ShowPageTraceBehavior [ RunTime:0.001549s ]
INFO: [ app_end ] --END-- [ RunTime:0.001607s ]

[ 2016-10-27T14:46:13+08:00 ] ::1 /Integral/index.php/Tables/index/p/1.html
INFO: [ app_init ] --START--
INFO: Run Behavior\BuildLiteBehavior [ RunTime:0.000008s ]
INFO: [ app_init ] --END-- [ RunTime:0.000372s ]
INFO: [ app_begin ] --START--
INFO: Run Behavior\ReadHtmlCacheBehavior [ RunTime:0.002358s ]
INFO: [ app_begin ] --END-- [ RunTime:0.002441s ]
NOTIC: [8] Undefined index: c_name E:\PHP\httpd-2.4.23-win64-VC14\Apache24\htdocs\Integral\Application\Admin\Controller\TablesController.class.php 第 13 行.
NOTIC: [8] Undefined index: s_id E:\PHP\httpd-2.4.23-win64-VC14\Apache24\htdocs\Integral\Application\Admin\Controller\TablesController.class.php 第 14 行.
NOTIC: [8] Undefined index: sc_union E:\PHP\httpd-2.4.23-win64-VC14\Apache24\htdocs\Integral\Application\Admin\Controller\TablesController.class.php 第 15 行.
NOTIC: [8] Undefined variable: filter E:\PHP\httpd-2.4.23-win64-VC14\Apache24\htdocs\Integral\Application\Admin\Controller\TablesController.class.php 第 30 行.
SQL: SELECT COUNT(*) AS tp_count FROM `tp_scoredetail` LIMIT 1   [ RunTime:0.000196s ]
NOTIC: [8] Undefined variable: filter E:\PHP\httpd-2.4.23-win64-VC14\Apache24\htdocs\Integral\Application\Admin\Controller\TablesController.class.php 第 48 行.
SQL: SELECT * FROM `tp_scoredetail` ORDER BY id desc LIMIT 0,30   [ RunTime:0.000408s ]
INFO: [ view_parse ] --START--
INFO: [ template_filter ] --START--
INFO: Run Behavior\ContentReplaceBehavior [ RunTime:0.000199s ]
INFO: [ template_filter ] --END-- [ RunTime:0.000232s ]
NOTIC: [8] Undefined index: c_name E:\PHP\httpd-2.4.23-win64-VC14\Apache24\htdocs\Integral\Application\Runtime\Cache\Admin\028392e504fc80bf64506a8dce359984.php 第 118 行.
NOTIC: [8] Undefined index: s_id E:\PHP\httpd-2.4.23-win64-VC14\Apache24\htdocs\Integral\Application\Runtime\Cache\Admin\028392e504fc80bf64506a8dce359984.php 第 123 行.
NOTIC: [8] Undefined index: sc_union E:\PHP\httpd-2.4.23-win64-VC14\Apache24\htdocs\Integral\Application\Runtime\Cache\Admin\028392e504fc80bf64506a8dce359984.php 第 128 行.
INFO: Run Behavior\ParseTemplateBehavior [ RunTime:0.013580s ]
INFO: [ view_parse ] --END-- [ RunTime:0.013619s ]
INFO: [ view_filter ] --START--
INFO: Run Behavior\WriteHtmlCacheBehavior [ RunTime:0.000823s ]
INFO: [ view_filter ] --END-- [ RunTime:0.000860s ]
INFO: [ app_end ] --START--
INFO: Run Behavior\ShowPageTraceBehavior [ RunTime:0.001416s ]
INFO: [ app_end ] --END-- [ RunTime:0.001473s ]

[ 2016-10-27T14:49:24+08:00 ] ::1 /Integral/index.php/Tables/index/p/1.html
INFO: [ app_init ] --START--
INFO: Run Behavior\BuildLiteBehavior [ RunTime:0.000021s ]
INFO: [ app_init ] --END-- [ RunTime:0.000584s ]
INFO: [ app_begin ] --START--
INFO: Run Behavior\ReadHtmlCacheBehavior [ RunTime:0.001115s ]
INFO: [ app_begin ] --END-- [ RunTime:0.001170s ]
NOTIC: [8] Undefined index: c_name E:\PHP\httpd-2.4.23-win64-VC14\Apache24\htdocs\Integral\Application\Admin\Controller\TablesController.class.php 第 13 行.
NOTIC: [8] Undefined index: s_id E:\PHP\httpd-2.4.23-win64-VC14\Apache24\htdocs\Integral\Application\Admin\Controller\TablesController.class.php 第 14 行.
NOTIC: [8] Undefined index: sc_union E:\PHP\httpd-2.4.23-win64-VC14\Apache24\htdocs\Integral\Application\Admin\Controller\TablesController.class.php 第 15 行.
NOTIC: [8] Undefined variable: filter E:\PHP\httpd-2.4.23-win64-VC14\Apache24\htdocs\Integral\Application\Admin\Controller\TablesController.class.php 第 30 行.
SQL: SELECT COUNT(*) AS tp_count FROM `tp_scoredetail` LIMIT 1   [ RunTime:0.000131s ]
NOTIC: [8] Undefined variable: filter E:\PHP\httpd-2.4.23-win64-VC14\Apache24\htdocs\Integral\Application\Admin\Controller\TablesController.class.php 第 48 行.
SQL: SELECT * FROM `tp_scoredetail` ORDER BY id desc LIMIT 0,30   [ RunTime:0.000256s ]
INFO: [ view_parse ] --START--
INFO: [ template_filter ] --START--
INFO: Run Behavior\ContentReplaceBehavior [ RunTime:0.000218s ]
INFO: [ template_filter ] --END-- [ RunTime:0.000264s ]
NOTIC: [8] Undefined index: c_name E:\PHP\httpd-2.4.23-win64-VC14\Apache24\htdocs\Integral\Application\Runtime\Cache\Admin\028392e504fc80bf64506a8dce359984.php 第 118 行.
NOTIC: [8] Undefined index: s_id E:\PHP\httpd-2.4.23-win64-VC14\Apache24\htdocs\Integral\Application\Runtime\Cache\Admin\028392e504fc80bf64506a8dce359984.php 第 123 行.
NOTIC: [8] Undefined index: sc_union E:\PHP\httpd-2.4.23-win64-VC14\Apache24\htdocs\Integral\Application\Runtime\Cache\Admin\028392e504fc80bf64506a8dce359984.php 第 128 行.
INFO: Run Behavior\ParseTemplateBehavior [ RunTime:0.012984s ]
INFO: [ view_parse ] --END-- [ RunTime:0.013024s ]
INFO: [ view_filter ] --START--
INFO: Run Behavior\WriteHtmlCacheBehavior [ RunTime:0.000785s ]
INFO: [ view_filter ] --END-- [ RunTime:0.000831s ]
INFO: [ app_end ] --START--
INFO: Run Behavior\ShowPageTraceBehavior [ RunTime:0.001509s ]
INFO: [ app_end ] --END-- [ RunTime:0.001582s ]

[ 2016-10-27T14:49:43+08:00 ] ::1 /Integral/index.php/admin/Tables/tables.html
INFO: [ app_init ] --START--
INFO: Run Behavior\BuildLiteBehavior [ RunTime:0.000014s ]
INFO: [ app_init ] --END-- [ RunTime:0.001185s ]
INFO: [ app_begin ] --START--
INFO: Run Behavior\ReadHtmlCacheBehavior [ RunTime:0.002545s ]
INFO: [ app_begin ] --END-- [ RunTime:0.002619s ]
SQL: SELECT COUNT(*) AS tp_count FROM `tp_scoredetail` WHERE `c_name` LIKE '%计科123%' LIMIT 1   [ RunTime:0.092699s ]
NOTIC: [8] Undefined variable: Page E:\PHP\httpd-2.4.23-win64-VC14\Apache24\htdocs\Integral\Application\Admin\Controller\TablesController.class.php 第 48 行.
NOTIC: [8] Trying to get property of non-object E:\PHP\httpd-2.4.23-win64-VC14\Apache24\htdocs\Integral\Application\Admin\Controller\TablesController.class.php 第 48 行.
NOTIC: [8] Undefined variable: Page E:\PHP\httpd-2.4.23-win64-VC14\Apache24\htdocs\Integral\Application\Admin\Controller\TablesController.class.php 第 48 行.
NOTIC: [8] Trying to get property of non-object E:\PHP\httpd-2.4.23-win64-VC14\Apache24\htdocs\Integral\Application\Admin\Controller\TablesController.class.php 第 48 行.
SQL: SELECT * FROM `tp_scoredetail` WHERE `c_name` LIKE '%计科123%' ORDER BY id desc  [ RunTime:0.023815s ]
INFO: [ view_parse ] --START--
INFO: [ template_filter ] --START--
INFO: Run Behavior\ContentReplaceBehavior [ RunTime:0.000608s ]
INFO: [ template_filter ] --END-- [ RunTime:0.000675s ]
NOTIC: [8] Undefined variable: page E:\PHP\httpd-2.4.23-win64-VC14\Apache24\htdocs\Integral\Application\Runtime\Cache\Admin\028392e504fc80bf64506a8dce359984.php 第 179 行.
INFO: Run Behavior\ParseTemplateBehavior [ RunTime:0.079432s ]
INFO: [ view_parse ] --END-- [ RunTime:0.079512s ]
INFO: [ view_filter ] --START--
INFO: Run Behavior\WriteHtmlCacheBehavior [ RunTime:0.002791s ]
INFO: [ view_filter ] --END-- [ RunTime:0.002845s ]
INFO: [ app_end ] --START--
INFO: Run Behavior\ShowPageTraceBehavior [ RunTime:0.033136s ]
INFO: [ app_end ] --END-- [ RunTime:0.033206s ]

[ 2016-10-27T14:49:54+08:00 ] ::1 /Integral/index.php/admin/Tables/export.html
INFO: [ app_init ] --START--
INFO: Run Behavior\BuildLiteBehavior [ RunTime:0.000009s ]
INFO: [ app_init ] --END-- [ RunTime:0.000744s ]
INFO: [ app_begin ] --START--
INFO: Run Behavior\ReadHtmlCacheBehavior [ RunTime:0.001344s ]
INFO: [ app_begin ] --END-- [ RunTime:0.001383s ]
SQL: SELECT COUNT(*) AS tp_count FROM `tp_scoredetail` WHERE `c_name` LIKE '%计科123%' LIMIT 1   [ RunTime:0.000172s ]
NOTIC: [8] Undefined variable: Page E:\PHP\httpd-2.4.23-win64-VC14\Apache24\htdocs\Integral\Application\Admin\Controller\TablesController.class.php 第 48 行.
NOTIC: [8] Trying to get property of non-object E:\PHP\httpd-2.4.23-win64-VC14\Apache24\htdocs\Integral\Application\Admin\Controller\TablesController.class.php 第 48 行.
NOTIC: [8] Undefined variable: Page E:\PHP\httpd-2.4.23-win64-VC14\Apache24\htdocs\Integral\Application\Admin\Controller\TablesController.class.php 第 48 行.
NOTIC: [8] Trying to get property of non-object E:\PHP\httpd-2.4.23-win64-VC14\Apache24\htdocs\Integral\Application\Admin\Controller\TablesController.class.php 第 48 行.
SQL: SELECT * FROM `tp_scoredetail` WHERE `c_name` LIKE '%计科123%' ORDER BY id desc  [ RunTime:0.000172s ]

[ 2016-10-27T14:50:19+08:00 ] ::1 /Integral/index.php/admin/Tables/tables.html
INFO: [ app_init ] --START--
INFO: Run Behavior\BuildLiteBehavior [ RunTime:0.000009s ]
INFO: [ app_init ] --END-- [ RunTime:0.000599s ]
INFO: [ app_begin ] --START--
INFO: Run Behavior\ReadHtmlCacheBehavior [ RunTime:0.001635s ]
INFO: [ app_begin ] --END-- [ RunTime:0.001710s ]
NOTIC: [8] Undefined variable: filter E:\PHP\httpd-2.4.23-win64-VC14\Apache24\htdocs\Integral\Application\Admin\Controller\TablesController.class.php 第 30 行.
SQL: SELECT COUNT(*) AS tp_count FROM `tp_scoredetail` LIMIT 1   [ RunTime:0.000189s ]
NOTIC: [8] Undefined variable: filter E:\PHP\httpd-2.4.23-win64-VC14\Apache24\htdocs\Integral\Application\Admin\Controller\TablesController.class.php 第 48 行.
SQL: SELECT * FROM `tp_scoredetail` ORDER BY id desc LIMIT 0,30   [ RunTime:0.000338s ]
INFO: [ view_parse ] --START--
INFO: [ template_filter ] --START--
INFO: Run Behavior\ContentReplaceBehavior [ RunTime:0.000209s ]
INFO: [ template_filter ] --END-- [ RunTime:0.000246s ]
INFO: Run Behavior\ParseTemplateBehavior [ RunTime:0.045377s ]
INFO: [ view_parse ] --END-- [ RunTime:0.045420s ]
INFO: [ view_filter ] --START--
INFO: Run Behavior\WriteHtmlCacheBehavior [ RunTime:0.002567s ]
INFO: [ view_filter ] --END-- [ RunTime:0.002630s ]
INFO: [ app_end ] --START--
INFO: Run Behavior\ShowPageTraceBehavior [ RunTime:0.002904s ]
INFO: [ app_end ] --END-- [ RunTime:0.002970s ]

[ 2016-10-27T14:50:27+08:00 ] ::1 /Integral/index.php/admin/Tables/export.html
INFO: [ app_init ] --START--
INFO: Run Behavior\BuildLiteBehavior [ RunTime:0.000012s ]
INFO: [ app_init ] --END-- [ RunTime:0.000852s ]
INFO: [ app_begin ] --START--
INFO: Run Behavior\ReadHtmlCacheBehavior [ RunTime:0.002365s ]
INFO: [ app_begin ] --END-- [ RunTime:0.002455s ]
NOTIC: [8] Undefined variable: filter E:\PHP\httpd-2.4.23-win64-VC14\Apache24\htdocs\Integral\Application\Admin\Controller\TablesController.class.php 第 30 行.
SQL: SELECT COUNT(*) AS tp_count FROM `tp_scoredetail` LIMIT 1   [ RunTime:0.000185s ]
NOTIC: [8] Undefined variable: filter E:\PHP\httpd-2.4.23-win64-VC14\Apache24\htdocs\Integral\Application\Admin\Controller\TablesController.class.php 第 48 行.
SQL: SELECT * FROM `tp_scoredetail` ORDER BY id desc LIMIT 0,30   [ RunTime:0.000326s ]
NOTIC: [2] Invalid argument supplied for foreach() E:\PHP\httpd-2.4.23-win64-VC14\Apache24\htdocs\Integral\Application\Admin\Controller\TablesController.class.php 第 113 行.
NOTIC: [8] Undefined variable: headArr E:\PHP\httpd-2.4.23-win64-VC14\Apache24\htdocs\Integral\Application\Admin\Controller\TablesController.class.php 第 162 行.
NOTIC: [2] Invalid argument supplied for foreach() E:\PHP\httpd-2.4.23-win64-VC14\Apache24\htdocs\Integral\Application\Admin\Controller\TablesController.class.php 第 182 行.

[ 2016-10-27T14:50:32+08:00 ] ::1 /Integral/index.php/admin/Tables/export.html
INFO: [ app_init ] --START--
INFO: Run Behavior\BuildLiteBehavior [ RunTime:0.000018s ]
INFO: [ app_init ] --END-- [ RunTime:0.001647s ]
INFO: [ app_begin ] --START--
INFO: Run Behavior\ReadHtmlCacheBehavior [ RunTime:0.004654s ]
INFO: [ app_begin ] --END-- [ RunTime:0.004724s ]
NOTIC: [8] Undefined variable: filter E:\PHP\httpd-2.4.23-win64-VC14\Apache24\htdocs\Integral\Application\Admin\Controller\TablesController.class.php 第 30 行.
SQL: SELECT COUNT(*) AS tp_count FROM `tp_scoredetail` LIMIT 1   [ RunTime:0.000141s ]
NOTIC: [8] Undefined variable: filter E:\PHP\httpd-2.4.23-win64-VC14\Apache24\htdocs\Integral\Application\Admin\Controller\TablesController.class.php 第 48 行.
SQL: SELECT * FROM `tp_scoredetail` ORDER BY id desc LIMIT 0,30   [ RunTime:0.000441s ]
NOTIC: [2] Invalid argument supplied for foreach() E:\PHP\httpd-2.4.23-win64-VC14\Apache24\htdocs\Integral\Application\Admin\Controller\TablesController.class.php 第 113 行.
NOTIC: [8] Undefined variable: headArr E:\PHP\httpd-2.4.23-win64-VC14\Apache24\htdocs\Integral\Application\Admin\Controller\TablesController.class.php 第 162 行.
NOTIC: [2] Invalid argument supplied for foreach() E:\PHP\httpd-2.4.23-win64-VC14\Apache24\htdocs\Integral\Application\Admin\Controller\TablesController.class.php 第 182 行.

[ 2016-10-27T14:52:56+08:00 ] ::1 /Integral/index.php/admin/Tables/tables.html
INFO: [ app_init ] --START--
INFO: Run Behavior\BuildLiteBehavior [ RunTime:0.000013s ]
INFO: [ app_init ] --END-- [ RunTime:0.000696s ]
INFO: [ app_begin ] --START--
INFO: Run Behavior\ReadHtmlCacheBehavior [ RunTime:0.001420s ]
INFO: [ app_begin ] --END-- [ RunTime:0.001463s ]
NOTIC: [8] Undefined variable: filter E:\PHP\httpd-2.4.23-win64-VC14\Apache24\htdocs\Integral\Application\Admin\Controller\TablesController.class.php 第 30 行.
SQL: SELECT COUNT(*) AS tp_count FROM `tp_scoredetail` LIMIT 1   [ RunTime:0.000156s ]
NOTIC: [8] Undefined variable: filter E:\PHP\httpd-2.4.23-win64-VC14\Apache24\htdocs\Integral\Application\Admin\Controller\TablesController.class.php 第 48 行.
SQL: SELECT * FROM `tp_scoredetail` ORDER BY id desc LIMIT 0,30   [ RunTime:0.000383s ]
INFO: [ view_parse ] --START--
INFO: [ template_filter ] --START--
INFO: Run Behavior\ContentReplaceBehavior [ RunTime:0.000230s ]
INFO: [ template_filter ] --END-- [ RunTime:0.000272s ]
INFO: Run Behavior\ParseTemplateBehavior [ RunTime:0.020140s ]
INFO: [ view_parse ] --END-- [ RunTime:0.020186s ]
INFO: [ view_filter ] --START--
INFO: Run Behavior\WriteHtmlCacheBehavior [ RunTime:0.001566s ]
INFO: [ view_filter ] --END-- [ RunTime:0.001617s ]
INFO: [ app_end ] --START--
INFO: Run Behavior\ShowPageTraceBehavior [ RunTime:0.005602s ]
INFO: [ app_end ] --END-- [ RunTime:0.005734s ]

[ 2016-10-27T14:53:00+08:00 ] ::1 /Integral/index.php/admin/Tables/export.html
INFO: [ app_init ] --START--
INFO: Run Behavior\BuildLiteBehavior [ RunTime:0.000017s ]
INFO: [ app_init ] --END-- [ RunTime:0.000728s ]
INFO: [ app_begin ] --START--
INFO: Run Behavior\ReadHtmlCacheBehavior [ RunTime:0.001039s ]
INFO: [ app_begin ] --END-- [ RunTime:0.001085s ]
NOTIC: [8] Undefined variable: filter E:\PHP\httpd-2.4.23-win64-VC14\Apache24\htdocs\Integral\Application\Admin\Controller\TablesController.class.php 第 30 行.
SQL: SELECT COUNT(*) AS tp_count FROM `tp_scoredetail` LIMIT 1   [ RunTime:0.000179s ]
NOTIC: [8] Undefined variable: filter E:\PHP\httpd-2.4.23-win64-VC14\Apache24\htdocs\Integral\Application\Admin\Controller\TablesController.class.php 第 48 行.
SQL: SELECT * FROM `tp_scoredetail` ORDER BY id desc LIMIT 0,30   [ RunTime:0.000269s ]
NOTIC: [8] Undefined variable: headArr E:\PHP\httpd-2.4.23-win64-VC14\Apache24\htdocs\Integral\Application\Admin\Controller\TablesController.class.php 第 162 行.
NOTIC: [2] Invalid argument supplied for foreach() E:\PHP\httpd-2.4.23-win64-VC14\Apache24\htdocs\Integral\Application\Admin\Controller\TablesController.class.php 第 182 行.

[ 2016-10-27T14:54:56+08:00 ] ::1 /Integral/index.php/admin/Tables/tables.html
INFO: [ app_init ] --START--
INFO: Run Behavior\BuildLiteBehavior [ RunTime:0.000016s ]
INFO: [ app_init ] --END-- [ RunTime:0.000697s ]
INFO: [ app_begin ] --START--
INFO: Run Behavior\ReadHtmlCacheBehavior [ RunTime:0.001637s ]
INFO: [ app_begin ] --END-- [ RunTime:0.001690s ]
NOTIC: [8] Undefined variable: filter E:\PHP\httpd-2.4.23-win64-VC14\Apache24\htdocs\Integral\Application\Admin\Controller\TablesController.class.php 第 30 行.
SQL: SELECT COUNT(*) AS tp_count FROM `tp_scoredetail` LIMIT 1   [ RunTime:0.000136s ]
NOTIC: [8] Undefined variable: filter E:\PHP\httpd-2.4.23-win64-VC14\Apache24\htdocs\Integral\Application\Admin\Controller\TablesController.class.php 第 48 行.
SQL: SELECT * FROM `tp_scoredetail` ORDER BY id desc LIMIT 0,30   [ RunTime:0.000327s ]
INFO: [ view_parse ] --START--
INFO: [ template_filter ] --START--
INFO: Run Behavior\ContentReplaceBehavior [ RunTime:0.000203s ]
INFO: [ template_filter ] --END-- [ RunTime:0.000240s ]
INFO: Run Behavior\ParseTemplateBehavior [ RunTime:0.018581s ]
INFO: [ view_parse ] --END-- [ RunTime:0.018627s ]
INFO: [ view_filter ] --START--
INFO: Run Behavior\WriteHtmlCacheBehavior [ RunTime:0.001295s ]
INFO: [ view_filter ] --END-- [ RunTime:0.001327s ]
INFO: [ app_end ] --START--
INFO: Run Behavior\ShowPageTraceBehavior [ RunTime:0.006973s ]
INFO: [ app_end ] --END-- [ RunTime:0.007039s ]

[ 2016-10-27T14:55:17+08:00 ] ::1 /Integral/index.php/admin/Tables/tables.html
INFO: [ app_init ] --START--
INFO: Run Behavior\BuildLiteBehavior [ RunTime:0.000010s ]
INFO: [ app_init ] --END-- [ RunTime:0.000739s ]
INFO: [ app_begin ] --START--
INFO: Run Behavior\ReadHtmlCacheBehavior [ RunTime:0.001581s ]
INFO: [ app_begin ] --END-- [ RunTime:0.001634s ]
NOTIC: [8] Undefined variable: filter E:\PHP\httpd-2.4.23-win64-VC14\Apache24\htdocs\Integral\Application\Admin\Controller\TablesController.class.php 第 30 行.
SQL: SELECT COUNT(*) AS tp_count FROM `tp_scoredetail` LIMIT 1   [ RunTime:0.000160s ]
NOTIC: [8] Undefined variable: filter E:\PHP\httpd-2.4.23-win64-VC14\Apache24\htdocs\Integral\Application\Admin\Controller\TablesController.class.php 第 48 行.
SQL: SELECT * FROM `tp_scoredetail` ORDER BY id desc LIMIT 0,30   [ RunTime:0.000317s ]
INFO: [ view_parse ] --START--
INFO: [ template_filter ] --START--
INFO: Run Behavior\ContentReplaceBehavior [ RunTime:0.000404s ]
INFO: [ template_filter ] --END-- [ RunTime:0.000447s ]
INFO: Run Behavior\ParseTemplateBehavior [ RunTime:0.056585s ]
INFO: [ view_parse ] --END-- [ RunTime:0.056671s ]
INFO: [ view_filter ] --START--
INFO: Run Behavior\WriteHtmlCacheBehavior [ RunTime:0.001301s ]
INFO: [ view_filter ] --END-- [ RunTime:0.001340s ]
INFO: [ app_end ] --START--
INFO: Run Behavior\ShowPageTraceBehavior [ RunTime:0.002285s ]
INFO: [ app_end ] --END-- [ RunTime:0.002354s ]

[ 2016-10-27T14:57:20+08:00 ] ::1 /Integral/index.php/admin/Tables/tables.html
INFO: [ app_init ] --START--
INFO: Run Behavior\BuildLiteBehavior [ RunTime:0.000017s ]
INFO: [ app_init ] --END-- [ RunTime:0.001176s ]
INFO: [ app_begin ] --START--
INFO: Run Behavior\ReadHtmlCacheBehavior [ RunTime:0.001467s ]
INFO: [ app_begin ] --END-- [ RunTime:0.001520s ]
NOTIC: [8] Undefined variable: filter E:\PHP\httpd-2.4.23-win64-VC14\Apache24\htdocs\Integral\Application\Admin\Controller\TablesController.class.php 第 30 行.
SQL: SELECT COUNT(*) AS tp_count FROM `tp_scoredetail` LIMIT 1   [ RunTime:0.000206s ]
NOTIC: [8] Undefined variable: filter E:\PHP\httpd-2.4.23-win64-VC14\Apache24\htdocs\Integral\Application\Admin\Controller\TablesController.class.php 第 48 行.
SQL: SELECT * FROM `tp_scoredetail` ORDER BY id desc LIMIT 0,30   [ RunTime:0.000308s ]
INFO: [ view_parse ] --START--
INFO: [ template_filter ] --START--
INFO: Run Behavior\ContentReplaceBehavior [ RunTime:0.000243s ]
INFO: [ template_filter ] --END-- [ RunTime:0.000295s ]
INFO: Run Behavior\ParseTemplateBehavior [ RunTime:0.014995s ]
INFO: [ view_parse ] --END-- [ RunTime:0.015059s ]
INFO: [ view_filter ] --START--
INFO: Run Behavior\WriteHtmlCacheBehavior [ RunTime:0.001777s ]
INFO: [ view_filter ] --END-- [ RunTime:0.001833s ]
INFO: [ app_end ] --START--
INFO: Run Behavior\ShowPageTraceBehavior [ RunTime:0.002652s ]
INFO: [ app_end ] --END-- [ RunTime:0.002698s ]

[ 2016-10-27T14:57:22+08:00 ] ::1 /Integral/index.php/admin/Tables/export.html
INFO: [ app_init ] --START--
INFO: Run Behavior\BuildLiteBehavior [ RunTime:0.000014s ]
INFO: [ app_init ] --END-- [ RunTime:0.000825s ]
INFO: [ app_begin ] --START--
INFO: Run Behavior\ReadHtmlCacheBehavior [ RunTime:0.001466s ]
INFO: [ app_begin ] --END-- [ RunTime:0.001514s ]
NOTIC: [8] Undefined variable: filter E:\PHP\httpd-2.4.23-win64-VC14\Apache24\htdocs\Integral\Application\Admin\Controller\TablesController.class.php 第 30 行.
SQL: SELECT COUNT(*) AS tp_count FROM `tp_scoredetail` LIMIT 1   [ RunTime:0.000091s ]
NOTIC: [8] Undefined variable: filter E:\PHP\httpd-2.4.23-win64-VC14\Apache24\htdocs\Integral\Application\Admin\Controller\TablesController.class.php 第 48 行.
SQL: SELECT * FROM `tp_scoredetail` ORDER BY id desc LIMIT 0,30   [ RunTime:0.000280s ]

[ 2016-10-27T14:58:54+08:00 ] ::1 /Integral/index.php/admin/Tables/export.html
INFO: [ app_init ] --START--
INFO: Run Behavior\BuildLiteBehavior [ RunTime:0.000016s ]
INFO: [ app_init ] --END-- [ RunTime:0.000686s ]
INFO: [ app_begin ] --START--
INFO: Run Behavior\ReadHtmlCacheBehavior [ RunTime:0.002798s ]
INFO: [ app_begin ] --END-- [ RunTime:0.002998s ]
NOTIC: [8] Undefined variable: filter E:\PHP\httpd-2.4.23-win64-VC14\Apache24\htdocs\Integral\Application\Admin\Controller\TablesController.class.php 第 30 行.
SQL: SELECT COUNT(*) AS tp_count FROM `tp_scoredetail` LIMIT 1   [ RunTime:0.000192s ]
NOTIC: [8] Undefined variable: filter E:\PHP\httpd-2.4.23-win64-VC14\Apache24\htdocs\Integral\Application\Admin\Controller\TablesController.class.php 第 48 行.
SQL: SELECT * FROM `tp_scoredetail` ORDER BY id desc LIMIT 0,30   [ RunTime:0.000299s ]

[ 2016-10-27T15:00:17+08:00 ] ::1 /Integral/index.php/admin/Tables/export.html
INFO: [ app_init ] --START--
INFO: Run Behavior\BuildLiteBehavior [ RunTime:0.000013s ]
INFO: [ app_init ] --END-- [ RunTime:0.000529s ]
INFO: [ app_begin ] --START--
INFO: Run Behavior\ReadHtmlCacheBehavior [ RunTime:0.001095s ]
INFO: [ app_begin ] --END-- [ RunTime:0.001158s ]
NOTIC: [8] Undefined variable: filter E:\PHP\httpd-2.4.23-win64-VC14\Apache24\htdocs\Integral\Application\Admin\Controller\TablesController.class.php 第 30 行.
SQL: SELECT COUNT(*) AS tp_count FROM `tp_scoredetail` LIMIT 1   [ RunTime:0.000185s ]
NOTIC: [8] Undefined variable: filter E:\PHP\httpd-2.4.23-win64-VC14\Apache24\htdocs\Integral\Application\Admin\Controller\TablesController.class.php 第 48 行.
SQL: SELECT * FROM `tp_scoredetail` ORDER BY id desc LIMIT 0,30   [ RunTime:0.000704s ]
NOTIC: [8] Use of undefined constant s_id - assumed 's_id' E:\PHP\httpd-2.4.23-win64-VC14\Apache24\htdocs\Integral\Application\Admin\Controller\TablesController.class.php 第 114 行.
NOTIC: [8] Use of undefined constant s_name - assumed 's_name' E:\PHP\httpd-2.4.23-win64-VC14\Apache24\htdocs\Integral\Application\Admin\Controller\TablesController.class.php 第 115 行.
NOTIC: [8] Use of undefined constant c_name - assumed 'c_name' E:\PHP\httpd-2.4.23-win64-VC14\Apache24\htdocs\Integral\Application\Admin\Controller\TablesController.class.php 第 116 行.
NOTIC: [8] Use of undefined constant sc_number - assumed 'sc_number' E:\PHP\httpd-2.4.23-win64-VC14\Apache24\htdocs\Integral\Application\Admin\Controller\TablesController.class.php 第 117 行.
NOTIC: [8] Use of undefined constant sc_reason - assumed 'sc_reason' E:\PHP\httpd-2.4.23-win64-VC14\Apache24\htdocs\Integral\Application\Admin\Controller\TablesController.class.php 第 118 行.
NOTIC: [8] Use of undefined constant sc_time - assumed 'sc_time' E:\PHP\httpd-2.4.23-win64-VC14\Apache24\htdocs\Integral\Application\Admin\Controller\TablesController.class.php 第 119 行.
NOTIC: [8] Use of undefined constant sc_union - assumed 'sc_union' E:\PHP\httpd-2.4.23-win64-VC14\Apache24\htdocs\Integral\Application\Admin\Controller\TablesController.class.php 第 121 行.
NOTIC: [8] Use of undefined constant s_id - assumed 's_id' E:\PHP\httpd-2.4.23-win64-VC14\Apache24\htdocs\Integral\Application\Admin\Controller\TablesController.class.php 第 114 行.
NOTIC: [8] Use of undefined constant s_name - assumed 's_name' E:\PHP\httpd-2.4.23-win64-VC14\Apache24\htdocs\Integral\Application\Admin\Controller\TablesController.class.php 第 115 行.
NOTIC: [8] Use of undefined constant c_name - assumed 'c_name' E:\PHP\httpd-2.4.23-win64-VC14\Apache24\htdocs\Integral\Application\Admin\Controller\TablesController.class.php 第 116 行.
NOTIC: [8] Use of undefined constant sc_number - assumed 'sc_number' E:\PHP\httpd-2.4.23-win64-VC14\Apache24\htdocs\Integral\Application\Admin\Controller\TablesController.class.php 第 117 行.
NOTIC: [8] Use of undefined constant sc_reason - assumed 'sc_reason' E:\PHP\httpd-2.4.23-win64-VC14\Apache24\htdocs\Integral\Application\Admin\Controller\TablesController.class.php 第 118 行.
NOTIC: [8] Use of undefined constant sc_time - assumed 'sc_time' E:\PHP\httpd-2.4.23-win64-VC14\Apache24\htdocs\Integral\Application\Admin\Controller\TablesController.class.php 第 119 行.
NOTIC: [8] Use of undefined constant sc_union - assumed 'sc_union' E:\PHP\httpd-2.4.23-win64-VC14\Apache24\htdocs\Integral\Application\Admin\Controller\TablesController.class.php 第 121 行.
NOTIC: [8] Use of undefined constant s_id - assumed 's_id' E:\PHP\httpd-2.4.23-win64-VC14\Apache24\htdocs\Integral\Application\Admin\Controller\TablesController.class.php 第 114 行.
NOTIC: [8] Use of undefined constant s_name - assumed 's_name' E:\PHP\httpd-2.4.23-win64-VC14\Apache24\htdocs\Integral\Application\Admin\Controller\TablesController.class.php 第 115 行.
NOTIC: [8] Use of undefined constant c_name - assumed 'c_name' E:\PHP\httpd-2.4.23-win64-VC14\Apache24\htdocs\Integral\Application\Admin\Controller\TablesController.class.php 第 116 行.
NOTIC: [8] Use of undefined constant sc_number - assumed 'sc_number' E:\PHP\httpd-2.4.23-win64-VC14\Apache24\htdocs\Integral\Application\Admin\Controller\TablesController.class.php 第 117 行.
NOTIC: [8] Use of undefined constant sc_reason - assumed 'sc_reason' E:\PHP\httpd-2.4.23-win64-VC14\Apache24\htdocs\Integral\Application\Admin\Controller\TablesController.class.php 第 118 行.
NOTIC: [8] Use of undefined constant sc_time - assumed 'sc_time' E:\PHP\httpd-2.4.23-win64-VC14\Apache24\htdocs\Integral\Application\Admin\Controller\TablesController.class.php 第 119 行.
NOTIC: [8] Use of undefined constant sc_union - assumed 'sc_union' E:\PHP\httpd-2.4.23-win64-VC14\Apache24\htdocs\Integral\Application\Admin\Controller\TablesController.class.php 第 121 行.
NOTIC: [8] Use of undefined constant s_id - assumed 's_id' E:\PHP\httpd-2.4.23-win64-VC14\Apache24\htdocs\Integral\Application\Admin\Controller\TablesController.class.php 第 114 行.
NOTIC: [8] Use of undefined constant s_name - assumed 's_name' E:\PHP\httpd-2.4.23-win64-VC14\Apache24\htdocs\Integral\Application\Admin\Controller\TablesController.class.php 第 115 行.
NOTIC: [8] Use of undefined constant c_name - assumed 'c_name' E:\PHP\httpd-2.4.23-win64-VC14\Apache24\htdocs\Integral\Application\Admin\Controller\TablesController.class.php 第 116 行.
NOTIC: [8] Use of undefined constant sc_number - assumed 'sc_number' E:\PHP\httpd-2.4.23-win64-VC14\Apache24\htdocs\Integral\Application\Admin\Controller\TablesController.class.php 第 117 行.
NOTIC: [8] Use of undefined constant sc_reason - assumed 'sc_reason' E:\PHP\httpd-2.4.23-win64-VC14\Apache24\htdocs\Integral\Application\Admin\Controller\TablesController.class.php 第 118 行.
NOTIC: [8] Use of undefined constant sc_time - assumed 'sc_time' E:\PHP\httpd-2.4.23-win64-VC14\Apache24\htdocs\Integral\Application\Admin\Controller\TablesController.class.php 第 119 行.
NOTIC: [8] Use of undefined constant sc_union - assumed 'sc_union' E:\PHP\httpd-2.4.23-win64-VC14\Apache24\htdocs\Integral\Application\Admin\Controller\TablesController.class.php 第 121 行.
NOTIC: [8] Use of undefined constant s_id - assumed 's_id' E:\PHP\httpd-2.4.23-win64-VC14\Apache24\htdocs\Integral\Application\Admin\Controller\TablesController.class.php 第 114 行.
NOTIC: [8] Use of undefined constant s_name - assumed 's_name' E:\PHP\httpd-2.4.23-win64-VC14\Apache24\htdocs\Integral\Application\Admin\Controller\TablesController.class.php 第 115 行.
NOTIC: [8] Use of undefined constant c_name - assumed 'c_name' E:\PHP\httpd-2.4.23-win64-VC14\Apache24\htdocs\Integral\Application\Admin\Controller\TablesController.class.php 第 116 行.
NOTIC: [8] Use of undefined constant sc_number - assumed 'sc_number' E:\PHP\httpd-2.4.23-win64-VC14\Apache24\htdocs\Integral\Application\Admin\Controller\TablesController.class.php 第 117 行.
NOTIC: [8] Use of undefined constant sc_reason - assumed 'sc_reason' E:\PHP\httpd-2.4.23-win64-VC14\Apache24\htdocs\Integral\Application\Admin\Controller\TablesController.class.php 第 118 行.
NOTIC: [8] Use of undefined constant sc_time - assumed 'sc_time' E:\PHP\httpd-2.4.23-win64-VC14\Apache24\htdocs\Integral\Application\Admin\Controller\TablesController.class.php 第 119 行.
NOTIC: [8] Use of undefined constant sc_union - assumed 'sc_union' E:\PHP\httpd-2.4.23-win64-VC14\Apache24\htdocs\Integral\Application\Admin\Controller\TablesController.class.php 第 121 行.
NOTIC: [8] Use of undefined constant s_id - assumed 's_id' E:\PHP\httpd-2.4.23-win64-VC14\Apache24\htdocs\Integral\Application\Admin\Controller\TablesController.class.php 第 114 行.
NOTIC: [8] Use of undefined constant s_name - assumed 's_name' E:\PHP\httpd-2.4.23-win64-VC14\Apache24\htdocs\Integral\Application\Admin\Controller\TablesController.class.php 第 115 行.
NOTIC: [8] Use of undefined constant c_name - assumed 'c_name' E:\PHP\httpd-2.4.23-win64-VC14\Apache24\htdocs\Integral\Application\Admin\Controller\TablesController.class.php 第 116 行.
NOTIC: [8] Use of undefined constant sc_number - assumed 'sc_number' E:\PHP\httpd-2.4.23-win64-VC14\Apache24\htdocs\Integral\Application\Admin\Controller\TablesController.class.php 第 117 行.
NOTIC: [8] Use of undefined constant sc_reason - assumed 'sc_reason' E:\PHP\httpd-2.4.23-win64-VC14\Apache24\htdocs\Integral\Application\Admin\Controller\TablesController.class.php 第 118 行.
NOTIC: [8] Use of undefined constant sc_time - assumed 'sc_time' E:\PHP\httpd-2.4.23-win64-VC14\Apache24\htdocs\Integral\Application\Admin\Controller\TablesController.class.php 第 119 行.
NOTIC: [8] Use of undefined constant sc_union - assumed 'sc_union' E:\PHP\httpd-2.4.23-win64-VC14\Apache24\htdocs\Integral\Application\Admin\Controller\TablesController.class.php 第 121 行.
NOTIC: [8] Use of undefined constant s_id - assumed 's_id' E:\PHP\httpd-2.4.23-win64-VC14\Apache24\htdocs\Integral\Application\Admin\Controller\TablesController.class.php 第 114 行.
NOTIC: [8] Use of undefined constant s_name - assumed 's_name' E:\PHP\httpd-2.4.23-win64-VC14\Apache24\htdocs\Integral\Application\Admin\Controller\TablesController.class.php 第 115 行.
NOTIC: [8] Use of undefined constant c_name - assumed 'c_name' E:\PHP\httpd-2.4.23-win64-VC14\Apache24\htdocs\Integral\Application\Admin\Controller\TablesController.class.php 第 116 行.
NOTIC: [8] Use of undefined constant sc_number - assumed 'sc_number' E:\PHP\httpd-2.4.23-win64-VC14\Apache24\htdocs\Integral\Application\Admin\Controller\TablesController.class.php 第 117 行.
NOTIC: [8] Use of undefined constant sc_reason - assumed 'sc_reason' E:\PHP\httpd-2.4.23-win64-VC14\Apache24\htdocs\Integral\Application\Admin\Controller\TablesController.class.php 第 118 行.
NOTIC: [8] Use of undefined constant sc_time - assumed 'sc_time' E:\PHP\httpd-2.4.23-win64-VC14\Apache24\htdocs\Integral\Application\Admin\Controller\TablesController.class.php 第 119 行.
NOTIC: [8] Use of undefined constant sc_union - assumed 'sc_union' E:\PHP\httpd-2.4.23-win64-VC14\Apache24\htdocs\Integral\Application\Admin\Controller\TablesController.class.php 第 121 行.
NOTIC: [8] Use of undefined constant s_id - assumed 's_id' E:\PHP\httpd-2.4.23-win64-VC14\Apache24\htdocs\Integral\Application\Admin\Controller\TablesController.class.php 第 114 行.
NOTIC: [8] Use of undefined constant s_name - assumed 's_name' E:\PHP\httpd-2.4.23-win64-VC14\Apache24\htdocs\Integral\Application\Admin\Controller\TablesController.class.php 第 115 行.
NOTIC: [8] Use of undefined constant c_name - assumed 'c_name' E:\PHP\httpd-2.4.23-win64-VC14\Apache24\htdocs\Integral\Application\Admin\Controller\TablesController.class.php 第 116 行.
NOTIC: [8] Use of undefined constant sc_number - assumed 'sc_number' E:\PHP\httpd-2.4.23-win64-VC14\Apache24\htdocs\Integral\Application\Admin\Controller\TablesController.class.php 第 117 行.
NOTIC: [8] Use of undefined constant sc_reason - assumed 'sc_reason' E:\PHP\httpd-2.4.23-win64-VC14\Apache24\htdocs\Integral\Application\Admin\Controller\TablesController.class.php 第 118 行.
NOTIC: [8] Use of undefined constant sc_time - assumed 'sc_time' E:\PHP\httpd-2.4.23-win64-VC14\Apache24\htdocs\Integral\Application\Admin\Controller\TablesController.class.php 第 119 行.
NOTIC: [8] Use of undefined constant sc_union - assumed 'sc_union' E:\PHP\httpd-2.4.23-win64-VC14\Apache24\htdocs\Integral\Application\Admin\Controller\TablesController.class.php 第 121 行.
NOTIC: [8] Use of undefined constant s_id - assumed 's_id' E:\PHP\httpd-2.4.23-win64-VC14\Apache24\htdocs\Integral\Application\Admin\Controller\TablesController.class.php 第 114 行.
NOTIC: [8] Use of undefined constant s_name - assumed 's_name' E:\PHP\httpd-2.4.23-win64-VC14\Apache24\htdocs\Integral\Application\Admin\Controller\TablesController.class.php 第 115 行.
NOTIC: [8] Use of undefined constant c_name - assumed 'c_name' E:\PHP\httpd-2.4.23-win64-VC14\Apache24\htdocs\Integral\Application\Admin\Controller\TablesController.class.php 第 116 行.
NOTIC: [8] Use of undefined constant sc_number - assumed 'sc_number' E:\PHP\httpd-2.4.23-win64-VC14\Apache24\htdocs\Integral\Application\Admin\Controller\TablesController.class.php 第 117 行.
NOTIC: [8] Use of undefined constant sc_reason - assumed 'sc_reason' E:\PHP\httpd-2.4.23-win64-VC14\Apache24\htdocs\Integral\Application\Admin\Controller\TablesController.class.php 第 118 行.
NOTIC: [8] Use of undefined constant sc_time - assumed 'sc_time' E:\PHP\httpd-2.4.23-win64-VC14\Apache24\htdocs\Integral\Application\Admin\Controller\TablesController.class.php 第 119 行.
NOTIC: [8] Use of undefined constant sc_union - assumed 'sc_union' E:\PHP\httpd-2.4.23-win64-VC14\Apache24\htdocs\Integral\Application\Admin\Controller\TablesController.class.php 第 121 行.
NOTIC: [8] Use of undefined constant s_id - assumed 's_id' E:\PHP\httpd-2.4.23-win64-VC14\Apache24\htdocs\Integral\Application\Admin\Controller\TablesController.class.php 第 114 行.
NOTIC: [8] Use of undefined constant s_name - assumed 's_name' E:\PHP\httpd-2.4.23-win64-VC14\Apache24\htdocs\Integral\Application\Admin\Controller\TablesController.class.php 第 115 行.
NOTIC: [8] Use of undefined constant c_name - assumed 'c_name' E:\PHP\httpd-2.4.23-win64-VC14\Apache24\htdocs\Integral\Application\Admin\Controller\TablesController.class.php 第 116 行.
NOTIC: [8] Use of undefined constant sc_number - assumed 'sc_number' E:\PHP\httpd-2.4.23-win64-VC14\Apache24\htdocs\Integral\Application\Admin\Controller\TablesController.class.php 第 117 行.
NOTIC: [8] Use of undefined constant sc_reason - assumed 'sc_reason' E:\PHP\httpd-2.4.23-win64-VC14\Apache24\htdocs\Integral\Application\Admin\Controller\TablesController.class.php 第 118 行.
NOTIC: [8] Use of undefined constant sc_time - assumed 'sc_time' E:\PHP\httpd-2.4.23-win64-VC14\Apache24\htdocs\Integral\Application\Admin\Controller\TablesController.class.php 第 119 行.
NOTIC: [8] Use of undefined constant sc_union - assumed 'sc_union' E:\PHP\httpd-2.4.23-win64-VC14\Apache24\htdocs\Integral\Application\Admin\Controller\TablesController.class.php 第 121 行.
NOTIC: [8] Use of undefined constant s_id - assumed 's_id' E:\PHP\httpd-2.4.23-win64-VC14\Apache24\htdocs\Integral\Application\Admin\Controller\TablesController.class.php 第 114 行.
NOTIC: [8] Use of undefined constant s_name - assumed 's_name' E:\PHP\httpd-2.4.23-win64-VC14\Apache24\htdocs\Integral\Application\Admin\Controller\TablesController.class.php 第 115 行.
NOTIC: [8] Use of undefined constant c_name - assumed 'c_name' E:\PHP\httpd-2.4.23-win64-VC14\Apache24\htdocs\Integral\Application\Admin\Controller\TablesController.class.php 第 116 行.
NOTIC: [8] Use of undefined constant sc_number - assumed 'sc_number' E:\PHP\httpd-2.4.23-win64-VC14\Apache24\htdocs\Integral\Application\Admin\Controller\TablesController.class.php 第 117 行.
NOTIC: [8] Use of undefined constant sc_reason - assumed 'sc_reason' E:\PHP\httpd-2.4.23-win64-VC14\Apache24\htdocs\Integral\Application\Admin\Controller\TablesController.class.php 第 118 行.
NOTIC: [8] Use of undefined constant sc_time - assumed 'sc_time' E:\PHP\httpd-2.4.23-win64-VC14\Apache24\htdocs\Integral\Application\Admin\Controller\TablesController.class.php 第 119 行.
NOTIC: [8] Use of undefined constant sc_union - assumed 'sc_union' E:\PHP\httpd-2.4.23-win64-VC14\Apache24\htdocs\Integral\Application\Admin\Controller\TablesController.class.php 第 121 行.
NOTIC: [8] Use of undefined constant s_id - assumed 's_id' E:\PHP\httpd-2.4.23-win64-VC14\Apache24\htdocs\Integral\Application\Admin\Controller\TablesController.class.php 第 114 行.
NOTIC: [8] Use of undefined constant s_name - assumed 's_name' E:\PHP\httpd-2.4.23-win64-VC14\Apache24\htdocs\Integral\Application\Admin\Controller\TablesController.class.php 第 115 行.
NOTIC: [8] Use of undefined constant c_name - assumed 'c_name' E:\PHP\httpd-2.4.23-win64-VC14\Apache24\htdocs\Integral\Application\Admin\Controller\TablesController.class.php 第 116 行.
NOTIC: [8] Use of undefined constant sc_number - assumed 'sc_number' E:\PHP\httpd-2.4.23-win64-VC14\Apache24\htdocs\Integral\Application\Admin\Controller\TablesController.class.php 第 117 行.
NOTIC: [8] Use of undefined constant sc_reason - assumed 'sc_reason' E:\PHP\httpd-2.4.23-win64-VC14\Apache24\htdocs\Integral\Application\Admin\Controller\TablesController.class.php 第 118 行.
NOTIC: [8] Use of undefined constant sc_time - assumed 'sc_time' E:\PHP\httpd-2.4.23-win64-VC14\Apache24\htdocs\Integral\Application\Admin\Controller\TablesController.class.php 第 119 行.
NOTIC: [8] Use of undefined constant sc_union - assumed 'sc_union' E:\PHP\httpd-2.4.23-win64-VC14\Apache24\htdocs\Integral\Application\Admin\Controller\TablesController.class.php 第 121 行.
NOTIC: [8] Use of undefined constant s_id - assumed 's_id' E:\PHP\httpd-2.4.23-win64-VC14\Apache24\htdocs\Integral\Application\Admin\Controller\TablesController.class.php 第 114 行.
NOTIC: [8] Use of undefined constant s_name - assumed 's_name' E:\PHP\httpd-2.4.23-win64-VC14\Apache24\htdocs\Integral\Application\Admin\Controller\TablesController.class.php 第 115 行.
NOTIC: [8] Use of undefined constant c_name - assumed 'c_name' E:\PHP\httpd-2.4.23-win64-VC14\Apache24\htdocs\Integral\Application\Admin\Controller\TablesController.class.php 第 116 行.
NOTIC: [8] Use of undefined constant sc_number - assumed 'sc_number' E:\PHP\httpd-2.4.23-win64-VC14\Apache24\htdocs\Integral\Application\Admin\Controller\TablesController.class.php 第 117 行.
NOTIC: [8] Use of undefined constant sc_reason - assumed 'sc_reason' E:\PHP\httpd-2.4.23-win64-VC14\Apache24\htdocs\Integral\Application\Admin\Controller\TablesController.class.php 第 118 行.
NOTIC: [8] Use of undefined constant sc_time - assumed 'sc_time' E:\PHP\httpd-2.4.23-win64-VC14\Apache24\htdocs\Integral\Application\Admin\Controller\TablesController.class.php 第 119 行.
NOTIC: [8] Use of undefined constant sc_union - assumed 'sc_union' E:\PHP\httpd-2.4.23-win64-VC14\Apache24\htdocs\Integral\Application\Admin\Controller\TablesController.class.php 第 121 行.
NOTIC: [8] Use of undefined constant s_id - assumed 's_id' E:\PHP\httpd-2.4.23-win64-VC14\Apache24\htdocs\Integral\Application\Admin\Controller\TablesController.class.php 第 114 行.
NOTIC: [8] Use of undefined constant s_name - assumed 's_name' E:\PHP\httpd-2.4.23-win64-VC14\Apache24\htdocs\Integral\Application\Admin\Controller\TablesController.class.php 第 115 行.
NOTIC: [8] Use of undefined constant c_name - assumed 'c_name' E:\PHP\httpd-2.4.23-win64-VC14\Apache24\htdocs\Integral\Application\Admin\Controller\TablesController.class.php 第 116 行.
NOTIC: [8] Use of undefined constant sc_number - assumed 'sc_number' E:\PHP\httpd-2.4.23-win64-VC14\Apache24\htdocs\Integral\Application\Admin\Controller\TablesController.class.php 第 117 行.
NOTIC: [8] Use of undefined constant sc_reason - assumed 'sc_reason' E:\PHP\httpd-2.4.23-win64-VC14\Apache24\htdocs\Integral\Application\Admin\Controller\TablesController.class.php 第 118 行.
NOTIC: [8] Use of undefined constant sc_time - assumed 'sc_time' E:\PHP\httpd-2.4.23-win64-VC14\Apache24\htdocs\Integral\Application\Admin\Controller\TablesController.class.php 第 119 行.
NOTIC: [8] Use of undefined constant sc_union - assumed 'sc_union' E:\PHP\httpd-2.4.23-win64-VC14\Apache24\htdocs\Integral\Application\Admin\Controller\TablesController.class.php 第 121 行.
NOTIC: [8] Use of undefined constant s_id - assumed 's_id' E:\PHP\httpd-2.4.23-win64-VC14\Apache24\htdocs\Integral\Application\Admin\Controller\TablesController.class.php 第 114 行.
NOTIC: [8] Use of undefined constant s_name - assumed 's_name' E:\PHP\httpd-2.4.23-win64-VC14\Apache24\htdocs\Integral\Application\Admin\Controller\TablesController.class.php 第 115 行.
NOTIC: [8] Use of undefined constant c_name - assumed 'c_name' E:\PHP\httpd-2.4.23-win64-VC14\Apache24\htdocs\Integral\Application\Admin\Controller\TablesController.class.php 第 116 行.
NOTIC: [8] Use of undefined constant sc_number - assumed 'sc_number' E:\PHP\httpd-2.4.23-win64-VC14\Apache24\htdocs\Integral\Application\Admin\Controller\TablesController.class.php 第 117 行.
NOTIC: [8] Use of undefined constant sc_reason - assumed 'sc_reason' E:\PHP\httpd-2.4.23-win64-VC14\Apache24\htdocs\Integral\Application\Admin\Controller\TablesController.class.php 第 118 行.
NOTIC: [8] Use of undefined constant sc_time - assumed 'sc_time' E:\PHP\httpd-2.4.23-win64-VC14\Apache24\htdocs\Integral\Application\Admin\Controller\TablesController.class.php 第 119 行.
NOTIC: [8] Use of undefined constant sc_union - assumed 'sc_union' E:\PHP\httpd-2.4.23-win64-VC14\Apache24\htdocs\Integral\Application\Admin\Controller\TablesController.class.php 第 121 行.
NOTIC: [8] Use of undefined constant s_id - assumed 's_id' E:\PHP\httpd-2.4.23-win64-VC14\Apache24\htdocs\Integral\Application\Admin\Controller\TablesController.class.php 第 114 行.
NOTIC: [8] Use of undefined constant s_name - assumed 's_name' E:\PHP\httpd-2.4.23-win64-VC14\Apache24\htdocs\Integral\Application\Admin\Controller\TablesController.class.php 第 115 行.
NOTIC: [8] Use of undefined constant c_name - assumed 'c_name' E:\PHP\httpd-2.4.23-win64-VC14\Apache24\htdocs\Integral\Application\Admin\Controller\TablesController.class.php 第 116 行.
NOTIC: [8] Use of undefined constant sc_number - assumed 'sc_number' E:\PHP\httpd-2.4.23-win64-VC14\Apache24\htdocs\Integral\Application\Admin\Controller\TablesController.class.php 第 117 行.
NOTIC: [8] Use of undefined constant sc_reason - assumed 'sc_reason' E:\PHP\httpd-2.4.23-win64-VC14\Apache24\htdocs\Integral\Application\Admin\Controller\TablesController.class.php 第 118 行.
NOTIC: [8] Use of undefined constant sc_time - assumed 'sc_time' E:\PHP\httpd-2.4.23-win64-VC14\Apache24\htdocs\Integral\Application\Admin\Controller\TablesController.class.php 第 119 行.
NOTIC: [8] Use of undefined constant sc_union - assumed 'sc_union' E:\PHP\httpd-2.4.23-win64-VC14\Apache24\htdocs\Integral\Application\Admin\Controller\TablesController.class.php 第 121 行.
NOTIC: [8] Use of undefined constant s_id - assumed 's_id' E:\PHP\httpd-2.4.23-win64-VC14\Apache24\htdocs\Integral\Application\Admin\Controller\TablesController.class.php 第 114 行.
NOTIC: [8] Use of undefined constant s_name - assumed 's_name' E:\PHP\httpd-2.4.23-win64-VC14\Apache24\htdocs\Integral\Application\Admin\Controller\TablesController.class.php 第 115 行.
NOTIC: [8] Use of undefined constant c_name - assumed 'c_name' E:\PHP\httpd-2.4.23-win64-VC14\Apache24\htdocs\Integral\Application\Admin\Controller\TablesController.class.php 第 116 行.
NOTIC: [8] Use of undefined constant sc_number - assumed 'sc_number' E:\PHP\httpd-2.4.23-win64-VC14\Apache24\htdocs\Integral\Application\Admin\Controller\TablesController.class.php 第 117 行.
NOTIC: [8] Use of undefined constant sc_reason - assumed 'sc_reason' E:\PHP\httpd-2.4.23-win64-VC14\Apache24\htdocs\Integral\Application\Admin\Controller\TablesController.class.php 第 118 行.
NOTIC: [8] Use of undefined constant sc_time - assumed 'sc_time' E:\PHP\httpd-2.4.23-win64-VC14\Apache24\htdocs\Integral\Application\Admin\Controller\TablesController.class.php 第 119 行.
NOTIC: [8] Use of undefined constant sc_union - assumed 'sc_union' E:\PHP\httpd-2.4.23-win64-VC14\Apache24\htdocs\Integral\Application\Admin\Controller\TablesController.class.php 第 121 行.
NOTIC: [8] Use of undefined constant s_id - assumed 's_id' E:\PHP\httpd-2.4.23-win64-VC14\Apache24\htdocs\Integral\Application\Admin\Controller\TablesController.class.php 第 114 行.
NOTIC: [8] Use of undefined constant s_name - assumed 's_name' E:\PHP\httpd-2.4.23-win64-VC14\Apache24\htdocs\Integral\Application\Admin\Controller\TablesController.class.php 第 115 行.
NOTIC: [8] Use of undefined constant c_name - assumed 'c_name' E:\PHP\httpd-2.4.23-win64-VC14\Apache24\htdocs\Integral\Application\Admin\Controller\TablesController.class.php 第 116 行.
NOTIC: [8] Use of undefined constant sc_number - assumed 'sc_number' E:\PHP\httpd-2.4.23-win64-VC14\Apache24\htdocs\Integral\Application\Admin\Controller\TablesController.class.php 第 117 行.
NOTIC: [8] Use of undefined constant sc_reason - assumed 'sc_reason' E:\PHP\httpd-2.4.23-win64-VC14\Apache24\htdocs\Integral\Application\Admin\Controller\TablesController.class.php 第 118 行.
NOTIC: [8] Use of undefined constant sc_time - assumed 'sc_time' E:\PHP\httpd-2.4.23-win64-VC14\Apache24\htdocs\Integral\Application\Admin\Controller\TablesController.class.php 第 119 行.
NOTIC: [8] Use of undefined constant sc_union - assumed 'sc_union' E:\PHP\httpd-2.4.23-win64-VC14\Apache24\htdocs\Integral\Application\Admin\Controller\TablesController.class.php 第 121 行.
NOTIC: [8] Use of undefined constant s_id - assumed 's_id' E:\PHP\httpd-2.4.23-win64-VC14\Apache24\htdocs\Integral\Application\Admin\Controller\TablesController.class.php 第 114 行.
NOTIC: [8] Use of undefined constant s_name - assumed 's_name' E:\PHP\httpd-2.4.23-win64-VC14\Apache24\htdocs\Integral\Application\Admin\Controller\TablesController.class.php 第 115 行.
NOTIC: [8] Use of undefined constant c_name - assumed 'c_name' E:\PHP\httpd-2.4.23-win64-VC14\Apache24\htdocs\Integral\Application\Admin\Controller\TablesController.class.php 第 116 行.
NOTIC: [8] Use of undefined constant sc_number - assumed 'sc_number' E:\PHP\httpd-2.4.23-win64-VC14\Apache24\htdocs\Integral\Application\Admin\Controller\TablesController.class.php 第 117 行.
NOTIC: [8] Use of undefined constant sc_reason - assumed 'sc_reason' E:\PHP\httpd-2.4.23-win64-VC14\Apache24\htdocs\Integral\Application\Admin\Controller\TablesController.class.php 第 118 行.
NOTIC: [8] Use of undefined constant sc_time - assumed 'sc_time' E:\PHP\httpd-2.4.23-win64-VC14\Apache24\htdocs\Integral\Application\Admin\Controller\TablesController.class.php 第 119 行.
NOTIC: [8] Use of undefined constant sc_union - assumed 'sc_union' E:\PHP\httpd-2.4.23-win64-VC14\Apache24\htdocs\Integral\Application\Admin\Controller\TablesController.class.php 第 121 行.
NOTIC: [8] Use of undefined constant s_id - assumed 's_id' E:\PHP\httpd-2.4.23-win64-VC14\Apache24\htdocs\Integral\Application\Admin\Controller\TablesController.class.php 第 114 行.
NOTIC: [8] Use of undefined constant s_name - assumed 's_name' E:\PHP\httpd-2.4.23-win64-VC14\Apache24\htdocs\Integral\Application\Admin\Controller\TablesController.class.php 第 115 行.
NOTIC: [8] Use of undefined constant c_name - assumed 'c_name' E:\PHP\httpd-2.4.23-win64-VC14\Apache24\htdocs\Integral\Application\Admin\Controller\TablesController.class.php 第 116 行.
NOTIC: [8] Use of undefined constant sc_number - assumed 'sc_number' E:\PHP\httpd-2.4.23-win64-VC14\Apache24\htdocs\Integral\Application\Admin\Controller\TablesController.class.php 第 117 行.
NOTIC: [8] Use of undefined constant sc_reason - assumed 'sc_reason' E:\PHP\httpd-2.4.23-win64-VC14\Apache24\htdocs\Integral\Application\Admin\Controller\TablesController.class.php 第 118 行.
NOTIC: [8] Use of undefined constant sc_time - assumed 'sc_time' E:\PHP\httpd-2.4.23-win64-VC14\Apache24\htdocs\Integral\Application\Admin\Controller\TablesController.class.php 第 119 行.
NOTIC: [8] Use of undefined constant sc_union - assumed 'sc_union' E:\PHP\httpd-2.4.23-win64-VC14\Apache24\htdocs\Integral\Application\Admin\Controller\TablesController.class.php 第 121 行.
NOTIC: [8] Use of undefined constant s_id - assumed 's_id' E:\PHP\httpd-2.4.23-win64-VC14\Apache24\htdocs\Integral\Application\Admin\Controller\TablesController.class.php 第 114 行.
NOTIC: [8] Use of undefined constant s_name - assumed 's_name' E:\PHP\httpd-2.4.23-win64-VC14\Apache24\htdocs\Integral\Application\Admin\Controller\TablesController.class.php 第 115 行.
NOTIC: [8] Use of undefined constant c_name - assumed 'c_name' E:\PHP\httpd-2.4.23-win64-VC14\Apache24\htdocs\Integral\Application\Admin\Controller\TablesController.class.php 第 116 行.
NOTIC: [8] Use of undefined constant sc_number - assumed 'sc_number' E:\PHP\httpd-2.4.23-win64-VC14\Apache24\htdocs\Integral\Application\Admin\Controller\TablesController.class.php 第 117 行.
NOTIC: [8] Use of undefined constant sc_reason - assumed 'sc_reason' E:\PHP\httpd-2.4.23-win64-VC14\Apache24\htdocs\Integral\Application\Admin\Controller\TablesController.class.php 第 118 行.
NOTIC: [8] Use of undefined constant sc_time - assumed 'sc_time' E:\PHP\httpd-2.4.23-win64-VC14\Apache24\htdocs\Integral\Application\Admin\Controller\TablesController.class.php 第 119 行.
NOTIC: [8] Use of undefined constant sc_union - assumed 'sc_union' E:\PHP\httpd-2.4.23-win64-VC14\Apache24\htdocs\Integral\Application\Admin\Controller\TablesController.class.php 第 121 行.
NOTIC: [8] Use of undefined constant s_id - assumed 's_id' E:\PHP\httpd-2.4.23-win64-VC14\Apache24\htdocs\Integral\Application\Admin\Controller\TablesController.class.php 第 114 行.
NOTIC: [8] Use of undefined constant s_name - assumed 's_name' E:\PHP\httpd-2.4.23-win64-VC14\Apache24\htdocs\Integral\Application\Admin\Controller\TablesController.class.php 第 115 行.
NOTIC: [8] Use of undefined constant c_name - assumed 'c_name' E:\PHP\httpd-2.4.23-win64-VC14\Apache24\htdocs\Integral\Application\Admin\Controller\TablesController.class.php 第 116 行.
NOTIC: [8] Use of undefined constant sc_number - assumed 'sc_number' E:\PHP\httpd-2.4.23-win64-VC14\Apache24\htdocs\Integral\Application\Admin\Controller\TablesController.class.php 第 117 行.
NOTIC: [8] Use of undefined constant sc_reason - assumed 'sc_reason' E:\PHP\httpd-2.4.23-win64-VC14\Apache24\htdocs\Integral\Application\Admin\Controller\TablesController.class.php 第 118 行.
NOTIC: [8] Use of undefined constant sc_time - assumed 'sc_time' E:\PHP\httpd-2.4.23-win64-VC14\Apache24\htdocs\Integral\Application\Admin\Controller\TablesController.class.php 第 119 行.
NOTIC: [8] Use of undefined constant sc_union - assumed 'sc_union' E:\PHP\httpd-2.4.23-win64-VC14\Apache24\htdocs\Integral\Application\Admin\Controller\TablesController.class.php 第 121 行.
NOTIC: [8] Use of undefined constant s_id - assumed 's_id' E:\PHP\httpd-2.4.23-win64-VC14\Apache24\htdocs\Integral\Application\Admin\Controller\TablesController.class.php 第 114 行.
NOTIC: [8] Use of undefined constant s_name - assumed 's_name' E:\PHP\httpd-2.4.23-win64-VC14\Apache24\htdocs\Integral\Application\Admin\Controller\TablesController.class.php 第 115 行.
NOTIC: [8] Use of undefined constant c_name - assumed 'c_name' E:\PHP\httpd-2.4.23-win64-VC14\Apache24\htdocs\Integral\Application\Admin\Controller\TablesController.class.php 第 116 行.
NOTIC: [8] Use of undefined constant sc_number - assumed 'sc_number' E:\PHP\httpd-2.4.23-win64-VC14\Apache24\htdocs\Integral\Application\Admin\Controller\TablesController.class.php 第 117 行.
NOTIC: [8] Use of undefined constant sc_reason - assumed 'sc_reason' E:\PHP\httpd-2.4.23-win64-VC14\Apache24\htdocs\Integral\Application\Admin\Controller\TablesController.class.php 第 118 行.
NOTIC: [8] Use of undefined constant sc_time - assumed 'sc_time' E:\PHP\httpd-2.4.23-win64-VC14\Apache24\htdocs\Integral\Application\Admin\Controller\TablesController.class.php 第 119 行.
NOTIC: [8] Use of undefined constant sc_union - assumed 'sc_union' E:\PHP\httpd-2.4.23-win64-VC14\Apache24\htdocs\Integral\Application\Admin\Controller\TablesController.class.php 第 121 行.
NOTIC: [8] Use of undefined constant s_id - assumed 's_id' E:\PHP\httpd-2.4.23-win64-VC14\Apache24\htdocs\Integral\Application\Admin\Controller\TablesController.class.php 第 114 行.
NOTIC: [8] Use of undefined constant s_name - assumed 's_name' E:\PHP\httpd-2.4.23-win64-VC14\Apache24\htdocs\Integral\Application\Admin\Controller\TablesController.class.php 第 115 行.
NOTIC: [8] Use of undefined constant c_name - assumed 'c_name' E:\PHP\httpd-2.4.23-win64-VC14\Apache24\htdocs\Integral\Application\Admin\Controller\TablesController.class.php 第 116 行.
NOTIC: [8] Use of undefined constant sc_number - assumed 'sc_number' E:\PHP\httpd-2.4.23-win64-VC14\Apache24\htdocs\Integral\Application\Admin\Controller\TablesController.class.php 第 117 行.
NOTIC: [8] Use of undefined constant sc_reason - assumed 'sc_reason' E:\PHP\httpd-2.4.23-win64-VC14\Apache24\htdocs\Integral\Application\Admin\Controller\TablesController.class.php 第 118 行.
NOTIC: [8] Use of undefined constant sc_time - assumed 'sc_time' E:\PHP\httpd-2.4.23-win64-VC14\Apache24\htdocs\Integral\Application\Admin\Controller\TablesController.class.php 第 119 行.
NOTIC: [8] Use of undefined constant sc_union - assumed 'sc_union' E:\PHP\httpd-2.4.23-win64-VC14\Apache24\htdocs\Integral\Application\Admin\Controller\TablesController.class.php 第 121 行.
NOTIC: [8] Use of undefined constant s_id - assumed 's_id' E:\PHP\httpd-2.4.23-win64-VC14\Apache24\htdocs\Integral\Application\Admin\Controller\TablesController.class.php 第 114 行.
NOTIC: [8] Use of undefined constant s_name - assumed 's_name' E:\PHP\httpd-2.4.23-win64-VC14\Apache24\htdocs\Integral\Application\Admin\Controller\TablesController.class.php 第 115 行.
NOTIC: [8] Use of undefined constant c_name - assumed 'c_name' E:\PHP\httpd-2.4.23-win64-VC14\Apache24\htdocs\Integral\Application\Admin\Controller\TablesController.class.php 第 116 行.
NOTIC: [8] Use of undefined constant sc_number - assumed 'sc_number' E:\PHP\httpd-2.4.23-win64-VC14\Apache24\htdocs\Integral\Application\Admin\Controller\TablesController.class.php 第 117 行.
NOTIC: [8] Use of undefined constant sc_reason - assumed 'sc_reason' E:\PHP\httpd-2.4.23-win64-VC14\Apache24\htdocs\Integral\Application\Admin\Controller\TablesController.class.php 第 118 行.
NOTIC: [8] Use of undefined constant sc_time - assumed 'sc_time' E:\PHP\httpd-2.4.23-win64-VC14\Apache24\htdocs\Integral\Application\Admin\Controller\TablesController.class.php 第 119 行.
NOTIC: [8] Use of undefined constant sc_union - assumed 'sc_union' E:\PHP\httpd-2.4.23-win64-VC14\Apache24\htdocs\Integral\Application\Admin\Controller\TablesController.class.php 第 121 行.
NOTIC: [8] Use of undefined constant s_id - assumed 's_id' E:\PHP\httpd-2.4.23-win64-VC14\Apache24\htdocs\Integral\Application\Admin\Controller\TablesController.class.php 第 114 行.
NOTIC: [8] Use of undefined constant s_name - assumed 's_name' E:\PHP\httpd-2.4.23-win64-VC14\Apache24\htdocs\Integral\Application\Admin\Controller\TablesController.class.php 第 115 行.
NOTIC: [8] Use of undefined constant c_name - assumed 'c_name' E:\PHP\httpd-2.4.23-win64-VC14\Apache24\htdocs\Integral\Application\Admin\Controller\TablesController.class.php 第 116 行.
NOTIC: [8] Use of undefined constant sc_number - assumed 'sc_number' E:\PHP\httpd-2.4.23-win64-VC14\Apache24\htdocs\Integral\Application\Admin\Controller\TablesController.class.php 第 117 行.
NOTIC: [8] Use of undefined constant sc_reason - assumed 'sc_reason' E:\PHP\httpd-2.4.23-win64-VC14\Apache24\htdocs\Integral\Application\Admin\Controller\TablesController.class.php 第 118 行.
NOTIC: [8] Use of undefined constant sc_time - assumed 'sc_time' E:\PHP\httpd-2.4.23-win64-VC14\Apache24\htdocs\Integral\Application\Admin\Controller\TablesController.class.php 第 119 行.
NOTIC: [8] Use of undefined constant sc_union - assumed 'sc_union' E:\PHP\httpd-2.4.23-win64-VC14\Apache24\htdocs\Integral\Application\Admin\Controller\TablesController.class.php 第 121 行.
NOTIC: [8] Use of undefined constant s_id - assumed 's_id' E:\PHP\httpd-2.4.23-win64-VC14\Apache24\htdocs\Integral\Application\Admin\Controller\TablesController.class.php 第 114 行.
NOTIC: [8] Use of undefined constant s_name - assumed 's_name' E:\PHP\httpd-2.4.23-win64-VC14\Apache24\htdocs\Integral\Application\Admin\Controller\TablesController.class.php 第 115 行.
NOTIC: [8] Use of undefined constant c_name - assumed 'c_name' E:\PHP\httpd-2.4.23-win64-VC14\Apache24\htdocs\Integral\Application\Admin\Controller\TablesController.class.php 第 116 行.
NOTIC: [8] Use of undefined constant sc_number - assumed 'sc_number' E:\PHP\httpd-2.4.23-win64-VC14\Apache24\htdocs\Integral\Application\Admin\Controller\TablesController.class.php 第 117 行.
NOTIC: [8] Use of undefined constant sc_reason - assumed 'sc_reason' E:\PHP\httpd-2.4.23-win64-VC14\Apache24\htdocs\Integral\Application\Admin\Controller\TablesController.class.php 第 118 行.
NOTIC: [8] Use of undefined constant sc_time - assumed 'sc_time' E:\PHP\httpd-2.4.23-win64-VC14\Apache24\htdocs\Integral\Application\Admin\Controller\TablesController.class.php 第 119 行.
NOTIC: [8] Use of undefined constant sc_union - assumed 'sc_union' E:\PHP\httpd-2.4.23-win64-VC14\Apache24\htdocs\Integral\Application\Admin\Controller\TablesController.class.php 第 121 行.
NOTIC: [8] Use of undefined constant s_id - assumed 's_id' E:\PHP\httpd-2.4.23-win64-VC14\Apache24\htdocs\Integral\Application\Admin\Controller\TablesController.class.php 第 114 行.
NOTIC: [8] Use of undefined constant s_name - assumed 's_name' E:\PHP\httpd-2.4.23-win64-VC14\Apache24\htdocs\Integral\Application\Admin\Controller\TablesController.class.php 第 115 行.
NOTIC: [8] Use of undefined constant c_name - assumed 'c_name' E:\PHP\httpd-2.4.23-win64-VC14\Apache24\htdocs\Integral\Application\Admin\Controller\TablesController.class.php 第 116 行.
NOTIC: [8] Use of undefined constant sc_number - assumed 'sc_number' E:\PHP\httpd-2.4.23-win64-VC14\Apache24\htdocs\Integral\Application\Admin\Controller\TablesController.class.php 第 117 行.
NOTIC: [8] Use of undefined constant sc_reason - assumed 'sc_reason' E:\PHP\httpd-2.4.23-win64-VC14\Apache24\htdocs\Integral\Application\Admin\Controller\TablesController.class.php 第 118 行.
NOTIC: [8] Use of undefined constant sc_time - assumed 'sc_time' E:\PHP\httpd-2.4.23-win64-VC14\Apache24\htdocs\Integral\Application\Admin\Controller\TablesController.class.php 第 119 行.
NOTIC: [8] Use of undefined constant sc_union - assumed 'sc_union' E:\PHP\httpd-2.4.23-win64-VC14\Apache24\htdocs\Integral\Application\Admin\Controller\TablesController.class.php 第 121 行.
NOTIC: [8] Use of undefined constant s_id - assumed 's_id' E:\PHP\httpd-2.4.23-win64-VC14\Apache24\htdocs\Integral\Application\Admin\Controller\TablesController.class.php 第 114 行.
NOTIC: [8] Use of undefined constant s_name - assumed 's_name' E:\PHP\httpd-2.4.23-win64-VC14\Apache24\htdocs\Integral\Application\Admin\Controller\TablesController.class.php 第 115 行.
NOTIC: [8] Use of undefined constant c_name - assumed 'c_name' E:\PHP\httpd-2.4.23-win64-VC14\Apache24\htdocs\Integral\Application\Admin\Controller\TablesController.class.php 第 116 行.
NOTIC: [8] Use of undefined constant sc_number - assumed 'sc_number' E:\PHP\httpd-2.4.23-win64-VC14\Apache24\htdocs\Integral\Application\Admin\Controller\TablesController.class.php 第 117 行.
NOTIC: [8] Use of undefined constant sc_reason - assumed 'sc_reason' E:\PHP\httpd-2.4.23-win64-VC14\Apache24\htdocs\Integral\Application\Admin\Controller\TablesController.class.php 第 118 行.
NOTIC: [8] Use of undefined constant sc_time - assumed 'sc_time' E:\PHP\httpd-2.4.23-win64-VC14\Apache24\htdocs\Integral\Application\Admin\Controller\TablesController.class.php 第 119 行.
NOTIC: [8] Use of undefined constant sc_union - assumed 'sc_union' E:\PHP\httpd-2.4.23-win64-VC14\Apache24\htdocs\Integral\Application\Admin\Controller\TablesController.class.php 第 121 行.
NOTIC: [8] Use of undefined constant s_id - assumed 's_id' E:\PHP\httpd-2.4.23-win64-VC14\Apache24\htdocs\Integral\Application\Admin\Controller\TablesController.class.php 第 114 行.
NOTIC: [8] Use of undefined constant s_name - assumed 's_name' E:\PHP\httpd-2.4.23-win64-VC14\Apache24\htdocs\Integral\Application\Admin\Controller\TablesController.class.php 第 115 行.
NOTIC: [8] Use of undefined constant c_name - assumed 'c_name' E:\PHP\httpd-2.4.23-win64-VC14\Apache24\htdocs\Integral\Application\Admin\Controller\TablesController.class.php 第 116 行.
NOTIC: [8] Use of undefined constant sc_number - assumed 'sc_number' E:\PHP\httpd-2.4.23-win64-VC14\Apache24\htdocs\Integral\Application\Admin\Controller\TablesController.class.php 第 117 行.
NOTIC: [8] Use of undefined constant sc_reason - assumed 'sc_reason' E:\PHP\httpd-2.4.23-win64-VC14\Apache24\htdocs\Integral\Application\Admin\Controller\TablesController.class.php 第 118 行.
NOTIC: [8] Use of undefined constant sc_time - assumed 'sc_time' E:\PHP\httpd-2.4.23-win64-VC14\Apache24\htdocs\Integral\Application\Admin\Controller\TablesController.class.php 第 119 行.
NOTIC: [8] Use of undefined constant sc_union - assumed 'sc_union' E:\PHP\httpd-2.4.23-win64-VC14\Apache24\htdocs\Integral\Application\Admin\Controller\TablesController.class.php 第 121 行.

[ 2016-10-27T15:52:48+08:00 ] ::1 /Integral/index.php/admin/Tables/tables.html
INFO: [ app_init ] --START--
INFO: Run Behavior\BuildLiteBehavior [ RunTime:0.000022s ]
INFO: [ app_init ] --END-- [ RunTime:0.029513s ]
INFO: [ app_begin ] --START--
INFO: Run Behavior\ReadHtmlCacheBehavior [ RunTime:0.011501s ]
INFO: [ app_begin ] --END-- [ RunTime:0.011579s ]
NOTIC: [8] Undefined variable: filter E:\PHP\httpd-2.4.23-win64-VC14\Apache24\htdocs\Integral\Application\Admin\Controller\TablesController.class.php 第 30 行.
SQL: SELECT COUNT(*) AS tp_count FROM `tp_scoredetail` LIMIT 1   [ RunTime:0.104498s ]
NOTIC: [8] Undefined variable: filter E:\PHP\httpd-2.4.23-win64-VC14\Apache24\htdocs\Integral\Application\Admin\Controller\TablesController.class.php 第 48 行.
SQL: SELECT * FROM `tp_scoredetail` ORDER BY id desc LIMIT 0,30   [ RunTime:0.000314s ]
INFO: [ view_parse ] --START--
INFO: [ template_filter ] --START--
INFO: Run Behavior\ContentReplaceBehavior [ RunTime:0.000229s ]
INFO: [ template_filter ] --END-- [ RunTime:0.000276s ]
INFO: Run Behavior\ParseTemplateBehavior [ RunTime:0.347370s ]
INFO: [ view_parse ] --END-- [ RunTime:0.347428s ]
INFO: [ view_filter ] --START--
INFO: Run Behavior\WriteHtmlCacheBehavior [ RunTime:0.029326s ]
INFO: [ view_filter ] --END-- [ RunTime:0.029386s ]
INFO: [ app_end ] --START--
INFO: Run Behavior\ShowPageTraceBehavior [ RunTime:0.012637s ]
INFO: [ app_end ] --END-- [ RunTime:0.012760s ]

[ 2016-10-27T15:58:22+08:00 ] ::1 /Integral/index.php/admin/Tables/tables.html
INFO: [ app_init ] --START--
INFO: Run Behavior\BuildLiteBehavior [ RunTime:0.000024s ]
INFO: [ app_init ] --END-- [ RunTime:0.000947s ]
INFO: [ app_begin ] --START--
INFO: Run Behavior\ReadHtmlCacheBehavior [ RunTime:0.001019s ]
INFO: [ app_begin ] --END-- [ RunTime:0.001092s ]
NOTIC: [8] Undefined variable: filter E:\PHP\httpd-2.4.23-win64-VC14\Apache24\htdocs\Integral\Application\Admin\Controller\TablesController.class.php 第 30 行.
SQL: SELECT COUNT(*) AS tp_count FROM `tp_scoredetail` LIMIT 1   [ RunTime:0.000129s ]
NOTIC: [8] Undefined variable: filter E:\PHP\httpd-2.4.23-win64-VC14\Apache24\htdocs\Integral\Application\Admin\Controller\TablesController.class.php 第 48 行.
SQL: SELECT * FROM `tp_scoredetail` ORDER BY id desc LIMIT 0,30   [ RunTime:0.000320s ]
INFO: [ view_parse ] --START--
INFO: [ template_filter ] --START--
INFO: Run Behavior\ContentReplaceBehavior [ RunTime:0.000227s ]
INFO: [ template_filter ] --END-- [ RunTime:0.000275s ]
INFO: Run Behavior\ParseTemplateBehavior [ RunTime:0.012890s ]
INFO: [ view_parse ] --END-- [ RunTime:0.012931s ]
INFO: [ view_filter ] --START--
INFO: Run Behavior\WriteHtmlCacheBehavior [ RunTime:0.000814s ]
INFO: [ view_filter ] --END-- [ RunTime:0.000875s ]
INFO: [ app_end ] --START--
INFO: Run Behavior\ShowPageTraceBehavior [ RunTime:0.001853s ]
INFO: [ app_end ] --END-- [ RunTime:0.001915s ]

[ 2016-10-27T15:59:36+08:00 ] ::1 /Integral/index.php/admin/Tables/tables.html
INFO: [ app_init ] --START--
INFO: Run Behavior\BuildLiteBehavior [ RunTime:0.000011s ]
INFO: [ app_init ] --END-- [ RunTime:0.000782s ]
INFO: [ app_begin ] --START--
INFO: Run Behavior\ReadHtmlCacheBehavior [ RunTime:0.003405s ]
INFO: [ app_begin ] --END-- [ RunTime:0.003482s ]
NOTIC: [8] Undefined variable: filter E:\PHP\httpd-2.4.23-win64-VC14\Apache24\htdocs\Integral\Application\Admin\Controller\TablesController.class.php 第 30 行.
SQL: SELECT COUNT(*) AS tp_count FROM `tp_scoredetail` LIMIT 1   [ RunTime:0.000189s ]
NOTIC: [8] Undefined variable: filter E:\PHP\httpd-2.4.23-win64-VC14\Apache24\htdocs\Integral\Application\Admin\Controller\TablesController.class.php 第 48 行.
SQL: SELECT * FROM `tp_scoredetail` ORDER BY id desc LIMIT 0,30   [ RunTime:0.000314s ]
INFO: [ view_parse ] --START--
INFO: [ template_filter ] --START--
INFO: Run Behavior\ContentReplaceBehavior [ RunTime:0.000393s ]
INFO: [ template_filter ] --END-- [ RunTime:0.000442s ]
INFO: Run Behavior\ParseTemplateBehavior [ RunTime:0.018905s ]
INFO: [ view_parse ] --END-- [ RunTime:0.019114s ]
INFO: [ view_filter ] --START--
INFO: Run Behavior\WriteHtmlCacheBehavior [ RunTime:0.001445s ]
INFO: [ view_filter ] --END-- [ RunTime:0.001498s ]
INFO: [ app_end ] --START--
INFO: Run Behavior\ShowPageTraceBehavior [ RunTime:0.002909s ]
INFO: [ app_end ] --END-- [ RunTime:0.003017s ]

[ 2016-10-27T16:00:41+08:00 ] ::1 /Integral/index.php/admin/Tables/tables.html
INFO: [ app_init ] --START--
INFO: Run Behavior\BuildLiteBehavior [ RunTime:0.000014s ]
INFO: [ app_init ] --END-- [ RunTime:0.000763s ]
INFO: [ app_begin ] --START--
INFO: Run Behavior\ReadHtmlCacheBehavior [ RunTime:0.001940s ]
INFO: [ app_begin ] --END-- [ RunTime:0.002003s ]
NOTIC: [8] Undefined variable: filter E:\PHP\httpd-2.4.23-win64-VC14\Apache24\htdocs\Integral\Application\Admin\Controller\TablesController.class.php 第 30 行.
SQL: SELECT COUNT(*) AS tp_count FROM `tp_scoredetail` LIMIT 1   [ RunTime:0.000193s ]
NOTIC: [8] Undefined variable: filter E:\PHP\httpd-2.4.23-win64-VC14\Apache24\htdocs\Integral\Application\Admin\Controller\TablesController.class.php 第 48 行.
SQL: SELECT * FROM `tp_scoredetail` ORDER BY id desc LIMIT 0,30   [ RunTime:0.000271s ]
INFO: [ view_parse ] --START--
INFO: [ template_filter ] --START--
INFO: Run Behavior\ContentReplaceBehavior [ RunTime:0.000206s ]
INFO: [ template_filter ] --END-- [ RunTime:0.000245s ]
INFO: Run Behavior\ParseTemplateBehavior [ RunTime:0.038513s ]
INFO: [ view_parse ] --END-- [ RunTime:0.038617s ]
INFO: [ view_filter ] --START--
INFO: Run Behavior\WriteHtmlCacheBehavior [ RunTime:0.001355s ]
INFO: [ view_filter ] --END-- [ RunTime:0.001406s ]
INFO: [ app_end ] --START--
INFO: Run Behavior\ShowPageTraceBehavior [ RunTime:0.002376s ]
INFO: [ app_end ] --END-- [ RunTime:0.002436s ]

[ 2016-10-27T16:05:13+08:00 ] ::1 /Integral/index.php/admin/Tables/tables.html
INFO: [ app_init ] --START--
INFO: Run Behavior\BuildLiteBehavior [ RunTime:0.000012s ]
INFO: [ app_init ] --END-- [ RunTime:0.000704s ]
INFO: [ app_begin ] --START--
INFO: Run Behavior\ReadHtmlCacheBehavior [ RunTime:0.010520s ]
INFO: [ app_begin ] --END-- [ RunTime:0.010593s ]
NOTIC: [8] Undefined variable: filter E:\PHP\httpd-2.4.23-win64-VC14\Apache24\htdocs\Integral\Application\Admin\Controller\TablesController.class.php 第 30 行.
SQL: SELECT COUNT(*) AS tp_count FROM `tp_scoredetail` LIMIT 1   [ RunTime:0.000178s ]
NOTIC: [8] Undefined variable: filter E:\PHP\httpd-2.4.23-win64-VC14\Apache24\htdocs\Integral\Application\Admin\Controller\TablesController.class.php 第 48 行.
SQL: SELECT * FROM `tp_scoredetail` ORDER BY id desc LIMIT 0,30   [ RunTime:0.000283s ]
INFO: [ view_parse ] --START--
INFO: [ template_filter ] --START--
INFO: Run Behavior\ContentReplaceBehavior [ RunTime:0.000547s ]
INFO: [ template_filter ] --END-- [ RunTime:0.000666s ]
INFO: Run Behavior\ParseTemplateBehavior [ RunTime:0.029220s ]
INFO: [ view_parse ] --END-- [ RunTime:0.029264s ]
INFO: [ view_filter ] --START--
INFO: Run Behavior\WriteHtmlCacheBehavior [ RunTime:0.000853s ]
INFO: [ view_filter ] --END-- [ RunTime:0.000899s ]
INFO: [ app_end ] --START--
INFO: Run Behavior\ShowPageTraceBehavior [ RunTime:0.011617s ]
INFO: [ app_end ] --END-- [ RunTime:0.011688s ]

