[ 2016-10-30T15:18:59+08:00 ] ::1 /Integral/index.php/admin/Tables/tables.html
INFO: [ app_init ] --START--
INFO: Run Behavior\BuildLiteBehavior [ RunTime:0.000026s ]
INFO: [ app_init ] --END-- [ RunTime:0.085278s ]
INFO: [ app_begin ] --START--
INFO: Run Behavior\ReadHtmlCacheBehavior [ RunTime:0.039211s ]
INFO: [ app_begin ] --END-- [ RunTime:0.039272s ]
NOTIC: [8] Undefined variable: filter E:\PHP\httpd-2.4.23-win64-VC14\Apache24\htdocs\Integral\Application\Admin\Controller\TablesController.class.php 第 30 行.
SQL: SELECT COUNT(*) AS tp_count FROM `tp_scoredetail` LIMIT 1   [ RunTime:0.104717s ]
NOTIC: [8] Undefined variable: perNum E:\PHP\httpd-2.4.23-win64-VC14\Apache24\htdocs\Integral\Application\Admin\Controller\TablesController.class.php 第 34 行.
NOTIC: [2] Division by zero E:\PHP\httpd-2.4.23-win64-VC14\Apache24\htdocs\Integral\ThinkPHP\Library\Think\Page.class.php 第 84 行.
NOTIC: [8] Undefined variable: filter E:\PHP\httpd-2.4.23-win64-VC14\Apache24\htdocs\Integral\Application\Admin\Controller\TablesController.class.php 第 48 行.
SQL: SELECT * FROM `tp_scoredetail` ORDER BY id desc  [ RunTime:0.000672s ]
INFO: [ view_parse ] --START--
INFO: [ template_filter ] --START--
INFO: Run Behavior\ContentReplaceBehavior [ RunTime:0.000239s ]
INFO: [ template_filter ] --END-- [ RunTime:0.000290s ]
INFO: Run Behavior\ParseTemplateBehavior [ RunTime:0.357770s ]
INFO: [ view_parse ] --END-- [ RunTime:0.357953s ]
INFO: [ view_filter ] --START--
INFO: Run Behavior\WriteHtmlCacheBehavior [ RunTime:0.017270s ]
INFO: [ view_filter ] --END-- [ RunTime:0.017358s ]
INFO: [ app_end ] --START--
INFO: Run Behavior\ShowPageTraceBehavior [ RunTime:0.089013s ]
INFO: [ app_end ] --END-- [ RunTime:0.089079s ]

[ 2016-10-30T15:26:57+08:00 ] ::1 /Integral/index.php/Tables/edit.html
INFO: [ app_init ] --START--
INFO: Run Behavior\BuildLiteBehavior [ RunTime:0.000055s ]
INFO: [ app_init ] --END-- [ RunTime:0.002398s ]
INFO: [ app_begin ] --START--
INFO: Run Behavior\ReadHtmlCacheBehavior [ RunTime:0.001674s ]
INFO: [ app_begin ] --END-- [ RunTime:0.001740s ]
SQL: SELECT * FROM `tp_scoredetail` WHERE ( id=156 ) LIMIT 1   [ RunTime:0.286652s ]

[ 2016-10-30T15:27:04+08:00 ] ::1 /Integral/index.php/admin/Tables/tables.html
INFO: [ app_init ] --START--
INFO: Run Behavior\BuildLiteBehavior [ RunTime:0.000009s ]
INFO: [ app_init ] --END-- [ RunTime:0.000501s ]
INFO: [ app_begin ] --START--
INFO: Run Behavior\ReadHtmlCacheBehavior [ RunTime:0.002289s ]
INFO: [ app_begin ] --END-- [ RunTime:0.002355s ]
NOTIC: [8] Undefined variable: filter E:\PHP\httpd-2.4.23-win64-VC14\Apache24\htdocs\Integral\Application\Admin\Controller\TablesController.class.php 第 30 行.
SQL: SELECT COUNT(*) AS tp_count FROM `tp_scoredetail` LIMIT 1   [ RunTime:0.000161s ]
NOTIC: [8] Undefined variable: perNum E:\PHP\httpd-2.4.23-win64-VC14\Apache24\htdocs\Integral\Application\Admin\Controller\TablesController.class.php 第 34 行.
NOTIC: [2] Division by zero E:\PHP\httpd-2.4.23-win64-VC14\Apache24\htdocs\Integral\ThinkPHP\Library\Think\Page.class.php 第 84 行.
NOTIC: [8] Undefined variable: filter E:\PHP\httpd-2.4.23-win64-VC14\Apache24\htdocs\Integral\Application\Admin\Controller\TablesController.class.php 第 48 行.
SQL: SELECT * FROM `tp_scoredetail` ORDER BY id desc  [ RunTime:0.000665s ]
INFO: [ view_parse ] --START--
INFO: [ template_filter ] --START--
INFO: Run Behavior\ContentReplaceBehavior [ RunTime:0.000223s ]
INFO: [ template_filter ] --END-- [ RunTime:0.000274s ]
INFO: Run Behavior\ParseTemplateBehavior [ RunTime:0.036087s ]
INFO: [ view_parse ] --END-- [ RunTime:0.036138s ]
INFO: [ view_filter ] --START--
INFO: Run Behavior\WriteHtmlCacheBehavior [ RunTime:0.001447s ]
INFO: [ view_filter ] --END-- [ RunTime:0.001488s ]
INFO: [ app_end ] --START--
INFO: Run Behavior\ShowPageTraceBehavior [ RunTime:0.003924s ]
INFO: [ app_end ] --END-- [ RunTime:0.004077s ]

[ 2016-10-30T15:27:16+08:00 ] ::1 /Integral/index.php/Admin/input
INFO: [ app_init ] --START--
INFO: Run Behavior\BuildLiteBehavior [ RunTime:0.000074s ]
INFO: [ app_init ] --END-- [ RunTime:0.002012s ]
INFO: [ app_begin ] --START--
INFO: Run Behavior\ReadHtmlCacheBehavior [ RunTime:0.014885s ]
INFO: [ app_begin ] --END-- [ RunTime:0.014941s ]
INFO: [ view_parse ] --START--
INFO: [ template_filter ] --START--
INFO: Run Behavior\ContentReplaceBehavior [ RunTime:0.000174s ]
INFO: [ template_filter ] --END-- [ RunTime:0.000212s ]
INFO: Run Behavior\ParseTemplateBehavior [ RunTime:0.046450s ]
INFO: [ view_parse ] --END-- [ RunTime:0.046503s ]
INFO: [ view_filter ] --START--
INFO: Run Behavior\WriteHtmlCacheBehavior [ RunTime:0.001497s ]
INFO: [ view_filter ] --END-- [ RunTime:0.001547s ]
INFO: [ app_end ] --START--
INFO: Run Behavior\ShowPageTraceBehavior [ RunTime:0.003710s ]
INFO: [ app_end ] --END-- [ RunTime:0.003822s ]

[ 2016-10-30T15:27:30+08:00 ] ::1 /Integral/index.php/Admin/login/logout
INFO: [ app_init ] --START--
INFO: Run Behavior\BuildLiteBehavior [ RunTime:0.000014s ]
INFO: [ app_init ] --END-- [ RunTime:0.000604s ]
INFO: [ app_begin ] --START--
INFO: Run Behavior\ReadHtmlCacheBehavior [ RunTime:0.002958s ]
INFO: [ app_begin ] --END-- [ RunTime:0.003051s ]
INFO: [ view_parse ] --START--
INFO: [ template_filter ] --START--
INFO: Run Behavior\ContentReplaceBehavior [ RunTime:0.000072s ]
INFO: [ template_filter ] --END-- [ RunTime:0.000140s ]
INFO: Run Behavior\ParseTemplateBehavior [ RunTime:0.014671s ]
INFO: [ view_parse ] --END-- [ RunTime:0.015002s ]
INFO: [ view_filter ] --START--
INFO: Run Behavior\WriteHtmlCacheBehavior [ RunTime:0.002332s ]
INFO: [ view_filter ] --END-- [ RunTime:0.002395s ]
INFO: [ app_end ] --START--
INFO: Run Behavior\ShowPageTraceBehavior [ RunTime:0.002409s ]
INFO: [ app_end ] --END-- [ RunTime:0.002621s ]

[ 2016-10-30T15:27:58+08:00 ] ::1 /Integral/index.php/Admin/login/login
INFO: [ app_init ] --START--
INFO: Run Behavior\BuildLiteBehavior [ RunTime:0.000021s ]
INFO: [ app_init ] --END-- [ RunTime:0.002662s ]
INFO: [ app_begin ] --START--
INFO: Run Behavior\ReadHtmlCacheBehavior [ RunTime:0.002438s ]
INFO: [ app_begin ] --END-- [ RunTime:0.002490s ]
SQL: SELECT * FROM `tp_office` WHERE `o_id` = '1231231' LIMIT 1   [ RunTime:0.080480s ]

[ 2016-10-30T15:27:59+08:00 ] ::1 /Integral/index.php/Admin/login/login
INFO: [ app_init ] --START--
INFO: Run Behavior\BuildLiteBehavior [ RunTime:0.000010s ]
INFO: [ app_init ] --END-- [ RunTime:0.000526s ]
INFO: [ app_begin ] --START--
INFO: Run Behavior\ReadHtmlCacheBehavior [ RunTime:0.001976s ]
INFO: [ app_begin ] --END-- [ RunTime:0.002073s ]
SQL: SELECT * FROM `tp_office` WHERE `o_id` = '1231231' LIMIT 1   [ RunTime:0.000168s ]

[ 2016-10-30T15:28:11+08:00 ] ::1 /Integral/index.php/Admin/login/login
INFO: [ app_init ] --START--
INFO: Run Behavior\BuildLiteBehavior [ RunTime:0.000011s ]
INFO: [ app_init ] --END-- [ RunTime:0.000740s ]
INFO: [ app_begin ] --START--
INFO: Run Behavior\ReadHtmlCacheBehavior [ RunTime:0.001811s ]
INFO: [ app_begin ] --END-- [ RunTime:0.001860s ]
SQL: SELECT * FROM `tp_office` WHERE `o_id` = '1231231' LIMIT 1   [ RunTime:0.000104s ]

[ 2016-10-30T15:28:12+08:00 ] ::1 /Integral/index.php/Admin/login/login
INFO: [ app_init ] --START--
INFO: Run Behavior\BuildLiteBehavior [ RunTime:0.000020s ]
INFO: [ app_init ] --END-- [ RunTime:0.001939s ]
INFO: [ app_begin ] --START--
INFO: Run Behavior\ReadHtmlCacheBehavior [ RunTime:0.002360s ]
INFO: [ app_begin ] --END-- [ RunTime:0.002439s ]
SQL: SELECT * FROM `tp_office` WHERE `o_id` = '1231231' LIMIT 1   [ RunTime:0.000130s ]

[ 2016-10-30T15:30:01+08:00 ] ::1 /Integral/index.php/Admin/login/login
INFO: [ app_init ] --START--
INFO: Run Behavior\BuildLiteBehavior [ RunTime:0.000029s ]
INFO: [ app_init ] --END-- [ RunTime:0.001245s ]
INFO: [ app_begin ] --START--
INFO: Run Behavior\ReadHtmlCacheBehavior [ RunTime:0.002613s ]
INFO: [ app_begin ] --END-- [ RunTime:0.002690s ]
SQL: SELECT * FROM `tp_office` WHERE `o_id` = '10001' LIMIT 1   [ RunTime:0.000880s ]
SQL: SELECT `o_name`,`o_ispower` FROM `tp_office` WHERE `o_id` = '10001' LIMIT 1   [ RunTime:0.000289s ]

[ 2016-10-30T15:30:01+08:00 ] ::1 /Integral/index.php/Admin/Tables
INFO: [ app_init ] --START--
INFO: Run Behavior\BuildLiteBehavior [ RunTime:0.000013s ]
INFO: [ app_init ] --END-- [ RunTime:0.000884s ]
INFO: [ app_begin ] --START--
INFO: Run Behavior\ReadHtmlCacheBehavior [ RunTime:0.003601s ]
INFO: [ app_begin ] --END-- [ RunTime:0.003674s ]
NOTIC: [8] Undefined index: c_name E:\PHP\httpd-2.4.23-win64-VC14\Apache24\htdocs\Integral\Application\Admin\Controller\TablesController.class.php 第 13 行.
NOTIC: [8] Undefined index: s_id E:\PHP\httpd-2.4.23-win64-VC14\Apache24\htdocs\Integral\Application\Admin\Controller\TablesController.class.php 第 14 行.
NOTIC: [8] Undefined index: sc_union E:\PHP\httpd-2.4.23-win64-VC14\Apache24\htdocs\Integral\Application\Admin\Controller\TablesController.class.php 第 15 行.
NOTIC: [8] Undefined variable: filter E:\PHP\httpd-2.4.23-win64-VC14\Apache24\htdocs\Integral\Application\Admin\Controller\TablesController.class.php 第 30 行.
SQL: SELECT COUNT(*) AS tp_count FROM `tp_scoredetail` LIMIT 1   [ RunTime:0.000169s ]
NOTIC: [8] Undefined variable: perNum E:\PHP\httpd-2.4.23-win64-VC14\Apache24\htdocs\Integral\Application\Admin\Controller\TablesController.class.php 第 34 行.
NOTIC: [2] Division by zero E:\PHP\httpd-2.4.23-win64-VC14\Apache24\htdocs\Integral\ThinkPHP\Library\Think\Page.class.php 第 84 行.
NOTIC: [8] Undefined variable: filter E:\PHP\httpd-2.4.23-win64-VC14\Apache24\htdocs\Integral\Application\Admin\Controller\TablesController.class.php 第 48 行.
SQL: SELECT * FROM `tp_scoredetail` ORDER BY id desc  [ RunTime:0.000965s ]
INFO: [ view_parse ] --START--
INFO: [ template_filter ] --START--
INFO: Run Behavior\ContentReplaceBehavior [ RunTime:0.000248s ]
INFO: [ template_filter ] --END-- [ RunTime:0.000308s ]
NOTIC: [8] Undefined index: c_name E:\PHP\httpd-2.4.23-win64-VC14\Apache24\htdocs\Integral\Application\Runtime\Cache\Admin\028392e504fc80bf64506a8dce359984.php 第 118 行.
NOTIC: [8] Undefined index: s_id E:\PHP\httpd-2.4.23-win64-VC14\Apache24\htdocs\Integral\Application\Runtime\Cache\Admin\028392e504fc80bf64506a8dce359984.php 第 121 行.
NOTIC: [8] Undefined index: sc_union E:\PHP\httpd-2.4.23-win64-VC14\Apache24\htdocs\Integral\Application\Runtime\Cache\Admin\028392e504fc80bf64506a8dce359984.php 第 124 行.
INFO: Run Behavior\ParseTemplateBehavior [ RunTime:0.021890s ]
INFO: [ view_parse ] --END-- [ RunTime:0.021963s ]
INFO: [ view_filter ] --START--
INFO: Run Behavior\WriteHtmlCacheBehavior [ RunTime:0.002411s ]
INFO: [ view_filter ] --END-- [ RunTime:0.002465s ]
INFO: [ app_end ] --START--
INFO: Run Behavior\ShowPageTraceBehavior [ RunTime:0.002894s ]
INFO: [ app_end ] --END-- [ RunTime:0.002977s ]

[ 2016-10-30T15:31:00+08:00 ] ::1 /Integral/index.php/Admin/Tables
INFO: [ app_init ] --START--
INFO: Run Behavior\BuildLiteBehavior [ RunTime:0.000015s ]
INFO: [ app_init ] --END-- [ RunTime:0.001189s ]
INFO: [ app_begin ] --START--
INFO: Run Behavior\ReadHtmlCacheBehavior [ RunTime:0.008768s ]
INFO: [ app_begin ] --END-- [ RunTime:0.008819s ]
NOTIC: [8] Undefined index: c_name E:\PHP\httpd-2.4.23-win64-VC14\Apache24\htdocs\Integral\Application\Admin\Controller\TablesController.class.php 第 13 行.
NOTIC: [8] Undefined index: s_id E:\PHP\httpd-2.4.23-win64-VC14\Apache24\htdocs\Integral\Application\Admin\Controller\TablesController.class.php 第 14 行.
NOTIC: [8] Undefined index: sc_union E:\PHP\httpd-2.4.23-win64-VC14\Apache24\htdocs\Integral\Application\Admin\Controller\TablesController.class.php 第 15 行.
NOTIC: [8] Undefined variable: filter E:\PHP\httpd-2.4.23-win64-VC14\Apache24\htdocs\Integral\Application\Admin\Controller\TablesController.class.php 第 30 行.
SQL: SELECT COUNT(*) AS tp_count FROM `tp_scoredetail` LIMIT 1   [ RunTime:0.000128s ]
NOTIC: [8] Undefined variable: perNum E:\PHP\httpd-2.4.23-win64-VC14\Apache24\htdocs\Integral\Application\Admin\Controller\TablesController.class.php 第 34 行.
NOTIC: [2] Division by zero E:\PHP\httpd-2.4.23-win64-VC14\Apache24\htdocs\Integral\ThinkPHP\Library\Think\Page.class.php 第 84 行.
NOTIC: [8] Undefined variable: filter E:\PHP\httpd-2.4.23-win64-VC14\Apache24\htdocs\Integral\Application\Admin\Controller\TablesController.class.php 第 48 行.
SQL: SELECT * FROM `tp_scoredetail` ORDER BY id desc  [ RunTime:0.000674s ]
INFO: [ view_parse ] --START--
INFO: [ template_filter ] --START--
INFO: Run Behavior\ContentReplaceBehavior [ RunTime:0.000229s ]
INFO: [ template_filter ] --END-- [ RunTime:0.000277s ]
NOTIC: [8] Undefined index: c_name E:\PHP\httpd-2.4.23-win64-VC14\Apache24\htdocs\Integral\Application\Runtime\Cache\Admin\028392e504fc80bf64506a8dce359984.php 第 118 行.
NOTIC: [8] Undefined index: s_id E:\PHP\httpd-2.4.23-win64-VC14\Apache24\htdocs\Integral\Application\Runtime\Cache\Admin\028392e504fc80bf64506a8dce359984.php 第 121 行.
NOTIC: [8] Undefined index: sc_union E:\PHP\httpd-2.4.23-win64-VC14\Apache24\htdocs\Integral\Application\Runtime\Cache\Admin\028392e504fc80bf64506a8dce359984.php 第 124 行.
INFO: Run Behavior\ParseTemplateBehavior [ RunTime:0.119241s ]
INFO: [ view_parse ] --END-- [ RunTime:0.119372s ]
INFO: [ view_filter ] --START--
INFO: Run Behavior\WriteHtmlCacheBehavior [ RunTime:0.001473s ]
INFO: [ view_filter ] --END-- [ RunTime:0.001525s ]
INFO: [ app_end ] --START--
INFO: Run Behavior\ShowPageTraceBehavior [ RunTime:0.003259s ]
INFO: [ app_end ] --END-- [ RunTime:0.003346s ]

[ 2016-10-30T15:42:00+08:00 ] ::1 /Integral/index.php/Admin/Tables/tables
INFO: [ app_init ] --START--
INFO: Run Behavior\BuildLiteBehavior [ RunTime:0.000011s ]
INFO: [ app_init ] --END-- [ RunTime:0.000674s ]
INFO: [ app_begin ] --START--
INFO: Run Behavior\ReadHtmlCacheBehavior [ RunTime:0.001897s ]
INFO: [ app_begin ] --END-- [ RunTime:0.001958s ]
NOTIC: [8] Undefined index: c_name E:\PHP\httpd-2.4.23-win64-VC14\Apache24\htdocs\Integral\Application\Admin\Controller\TablesController.class.php 第 13 行.
NOTIC: [8] Undefined index: s_id E:\PHP\httpd-2.4.23-win64-VC14\Apache24\htdocs\Integral\Application\Admin\Controller\TablesController.class.php 第 14 行.
NOTIC: [8] Undefined index: sc_union E:\PHP\httpd-2.4.23-win64-VC14\Apache24\htdocs\Integral\Application\Admin\Controller\TablesController.class.php 第 15 行.
NOTIC: [8] Undefined variable: filter E:\PHP\httpd-2.4.23-win64-VC14\Apache24\htdocs\Integral\Application\Admin\Controller\TablesController.class.php 第 30 行.
SQL: SELECT COUNT(*) AS tp_count FROM `tp_scoredetail` LIMIT 1   [ RunTime:0.000251s ]
NOTIC: [8] Undefined variable: perNum E:\PHP\httpd-2.4.23-win64-VC14\Apache24\htdocs\Integral\Application\Admin\Controller\TablesController.class.php 第 34 行.
NOTIC: [2] Division by zero E:\PHP\httpd-2.4.23-win64-VC14\Apache24\htdocs\Integral\ThinkPHP\Library\Think\Page.class.php 第 84 行.
NOTIC: [8] Undefined variable: filter E:\PHP\httpd-2.4.23-win64-VC14\Apache24\htdocs\Integral\Application\Admin\Controller\TablesController.class.php 第 48 行.
SQL: SELECT * FROM `tp_scoredetail` ORDER BY id desc  [ RunTime:0.000751s ]
INFO: [ view_parse ] --START--
INFO: [ template_filter ] --START--
INFO: Run Behavior\ContentReplaceBehavior [ RunTime:0.000210s ]
INFO: [ template_filter ] --END-- [ RunTime:0.000246s ]
NOTIC: [8] Undefined index: c_name E:\PHP\httpd-2.4.23-win64-VC14\Apache24\htdocs\Integral\Application\Runtime\Cache\Admin\028392e504fc80bf64506a8dce359984.php 第 118 行.
NOTIC: [8] Undefined index: s_id E:\PHP\httpd-2.4.23-win64-VC14\Apache24\htdocs\Integral\Application\Runtime\Cache\Admin\028392e504fc80bf64506a8dce359984.php 第 121 行.
NOTIC: [8] Undefined index: sc_union E:\PHP\httpd-2.4.23-win64-VC14\Apache24\htdocs\Integral\Application\Runtime\Cache\Admin\028392e504fc80bf64506a8dce359984.php 第 124 行.
INFO: Run Behavior\ParseTemplateBehavior [ RunTime:0.015849s ]
INFO: [ view_parse ] --END-- [ RunTime:0.015896s ]
INFO: [ view_filter ] --START--
INFO: Run Behavior\WriteHtmlCacheBehavior [ RunTime:0.001395s ]
INFO: [ view_filter ] --END-- [ RunTime:0.001434s ]
INFO: [ app_end ] --START--
INFO: Run Behavior\ShowPageTraceBehavior [ RunTime:0.002828s ]
INFO: [ app_end ] --END-- [ RunTime:0.002921s ]

[ 2016-10-30T15:42:46+08:00 ] ::1 /Integral/index.php/Admin/Tables/tables
INFO: [ app_init ] --START--
INFO: Run Behavior\BuildLiteBehavior [ RunTime:0.000013s ]
INFO: [ app_init ] --END-- [ RunTime:0.000976s ]
INFO: [ app_begin ] --START--
INFO: Run Behavior\ReadHtmlCacheBehavior [ RunTime:0.001533s ]
INFO: [ app_begin ] --END-- [ RunTime:0.001575s ]
NOTIC: [8] Undefined index: c_name E:\PHP\httpd-2.4.23-win64-VC14\Apache24\htdocs\Integral\Application\Admin\Controller\TablesController.class.php 第 13 行.
NOTIC: [8] Undefined index: s_id E:\PHP\httpd-2.4.23-win64-VC14\Apache24\htdocs\Integral\Application\Admin\Controller\TablesController.class.php 第 14 行.
NOTIC: [8] Undefined index: sc_union E:\PHP\httpd-2.4.23-win64-VC14\Apache24\htdocs\Integral\Application\Admin\Controller\TablesController.class.php 第 15 行.
NOTIC: [8] Undefined variable: filter E:\PHP\httpd-2.4.23-win64-VC14\Apache24\htdocs\Integral\Application\Admin\Controller\TablesController.class.php 第 30 行.
SQL: SELECT COUNT(*) AS tp_count FROM `tp_scoredetail` LIMIT 1   [ RunTime:0.000145s ]
NOTIC: [8] Undefined variable: perNum E:\PHP\httpd-2.4.23-win64-VC14\Apache24\htdocs\Integral\Application\Admin\Controller\TablesController.class.php 第 34 行.
NOTIC: [2] Division by zero E:\PHP\httpd-2.4.23-win64-VC14\Apache24\htdocs\Integral\ThinkPHP\Library\Think\Page.class.php 第 84 行.
NOTIC: [8] Undefined variable: filter E:\PHP\httpd-2.4.23-win64-VC14\Apache24\htdocs\Integral\Application\Admin\Controller\TablesController.class.php 第 48 行.
SQL: SELECT * FROM `tp_scoredetail` ORDER BY id desc  [ RunTime:0.000647s ]
INFO: [ view_parse ] --START--
INFO: [ template_filter ] --START--
INFO: Run Behavior\ContentReplaceBehavior [ RunTime:0.000236s ]
INFO: [ template_filter ] --END-- [ RunTime:0.000278s ]
NOTIC: [8] Undefined index: c_name E:\PHP\httpd-2.4.23-win64-VC14\Apache24\htdocs\Integral\Application\Runtime\Cache\Admin\028392e504fc80bf64506a8dce359984.php 第 118 行.
NOTIC: [8] Undefined index: s_id E:\PHP\httpd-2.4.23-win64-VC14\Apache24\htdocs\Integral\Application\Runtime\Cache\Admin\028392e504fc80bf64506a8dce359984.php 第 121 行.
NOTIC: [8] Undefined index: sc_union E:\PHP\httpd-2.4.23-win64-VC14\Apache24\htdocs\Integral\Application\Runtime\Cache\Admin\028392e504fc80bf64506a8dce359984.php 第 124 行.
INFO: Run Behavior\ParseTemplateBehavior [ RunTime:0.054442s ]
INFO: [ view_parse ] --END-- [ RunTime:0.054562s ]
INFO: [ view_filter ] --START--
INFO: Run Behavior\WriteHtmlCacheBehavior [ RunTime:0.001331s ]
INFO: [ view_filter ] --END-- [ RunTime:0.001367s ]
INFO: [ app_end ] --START--
INFO: Run Behavior\ShowPageTraceBehavior [ RunTime:0.002687s ]
INFO: [ app_end ] --END-- [ RunTime:0.002761s ]

[ 2016-10-30T15:46:03+08:00 ] ::1 /Integral/index.php/Admin/Tables/tables
INFO: [ app_init ] --START--
INFO: Run Behavior\BuildLiteBehavior [ RunTime:0.000011s ]
INFO: [ app_init ] --END-- [ RunTime:0.000649s ]
INFO: [ app_begin ] --START--
INFO: Run Behavior\ReadHtmlCacheBehavior [ RunTime:0.001974s ]
INFO: [ app_begin ] --END-- [ RunTime:0.002026s ]
NOTIC: [8] Undefined index: c_name E:\PHP\httpd-2.4.23-win64-VC14\Apache24\htdocs\Integral\Application\Admin\Controller\TablesController.class.php 第 13 行.
NOTIC: [8] Undefined index: s_id E:\PHP\httpd-2.4.23-win64-VC14\Apache24\htdocs\Integral\Application\Admin\Controller\TablesController.class.php 第 14 行.
NOTIC: [8] Undefined index: sc_union E:\PHP\httpd-2.4.23-win64-VC14\Apache24\htdocs\Integral\Application\Admin\Controller\TablesController.class.php 第 15 行.
NOTIC: [8] Undefined variable: filter E:\PHP\httpd-2.4.23-win64-VC14\Apache24\htdocs\Integral\Application\Admin\Controller\TablesController.class.php 第 30 行.
SQL: SELECT COUNT(*) AS tp_count FROM `tp_scoredetail` LIMIT 1   [ RunTime:0.000108s ]
NOTIC: [8] Undefined variable: perNum E:\PHP\httpd-2.4.23-win64-VC14\Apache24\htdocs\Integral\Application\Admin\Controller\TablesController.class.php 第 34 行.
NOTIC: [2] Division by zero E:\PHP\httpd-2.4.23-win64-VC14\Apache24\htdocs\Integral\ThinkPHP\Library\Think\Page.class.php 第 84 行.
NOTIC: [8] Undefined variable: filter E:\PHP\httpd-2.4.23-win64-VC14\Apache24\htdocs\Integral\Application\Admin\Controller\TablesController.class.php 第 48 行.
SQL: SELECT * FROM `tp_scoredetail` ORDER BY id desc  [ RunTime:0.000720s ]
INFO: [ view_parse ] --START--
INFO: [ template_filter ] --START--
INFO: Run Behavior\ContentReplaceBehavior [ RunTime:0.000267s ]
INFO: [ template_filter ] --END-- [ RunTime:0.000331s ]
NOTIC: [8] Undefined index: c_name E:\PHP\httpd-2.4.23-win64-VC14\Apache24\htdocs\Integral\Application\Runtime\Cache\Admin\028392e504fc80bf64506a8dce359984.php 第 118 行.
NOTIC: [8] Undefined index: s_id E:\PHP\httpd-2.4.23-win64-VC14\Apache24\htdocs\Integral\Application\Runtime\Cache\Admin\028392e504fc80bf64506a8dce359984.php 第 121 行.
NOTIC: [8] Undefined index: sc_union E:\PHP\httpd-2.4.23-win64-VC14\Apache24\htdocs\Integral\Application\Runtime\Cache\Admin\028392e504fc80bf64506a8dce359984.php 第 124 行.
INFO: Run Behavior\ParseTemplateBehavior [ RunTime:0.017009s ]
INFO: [ view_parse ] --END-- [ RunTime:0.017050s ]
INFO: [ view_filter ] --START--
INFO: Run Behavior\WriteHtmlCacheBehavior [ RunTime:0.001362s ]
INFO: [ view_filter ] --END-- [ RunTime:0.001405s ]
INFO: [ app_end ] --START--
INFO: Run Behavior\ShowPageTraceBehavior [ RunTime:0.003059s ]
INFO: [ app_end ] --END-- [ RunTime:0.003152s ]

[ 2016-10-30T15:50:54+08:00 ] ::1 /Integral/index.php/Admin/Tables/tables
INFO: [ app_init ] --START--
INFO: Run Behavior\BuildLiteBehavior [ RunTime:0.000011s ]
INFO: [ app_init ] --END-- [ RunTime:0.000617s ]
INFO: [ app_begin ] --START--
INFO: Run Behavior\ReadHtmlCacheBehavior [ RunTime:0.002722s ]
INFO: [ app_begin ] --END-- [ RunTime:0.002838s ]
NOTIC: [8] Undefined index: c_name E:\PHP\httpd-2.4.23-win64-VC14\Apache24\htdocs\Integral\Application\Admin\Controller\TablesController.class.php 第 13 行.
NOTIC: [8] Undefined index: s_id E:\PHP\httpd-2.4.23-win64-VC14\Apache24\htdocs\Integral\Application\Admin\Controller\TablesController.class.php 第 14 行.
NOTIC: [8] Undefined index: sc_union E:\PHP\httpd-2.4.23-win64-VC14\Apache24\htdocs\Integral\Application\Admin\Controller\TablesController.class.php 第 15 行.
NOTIC: [8] Undefined variable: filter E:\PHP\httpd-2.4.23-win64-VC14\Apache24\htdocs\Integral\Application\Admin\Controller\TablesController.class.php 第 30 行.
SQL: SELECT COUNT(*) AS tp_count FROM `tp_scoredetail` LIMIT 1   [ RunTime:0.000109s ]
NOTIC: [8] Undefined variable: perNum E:\PHP\httpd-2.4.23-win64-VC14\Apache24\htdocs\Integral\Application\Admin\Controller\TablesController.class.php 第 34 行.
NOTIC: [2] Division by zero E:\PHP\httpd-2.4.23-win64-VC14\Apache24\htdocs\Integral\ThinkPHP\Library\Think\Page.class.php 第 84 行.
NOTIC: [8] Undefined variable: filter E:\PHP\httpd-2.4.23-win64-VC14\Apache24\htdocs\Integral\Application\Admin\Controller\TablesController.class.php 第 48 行.
SQL: SELECT * FROM `tp_scoredetail` ORDER BY id desc  [ RunTime:0.000641s ]
INFO: [ view_parse ] --START--
INFO: [ template_filter ] --START--
INFO: Run Behavior\ContentReplaceBehavior [ RunTime:0.000232s ]
INFO: [ template_filter ] --END-- [ RunTime:0.000277s ]
NOTIC: [8] Undefined index: c_name E:\PHP\httpd-2.4.23-win64-VC14\Apache24\htdocs\Integral\Application\Runtime\Cache\Admin\028392e504fc80bf64506a8dce359984.php 第 118 行.
NOTIC: [8] Undefined index: s_id E:\PHP\httpd-2.4.23-win64-VC14\Apache24\htdocs\Integral\Application\Runtime\Cache\Admin\028392e504fc80bf64506a8dce359984.php 第 121 行.
NOTIC: [8] Undefined index: sc_union E:\PHP\httpd-2.4.23-win64-VC14\Apache24\htdocs\Integral\Application\Runtime\Cache\Admin\028392e504fc80bf64506a8dce359984.php 第 124 行.
INFO: Run Behavior\ParseTemplateBehavior [ RunTime:0.015545s ]
INFO: [ view_parse ] --END-- [ RunTime:0.015606s ]
INFO: [ view_filter ] --START--
INFO: Run Behavior\WriteHtmlCacheBehavior [ RunTime:0.001320s ]
INFO: [ view_filter ] --END-- [ RunTime:0.001353s ]
INFO: [ app_end ] --START--
INFO: Run Behavior\ShowPageTraceBehavior [ RunTime:0.002991s ]
INFO: [ app_end ] --END-- [ RunTime:0.003071s ]

[ 2016-10-30T15:56:49+08:00 ] ::1 /Integral/index.php/Admin/Tables/tables
INFO: [ app_init ] --START--
INFO: Run Behavior\BuildLiteBehavior [ RunTime:0.000018s ]
INFO: [ app_init ] --END-- [ RunTime:0.001118s ]
INFO: [ app_begin ] --START--
INFO: Run Behavior\ReadHtmlCacheBehavior [ RunTime:0.001812s ]
INFO: [ app_begin ] --END-- [ RunTime:0.001887s ]
NOTIC: [8] Undefined index: c_name E:\PHP\httpd-2.4.23-win64-VC14\Apache24\htdocs\Integral\Application\Admin\Controller\TablesController.class.php 第 13 行.
NOTIC: [8] Undefined index: s_id E:\PHP\httpd-2.4.23-win64-VC14\Apache24\htdocs\Integral\Application\Admin\Controller\TablesController.class.php 第 14 行.
NOTIC: [8] Undefined index: sc_union E:\PHP\httpd-2.4.23-win64-VC14\Apache24\htdocs\Integral\Application\Admin\Controller\TablesController.class.php 第 15 行.
NOTIC: [8] Undefined variable: filter E:\PHP\httpd-2.4.23-win64-VC14\Apache24\htdocs\Integral\Application\Admin\Controller\TablesController.class.php 第 30 行.
SQL: SELECT COUNT(*) AS tp_count FROM `tp_scoredetail` LIMIT 1   [ RunTime:0.000108s ]
NOTIC: [8] Undefined variable: perNum E:\PHP\httpd-2.4.23-win64-VC14\Apache24\htdocs\Integral\Application\Admin\Controller\TablesController.class.php 第 34 行.
NOTIC: [2] Division by zero E:\PHP\httpd-2.4.23-win64-VC14\Apache24\htdocs\Integral\ThinkPHP\Library\Think\Page.class.php 第 84 行.
NOTIC: [8] Undefined variable: filter E:\PHP\httpd-2.4.23-win64-VC14\Apache24\htdocs\Integral\Application\Admin\Controller\TablesController.class.php 第 48 行.
SQL: SELECT * FROM `tp_scoredetail` ORDER BY id desc  [ RunTime:0.000787s ]
INFO: [ view_parse ] --START--
INFO: [ template_filter ] --START--
INFO: Run Behavior\ContentReplaceBehavior [ RunTime:0.000260s ]
INFO: [ template_filter ] --END-- [ RunTime:0.000296s ]
NOTIC: [8] Undefined index: c_name E:\PHP\httpd-2.4.23-win64-VC14\Apache24\htdocs\Integral\Application\Runtime\Cache\Admin\028392e504fc80bf64506a8dce359984.php 第 118 行.
NOTIC: [8] Undefined index: s_id E:\PHP\httpd-2.4.23-win64-VC14\Apache24\htdocs\Integral\Application\Runtime\Cache\Admin\028392e504fc80bf64506a8dce359984.php 第 121 行.
NOTIC: [8] Undefined index: sc_union E:\PHP\httpd-2.4.23-win64-VC14\Apache24\htdocs\Integral\Application\Runtime\Cache\Admin\028392e504fc80bf64506a8dce359984.php 第 124 行.
INFO: Run Behavior\ParseTemplateBehavior [ RunTime:0.015470s ]
INFO: [ view_parse ] --END-- [ RunTime:0.015523s ]
INFO: [ view_filter ] --START--
INFO: Run Behavior\WriteHtmlCacheBehavior [ RunTime:0.003411s ]
INFO: [ view_filter ] --END-- [ RunTime:0.003451s ]
INFO: [ app_end ] --START--
INFO: Run Behavior\ShowPageTraceBehavior [ RunTime:0.003440s ]
INFO: [ app_end ] --END-- [ RunTime:0.003616s ]

[ 2016-10-30T15:58:47+08:00 ] ::1 /Integral/index.php/Admin/Tables/tables
INFO: [ app_init ] --START--
INFO: Run Behavior\BuildLiteBehavior [ RunTime:0.000013s ]
INFO: [ app_init ] --END-- [ RunTime:0.000869s ]
INFO: [ app_begin ] --START--
INFO: Run Behavior\ReadHtmlCacheBehavior [ RunTime:0.002264s ]
INFO: [ app_begin ] --END-- [ RunTime:0.002327s ]
NOTIC: [8] Undefined index: c_name E:\PHP\httpd-2.4.23-win64-VC14\Apache24\htdocs\Integral\Application\Admin\Controller\TablesController.class.php 第 13 行.
NOTIC: [8] Undefined index: s_id E:\PHP\httpd-2.4.23-win64-VC14\Apache24\htdocs\Integral\Application\Admin\Controller\TablesController.class.php 第 14 行.
NOTIC: [8] Undefined index: sc_union E:\PHP\httpd-2.4.23-win64-VC14\Apache24\htdocs\Integral\Application\Admin\Controller\TablesController.class.php 第 15 行.
NOTIC: [8] Undefined variable: filter E:\PHP\httpd-2.4.23-win64-VC14\Apache24\htdocs\Integral\Application\Admin\Controller\TablesController.class.php 第 30 行.
SQL: SELECT COUNT(*) AS tp_count FROM `tp_scoredetail` LIMIT 1   [ RunTime:0.000184s ]
NOTIC: [8] Undefined variable: perNum E:\PHP\httpd-2.4.23-win64-VC14\Apache24\htdocs\Integral\Application\Admin\Controller\TablesController.class.php 第 34 行.
NOTIC: [2] Division by zero E:\PHP\httpd-2.4.23-win64-VC14\Apache24\htdocs\Integral\ThinkPHP\Library\Think\Page.class.php 第 84 行.
NOTIC: [8] Undefined variable: filter E:\PHP\httpd-2.4.23-win64-VC14\Apache24\htdocs\Integral\Application\Admin\Controller\TablesController.class.php 第 48 行.
SQL: SELECT * FROM `tp_scoredetail` ORDER BY id desc  [ RunTime:0.000579s ]
INFO: [ view_parse ] --START--
INFO: [ template_filter ] --START--
INFO: Run Behavior\ContentReplaceBehavior [ RunTime:0.000233s ]
INFO: [ template_filter ] --END-- [ RunTime:0.000274s ]
NOTIC: [8] Undefined index: c_name E:\PHP\httpd-2.4.23-win64-VC14\Apache24\htdocs\Integral\Application\Runtime\Cache\Admin\028392e504fc80bf64506a8dce359984.php 第 118 行.
NOTIC: [8] Undefined index: s_id E:\PHP\httpd-2.4.23-win64-VC14\Apache24\htdocs\Integral\Application\Runtime\Cache\Admin\028392e504fc80bf64506a8dce359984.php 第 121 行.
NOTIC: [8] Undefined index: sc_union E:\PHP\httpd-2.4.23-win64-VC14\Apache24\htdocs\Integral\Application\Runtime\Cache\Admin\028392e504fc80bf64506a8dce359984.php 第 124 行.
INFO: Run Behavior\ParseTemplateBehavior [ RunTime:0.017419s ]
INFO: [ view_parse ] --END-- [ RunTime:0.017467s ]
INFO: [ view_filter ] --START--
INFO: Run Behavior\WriteHtmlCacheBehavior [ RunTime:0.001340s ]
INFO: [ view_filter ] --END-- [ RunTime:0.001375s ]
INFO: [ app_end ] --START--
INFO: Run Behavior\ShowPageTraceBehavior [ RunTime:0.003333s ]
INFO: [ app_end ] --END-- [ RunTime:0.003422s ]

[ 2016-10-30T16:02:15+08:00 ] ::1 /Integral/index.php/Admin/Tables/tables
INFO: [ app_init ] --START--
INFO: Run Behavior\BuildLiteBehavior [ RunTime:0.000012s ]
INFO: [ app_init ] --END-- [ RunTime:0.001183s ]
INFO: [ app_begin ] --START--
INFO: Run Behavior\ReadHtmlCacheBehavior [ RunTime:0.001544s ]
INFO: [ app_begin ] --END-- [ RunTime:0.001595s ]
NOTIC: [8] Undefined index: c_name E:\PHP\httpd-2.4.23-win64-VC14\Apache24\htdocs\Integral\Application\Admin\Controller\TablesController.class.php 第 13 行.
NOTIC: [8] Undefined index: s_id E:\PHP\httpd-2.4.23-win64-VC14\Apache24\htdocs\Integral\Application\Admin\Controller\TablesController.class.php 第 14 行.
NOTIC: [8] Undefined index: sc_union E:\PHP\httpd-2.4.23-win64-VC14\Apache24\htdocs\Integral\Application\Admin\Controller\TablesController.class.php 第 15 行.
NOTIC: [8] Undefined variable: filter E:\PHP\httpd-2.4.23-win64-VC14\Apache24\htdocs\Integral\Application\Admin\Controller\TablesController.class.php 第 30 行.
SQL: SELECT COUNT(*) AS tp_count FROM `tp_scoredetail` LIMIT 1   [ RunTime:0.000135s ]
NOTIC: [8] Undefined variable: perNum E:\PHP\httpd-2.4.23-win64-VC14\Apache24\htdocs\Integral\Application\Admin\Controller\TablesController.class.php 第 34 行.
NOTIC: [2] Division by zero E:\PHP\httpd-2.4.23-win64-VC14\Apache24\htdocs\Integral\ThinkPHP\Library\Think\Page.class.php 第 84 行.
NOTIC: [8] Undefined variable: filter E:\PHP\httpd-2.4.23-win64-VC14\Apache24\htdocs\Integral\Application\Admin\Controller\TablesController.class.php 第 48 行.
SQL: SELECT * FROM `tp_scoredetail` ORDER BY id desc  [ RunTime:0.000646s ]
INFO: [ view_parse ] --START--
INFO: [ template_filter ] --START--
INFO: Run Behavior\ContentReplaceBehavior [ RunTime:0.000423s ]
INFO: [ template_filter ] --END-- [ RunTime:0.000512s ]
NOTIC: [8] Undefined index: c_name E:\PHP\httpd-2.4.23-win64-VC14\Apache24\htdocs\Integral\Application\Runtime\Cache\Admin\028392e504fc80bf64506a8dce359984.php 第 118 行.
NOTIC: [8] Undefined index: s_id E:\PHP\httpd-2.4.23-win64-VC14\Apache24\htdocs\Integral\Application\Runtime\Cache\Admin\028392e504fc80bf64506a8dce359984.php 第 121 行.
NOTIC: [8] Undefined index: sc_union E:\PHP\httpd-2.4.23-win64-VC14\Apache24\htdocs\Integral\Application\Runtime\Cache\Admin\028392e504fc80bf64506a8dce359984.php 第 124 行.
INFO: Run Behavior\ParseTemplateBehavior [ RunTime:0.034853s ]
INFO: [ view_parse ] --END-- [ RunTime:0.034930s ]
INFO: [ view_filter ] --START--
INFO: Run Behavior\WriteHtmlCacheBehavior [ RunTime:0.001749s ]
INFO: [ view_filter ] --END-- [ RunTime:0.001797s ]
INFO: [ app_end ] --START--
INFO: Run Behavior\ShowPageTraceBehavior [ RunTime:0.002463s ]
INFO: [ app_end ] --END-- [ RunTime:0.002549s ]

[ 2016-10-30T16:04:12+08:00 ] ::1 /Integral/index.php/Admin/Tables/tables
INFO: [ app_init ] --START--
INFO: Run Behavior\BuildLiteBehavior [ RunTime:0.000013s ]
INFO: [ app_init ] --END-- [ RunTime:0.001500s ]
INFO: [ app_begin ] --START--
INFO: Run Behavior\ReadHtmlCacheBehavior [ RunTime:0.001239s ]
INFO: [ app_begin ] --END-- [ RunTime:0.001286s ]
NOTIC: [8] Undefined index: c_name E:\PHP\httpd-2.4.23-win64-VC14\Apache24\htdocs\Integral\Application\Admin\Controller\TablesController.class.php 第 13 行.
NOTIC: [8] Undefined index: s_id E:\PHP\httpd-2.4.23-win64-VC14\Apache24\htdocs\Integral\Application\Admin\Controller\TablesController.class.php 第 14 行.
NOTIC: [8] Undefined index: sc_union E:\PHP\httpd-2.4.23-win64-VC14\Apache24\htdocs\Integral\Application\Admin\Controller\TablesController.class.php 第 15 行.
NOTIC: [8] Undefined variable: filter E:\PHP\httpd-2.4.23-win64-VC14\Apache24\htdocs\Integral\Application\Admin\Controller\TablesController.class.php 第 30 行.
SQL: SELECT COUNT(*) AS tp_count FROM `tp_scoredetail` LIMIT 1   [ RunTime:0.000114s ]
NOTIC: [8] Undefined variable: perNum E:\PHP\httpd-2.4.23-win64-VC14\Apache24\htdocs\Integral\Application\Admin\Controller\TablesController.class.php 第 34 行.
NOTIC: [2] Division by zero E:\PHP\httpd-2.4.23-win64-VC14\Apache24\htdocs\Integral\ThinkPHP\Library\Think\Page.class.php 第 84 行.
NOTIC: [8] Undefined variable: filter E:\PHP\httpd-2.4.23-win64-VC14\Apache24\htdocs\Integral\Application\Admin\Controller\TablesController.class.php 第 48 行.
SQL: SELECT * FROM `tp_scoredetail` ORDER BY id desc  [ RunTime:0.000669s ]
INFO: [ view_parse ] --START--
INFO: [ template_filter ] --START--
INFO: Run Behavior\ContentReplaceBehavior [ RunTime:0.000253s ]
INFO: [ template_filter ] --END-- [ RunTime:0.000321s ]
NOTIC: [8] Undefined index: c_name E:\PHP\httpd-2.4.23-win64-VC14\Apache24\htdocs\Integral\Application\Runtime\Cache\Admin\028392e504fc80bf64506a8dce359984.php 第 118 行.
NOTIC: [8] Undefined index: s_id E:\PHP\httpd-2.4.23-win64-VC14\Apache24\htdocs\Integral\Application\Runtime\Cache\Admin\028392e504fc80bf64506a8dce359984.php 第 121 行.
NOTIC: [8] Undefined index: sc_union E:\PHP\httpd-2.4.23-win64-VC14\Apache24\htdocs\Integral\Application\Runtime\Cache\Admin\028392e504fc80bf64506a8dce359984.php 第 124 行.
INFO: Run Behavior\ParseTemplateBehavior [ RunTime:0.036832s ]
INFO: [ view_parse ] --END-- [ RunTime:0.036887s ]
INFO: [ view_filter ] --START--
INFO: Run Behavior\WriteHtmlCacheBehavior [ RunTime:0.000997s ]
INFO: [ view_filter ] --END-- [ RunTime:0.001037s ]
INFO: [ app_end ] --START--
INFO: Run Behavior\ShowPageTraceBehavior [ RunTime:0.001987s ]
INFO: [ app_end ] --END-- [ RunTime:0.002064s ]

[ 2016-10-30T16:04:52+08:00 ] ::1 /Integral/index.php/Admin/Tables/tables
INFO: [ app_init ] --START--
INFO: Run Behavior\BuildLiteBehavior [ RunTime:0.000013s ]
INFO: [ app_init ] --END-- [ RunTime:0.000929s ]
INFO: [ app_begin ] --START--
INFO: Run Behavior\ReadHtmlCacheBehavior [ RunTime:0.001859s ]
INFO: [ app_begin ] --END-- [ RunTime:0.001906s ]
NOTIC: [8] Undefined index: c_name E:\PHP\httpd-2.4.23-win64-VC14\Apache24\htdocs\Integral\Application\Admin\Controller\TablesController.class.php 第 13 行.
NOTIC: [8] Undefined index: s_id E:\PHP\httpd-2.4.23-win64-VC14\Apache24\htdocs\Integral\Application\Admin\Controller\TablesController.class.php 第 14 行.
NOTIC: [8] Undefined index: sc_union E:\PHP\httpd-2.4.23-win64-VC14\Apache24\htdocs\Integral\Application\Admin\Controller\TablesController.class.php 第 15 行.
NOTIC: [8] Undefined variable: filter E:\PHP\httpd-2.4.23-win64-VC14\Apache24\htdocs\Integral\Application\Admin\Controller\TablesController.class.php 第 30 行.
SQL: SELECT COUNT(*) AS tp_count FROM `tp_scoredetail` LIMIT 1   [ RunTime:0.000112s ]
NOTIC: [8] Undefined variable: perNum E:\PHP\httpd-2.4.23-win64-VC14\Apache24\htdocs\Integral\Application\Admin\Controller\TablesController.class.php 第 34 行.
NOTIC: [2] Division by zero E:\PHP\httpd-2.4.23-win64-VC14\Apache24\htdocs\Integral\ThinkPHP\Library\Think\Page.class.php 第 84 行.
NOTIC: [8] Undefined variable: filter E:\PHP\httpd-2.4.23-win64-VC14\Apache24\htdocs\Integral\Application\Admin\Controller\TablesController.class.php 第 48 行.
SQL: SELECT * FROM `tp_scoredetail` ORDER BY id desc  [ RunTime:0.000740s ]
INFO: [ view_parse ] --START--
INFO: [ template_filter ] --START--
INFO: Run Behavior\ContentReplaceBehavior [ RunTime:0.000242s ]
INFO: [ template_filter ] --END-- [ RunTime:0.000294s ]
NOTIC: [8] Undefined index: c_name E:\PHP\httpd-2.4.23-win64-VC14\Apache24\htdocs\Integral\Application\Runtime\Cache\Admin\028392e504fc80bf64506a8dce359984.php 第 118 行.
NOTIC: [8] Undefined index: s_id E:\PHP\httpd-2.4.23-win64-VC14\Apache24\htdocs\Integral\Application\Runtime\Cache\Admin\028392e504fc80bf64506a8dce359984.php 第 121 行.
NOTIC: [8] Undefined index: sc_union E:\PHP\httpd-2.4.23-win64-VC14\Apache24\htdocs\Integral\Application\Runtime\Cache\Admin\028392e504fc80bf64506a8dce359984.php 第 124 行.
INFO: Run Behavior\ParseTemplateBehavior [ RunTime:0.024759s ]
INFO: [ view_parse ] --END-- [ RunTime:0.024851s ]
INFO: [ view_filter ] --START--
INFO: Run Behavior\WriteHtmlCacheBehavior [ RunTime:0.001448s ]
INFO: [ view_filter ] --END-- [ RunTime:0.001491s ]
INFO: [ app_end ] --START--
INFO: Run Behavior\ShowPageTraceBehavior [ RunTime:0.004526s ]
INFO: [ app_end ] --END-- [ RunTime:0.004615s ]

[ 2016-10-30T16:05:37+08:00 ] ::1 /Integral/index.php/Admin/Tables/tables
INFO: [ app_init ] --START--
INFO: Run Behavior\BuildLiteBehavior [ RunTime:0.000012s ]
INFO: [ app_init ] --END-- [ RunTime:0.000790s ]
INFO: [ app_begin ] --START--
INFO: Run Behavior\ReadHtmlCacheBehavior [ RunTime:0.001782s ]
INFO: [ app_begin ] --END-- [ RunTime:0.001871s ]
NOTIC: [8] Undefined index: c_name E:\PHP\httpd-2.4.23-win64-VC14\Apache24\htdocs\Integral\Application\Admin\Controller\TablesController.class.php 第 13 行.
NOTIC: [8] Undefined index: s_id E:\PHP\httpd-2.4.23-win64-VC14\Apache24\htdocs\Integral\Application\Admin\Controller\TablesController.class.php 第 14 行.
NOTIC: [8] Undefined index: sc_union E:\PHP\httpd-2.4.23-win64-VC14\Apache24\htdocs\Integral\Application\Admin\Controller\TablesController.class.php 第 15 行.
NOTIC: [8] Undefined variable: filter E:\PHP\httpd-2.4.23-win64-VC14\Apache24\htdocs\Integral\Application\Admin\Controller\TablesController.class.php 第 30 行.
SQL: SELECT COUNT(*) AS tp_count FROM `tp_scoredetail` LIMIT 1   [ RunTime:0.000105s ]
NOTIC: [8] Undefined variable: perNum E:\PHP\httpd-2.4.23-win64-VC14\Apache24\htdocs\Integral\Application\Admin\Controller\TablesController.class.php 第 34 行.
NOTIC: [2] Division by zero E:\PHP\httpd-2.4.23-win64-VC14\Apache24\htdocs\Integral\ThinkPHP\Library\Think\Page.class.php 第 84 行.
NOTIC: [8] Undefined variable: filter E:\PHP\httpd-2.4.23-win64-VC14\Apache24\htdocs\Integral\Application\Admin\Controller\TablesController.class.php 第 48 行.
SQL: SELECT * FROM `tp_scoredetail` ORDER BY id desc  [ RunTime:0.000645s ]
INFO: [ view_parse ] --START--
INFO: [ template_filter ] --START--
INFO: Run Behavior\ContentReplaceBehavior [ RunTime:0.000230s ]
INFO: [ template_filter ] --END-- [ RunTime:0.000268s ]
NOTIC: [8] Undefined index: c_name E:\PHP\httpd-2.4.23-win64-VC14\Apache24\htdocs\Integral\Application\Runtime\Cache\Admin\028392e504fc80bf64506a8dce359984.php 第 118 行.
NOTIC: [8] Undefined index: s_id E:\PHP\httpd-2.4.23-win64-VC14\Apache24\htdocs\Integral\Application\Runtime\Cache\Admin\028392e504fc80bf64506a8dce359984.php 第 121 行.
NOTIC: [8] Undefined index: sc_union E:\PHP\httpd-2.4.23-win64-VC14\Apache24\htdocs\Integral\Application\Runtime\Cache\Admin\028392e504fc80bf64506a8dce359984.php 第 124 行.
INFO: Run Behavior\ParseTemplateBehavior [ RunTime:0.014716s ]
INFO: [ view_parse ] --END-- [ RunTime:0.014754s ]
INFO: [ view_filter ] --START--
INFO: Run Behavior\WriteHtmlCacheBehavior [ RunTime:0.001531s ]
INFO: [ view_filter ] --END-- [ RunTime:0.001568s ]
INFO: [ app_end ] --START--
INFO: Run Behavior\ShowPageTraceBehavior [ RunTime:0.002290s ]
INFO: [ app_end ] --END-- [ RunTime:0.002377s ]

[ 2016-10-30T16:07:13+08:00 ] ::1 /Integral/index.php/admin/Tables/tables.html
INFO: [ app_init ] --START--
INFO: Run Behavior\BuildLiteBehavior [ RunTime:0.000011s ]
INFO: [ app_init ] --END-- [ RunTime:0.000532s ]
INFO: [ app_begin ] --START--
INFO: Run Behavior\ReadHtmlCacheBehavior [ RunTime:0.001421s ]
INFO: [ app_begin ] --END-- [ RunTime:0.001475s ]
NOTIC: [8] Undefined variable: filter E:\PHP\httpd-2.4.23-win64-VC14\Apache24\htdocs\Integral\Application\Admin\Controller\TablesController.class.php 第 30 行.
SQL: SELECT COUNT(*) AS tp_count FROM `tp_scoredetail` LIMIT 1   [ RunTime:0.000152s ]
NOTIC: [8] Undefined variable: perNum E:\PHP\httpd-2.4.23-win64-VC14\Apache24\htdocs\Integral\Application\Admin\Controller\TablesController.class.php 第 34 行.
NOTIC: [2] Division by zero E:\PHP\httpd-2.4.23-win64-VC14\Apache24\htdocs\Integral\ThinkPHP\Library\Think\Page.class.php 第 84 行.
NOTIC: [8] Undefined variable: filter E:\PHP\httpd-2.4.23-win64-VC14\Apache24\htdocs\Integral\Application\Admin\Controller\TablesController.class.php 第 48 行.
SQL: SELECT * FROM `tp_scoredetail` ORDER BY id desc  [ RunTime:0.000625s ]
INFO: [ view_parse ] --START--
INFO: [ template_filter ] --START--
INFO: Run Behavior\ContentReplaceBehavior [ RunTime:0.000224s ]
INFO: [ template_filter ] --END-- [ RunTime:0.000270s ]
INFO: Run Behavior\ParseTemplateBehavior [ RunTime:0.017041s ]
INFO: [ view_parse ] --END-- [ RunTime:0.017092s ]
INFO: [ view_filter ] --START--
INFO: Run Behavior\WriteHtmlCacheBehavior [ RunTime:0.001441s ]
INFO: [ view_filter ] --END-- [ RunTime:0.001479s ]
INFO: [ app_end ] --START--
INFO: Run Behavior\ShowPageTraceBehavior [ RunTime:0.002726s ]
INFO: [ app_end ] --END-- [ RunTime:0.002819s ]

[ 2016-10-30T16:09:56+08:00 ] ::1 /Integral/index.php/admin/Tables/tables.html
INFO: [ app_init ] --START--
INFO: Run Behavior\BuildLiteBehavior [ RunTime:0.000010s ]
INFO: [ app_init ] --END-- [ RunTime:0.000624s ]
INFO: [ app_begin ] --START--
INFO: Run Behavior\ReadHtmlCacheBehavior [ RunTime:0.002195s ]
INFO: [ app_begin ] --END-- [ RunTime:0.002265s ]
NOTIC: [8] Undefined variable: filter E:\PHP\httpd-2.4.23-win64-VC14\Apache24\htdocs\Integral\Application\Admin\Controller\TablesController.class.php 第 30 行.
SQL: SELECT COUNT(*) AS tp_count FROM `tp_scoredetail` LIMIT 1   [ RunTime:0.000110s ]
NOTIC: [8] Undefined variable: perNum E:\PHP\httpd-2.4.23-win64-VC14\Apache24\htdocs\Integral\Application\Admin\Controller\TablesController.class.php 第 34 行.
NOTIC: [2] Division by zero E:\PHP\httpd-2.4.23-win64-VC14\Apache24\htdocs\Integral\ThinkPHP\Library\Think\Page.class.php 第 84 行.
NOTIC: [8] Undefined variable: filter E:\PHP\httpd-2.4.23-win64-VC14\Apache24\htdocs\Integral\Application\Admin\Controller\TablesController.class.php 第 48 行.
SQL: SELECT * FROM `tp_scoredetail` ORDER BY id desc  [ RunTime:0.000960s ]
INFO: [ view_parse ] --START--
INFO: [ template_filter ] --START--
INFO: Run Behavior\ContentReplaceBehavior [ RunTime:0.000269s ]
INFO: [ template_filter ] --END-- [ RunTime:0.000347s ]
INFO: Run Behavior\ParseTemplateBehavior [ RunTime:0.018781s ]
INFO: [ view_parse ] --END-- [ RunTime:0.018834s ]
INFO: [ view_filter ] --START--
INFO: Run Behavior\WriteHtmlCacheBehavior [ RunTime:0.001962s ]
INFO: [ view_filter ] --END-- [ RunTime:0.002030s ]
INFO: [ app_end ] --START--
INFO: Run Behavior\ShowPageTraceBehavior [ RunTime:0.002475s ]
INFO: [ app_end ] --END-- [ RunTime:0.002552s ]

[ 2016-10-30T16:16:49+08:00 ] ::1 /Integral/index.php/admin/Tables/tables.html
INFO: [ app_init ] --START--
INFO: Run Behavior\BuildLiteBehavior [ RunTime:0.000019s ]
INFO: [ app_init ] --END-- [ RunTime:0.000866s ]
INFO: [ app_begin ] --START--
INFO: Run Behavior\ReadHtmlCacheBehavior [ RunTime:0.001543s ]
INFO: [ app_begin ] --END-- [ RunTime:0.001602s ]
NOTIC: [8] Undefined variable: filter E:\PHP\httpd-2.4.23-win64-VC14\Apache24\htdocs\Integral\Application\Admin\Controller\TablesController.class.php 第 30 行.
SQL: SELECT COUNT(*) AS tp_count FROM `tp_scoredetail` LIMIT 1   [ RunTime:0.000104s ]
NOTIC: [8] Undefined variable: perNum E:\PHP\httpd-2.4.23-win64-VC14\Apache24\htdocs\Integral\Application\Admin\Controller\TablesController.class.php 第 34 行.
NOTIC: [2] Division by zero E:\PHP\httpd-2.4.23-win64-VC14\Apache24\htdocs\Integral\ThinkPHP\Library\Think\Page.class.php 第 84 行.
NOTIC: [8] Undefined variable: filter E:\PHP\httpd-2.4.23-win64-VC14\Apache24\htdocs\Integral\Application\Admin\Controller\TablesController.class.php 第 48 行.
SQL: SELECT * FROM `tp_scoredetail` ORDER BY id desc  [ RunTime:0.000624s ]
INFO: [ view_parse ] --START--
INFO: [ template_filter ] --START--
INFO: Run Behavior\ContentReplaceBehavior [ RunTime:0.000281s ]
INFO: [ template_filter ] --END-- [ RunTime:0.000368s ]
INFO: Run Behavior\ParseTemplateBehavior [ RunTime:0.019612s ]
INFO: [ view_parse ] --END-- [ RunTime:0.019690s ]
INFO: [ view_filter ] --START--
INFO: Run Behavior\WriteHtmlCacheBehavior [ RunTime:0.002197s ]
INFO: [ view_filter ] --END-- [ RunTime:0.002270s ]
INFO: [ app_end ] --START--
INFO: Run Behavior\ShowPageTraceBehavior [ RunTime:0.004198s ]
INFO: [ app_end ] --END-- [ RunTime:0.004304s ]

[ 2016-10-30T16:17:09+08:00 ] ::1 /Integral/index.php/admin/Tables/tables.html
INFO: [ app_init ] --START--
INFO: Run Behavior\BuildLiteBehavior [ RunTime:0.000010s ]
INFO: [ app_init ] --END-- [ RunTime:0.000586s ]
INFO: [ app_begin ] --START--
INFO: Run Behavior\ReadHtmlCacheBehavior [ RunTime:0.001520s ]
INFO: [ app_begin ] --END-- [ RunTime:0.001594s ]
NOTIC: [8] Undefined variable: filter E:\PHP\httpd-2.4.23-win64-VC14\Apache24\htdocs\Integral\Application\Admin\Controller\TablesController.class.php 第 30 行.
SQL: SELECT COUNT(*) AS tp_count FROM `tp_scoredetail` LIMIT 1   [ RunTime:0.000148s ]
NOTIC: [8] Undefined variable: perNum E:\PHP\httpd-2.4.23-win64-VC14\Apache24\htdocs\Integral\Application\Admin\Controller\TablesController.class.php 第 34 行.
NOTIC: [2] Division by zero E:\PHP\httpd-2.4.23-win64-VC14\Apache24\htdocs\Integral\ThinkPHP\Library\Think\Page.class.php 第 84 行.
NOTIC: [8] Undefined variable: filter E:\PHP\httpd-2.4.23-win64-VC14\Apache24\htdocs\Integral\Application\Admin\Controller\TablesController.class.php 第 48 行.
SQL: SELECT * FROM `tp_scoredetail` ORDER BY id desc  [ RunTime:0.000871s ]
INFO: [ view_parse ] --START--
INFO: [ template_filter ] --START--
INFO: Run Behavior\ContentReplaceBehavior [ RunTime:0.000233s ]
INFO: [ template_filter ] --END-- [ RunTime:0.000289s ]
INFO: Run Behavior\ParseTemplateBehavior [ RunTime:0.024700s ]
INFO: [ view_parse ] --END-- [ RunTime:0.024863s ]
INFO: [ view_filter ] --START--
INFO: Run Behavior\WriteHtmlCacheBehavior [ RunTime:0.001477s ]
INFO: [ view_filter ] --END-- [ RunTime:0.001559s ]
INFO: [ app_end ] --START--
INFO: Run Behavior\ShowPageTraceBehavior [ RunTime:0.007289s ]
INFO: [ app_end ] --END-- [ RunTime:0.007378s ]

[ 2016-10-30T16:20:51+08:00 ] ::1 /Integral/index.php/admin/Tables/tables.html
INFO: [ app_init ] --START--
INFO: Run Behavior\BuildLiteBehavior [ RunTime:0.000015s ]
INFO: [ app_init ] --END-- [ RunTime:0.000961s ]
INFO: [ app_begin ] --START--
INFO: Run Behavior\ReadHtmlCacheBehavior [ RunTime:0.003180s ]
INFO: [ app_begin ] --END-- [ RunTime:0.003246s ]
NOTIC: [8] Undefined variable: filter E:\PHP\httpd-2.4.23-win64-VC14\Apache24\htdocs\Integral\Application\Admin\Controller\TablesController.class.php 第 30 行.
SQL: SELECT COUNT(*) AS tp_count FROM `tp_scoredetail` LIMIT 1   [ RunTime:0.000154s ]
NOTIC: [8] Undefined variable: perNum E:\PHP\httpd-2.4.23-win64-VC14\Apache24\htdocs\Integral\Application\Admin\Controller\TablesController.class.php 第 34 行.
NOTIC: [2] Division by zero E:\PHP\httpd-2.4.23-win64-VC14\Apache24\htdocs\Integral\ThinkPHP\Library\Think\Page.class.php 第 84 行.
NOTIC: [8] Undefined variable: filter E:\PHP\httpd-2.4.23-win64-VC14\Apache24\htdocs\Integral\Application\Admin\Controller\TablesController.class.php 第 48 行.
SQL: SELECT * FROM `tp_scoredetail` ORDER BY id desc  [ RunTime:0.000940s ]
INFO: [ view_parse ] --START--
INFO: [ template_filter ] --START--
INFO: Run Behavior\ContentReplaceBehavior [ RunTime:0.000231s ]
INFO: [ template_filter ] --END-- [ RunTime:0.000270s ]
INFO: Run Behavior\ParseTemplateBehavior [ RunTime:0.022221s ]
INFO: [ view_parse ] --END-- [ RunTime:0.022384s ]
INFO: [ view_filter ] --START--
INFO: Run Behavior\WriteHtmlCacheBehavior [ RunTime:0.002442s ]
INFO: [ view_filter ] --END-- [ RunTime:0.002513s ]
INFO: [ app_end ] --START--
INFO: Run Behavior\ShowPageTraceBehavior [ RunTime:0.003649s ]
INFO: [ app_end ] --END-- [ RunTime:0.003754s ]

[ 2016-10-30T16:21:18+08:00 ] ::1 /Integral/index.php/admin/Tables/tables.html
INFO: [ app_init ] --START--
INFO: Run Behavior\BuildLiteBehavior [ RunTime:0.000015s ]
INFO: [ app_init ] --END-- [ RunTime:0.001133s ]
INFO: [ app_begin ] --START--
INFO: Run Behavior\ReadHtmlCacheBehavior [ RunTime:0.002282s ]
INFO: [ app_begin ] --END-- [ RunTime:0.002348s ]
NOTIC: [8] Undefined variable: filter E:\PHP\httpd-2.4.23-win64-VC14\Apache24\htdocs\Integral\Application\Admin\Controller\TablesController.class.php 第 30 行.
SQL: SELECT COUNT(*) AS tp_count FROM `tp_scoredetail` LIMIT 1   [ RunTime:0.000088s ]
NOTIC: [8] Undefined variable: perNum E:\PHP\httpd-2.4.23-win64-VC14\Apache24\htdocs\Integral\Application\Admin\Controller\TablesController.class.php 第 34 行.
NOTIC: [2] Division by zero E:\PHP\httpd-2.4.23-win64-VC14\Apache24\htdocs\Integral\ThinkPHP\Library\Think\Page.class.php 第 84 行.
NOTIC: [8] Undefined variable: filter E:\PHP\httpd-2.4.23-win64-VC14\Apache24\htdocs\Integral\Application\Admin\Controller\TablesController.class.php 第 48 行.
SQL: SELECT * FROM `tp_scoredetail` ORDER BY id desc  [ RunTime:0.000778s ]
INFO: [ view_parse ] --START--
INFO: [ template_filter ] --START--
INFO: Run Behavior\ContentReplaceBehavior [ RunTime:0.000234s ]
INFO: [ template_filter ] --END-- [ RunTime:0.000282s ]
INFO: Run Behavior\ParseTemplateBehavior [ RunTime:0.017805s ]
INFO: [ view_parse ] --END-- [ RunTime:0.017854s ]
INFO: [ view_filter ] --START--
INFO: Run Behavior\WriteHtmlCacheBehavior [ RunTime:0.002195s ]
INFO: [ view_filter ] --END-- [ RunTime:0.002244s ]
INFO: [ app_end ] --START--
INFO: Run Behavior\ShowPageTraceBehavior [ RunTime:0.003643s ]
INFO: [ app_end ] --END-- [ RunTime:0.003720s ]

[ 2016-10-30T16:25:21+08:00 ] ::1 /Integral/index.php/Admin/input
INFO: [ app_init ] --START--
INFO: Run Behavior\BuildLiteBehavior [ RunTime:0.000017s ]
INFO: [ app_init ] --END-- [ RunTime:0.000994s ]
INFO: [ app_begin ] --START--
INFO: Run Behavior\ReadHtmlCacheBehavior [ RunTime:0.001756s ]
INFO: [ app_begin ] --END-- [ RunTime:0.001817s ]
INFO: [ view_parse ] --START--
INFO: [ template_filter ] --START--
INFO: Run Behavior\ContentReplaceBehavior [ RunTime:0.000203s ]
INFO: [ template_filter ] --END-- [ RunTime:0.000261s ]
INFO: Run Behavior\ParseTemplateBehavior [ RunTime:0.026197s ]
INFO: [ view_parse ] --END-- [ RunTime:0.026254s ]
INFO: [ view_filter ] --START--
INFO: Run Behavior\WriteHtmlCacheBehavior [ RunTime:0.001587s ]
INFO: [ view_filter ] --END-- [ RunTime:0.001623s ]
INFO: [ app_end ] --START--
INFO: Run Behavior\ShowPageTraceBehavior [ RunTime:0.007847s ]
INFO: [ app_end ] --END-- [ RunTime:0.007986s ]

[ 2016-10-30T16:25:59+08:00 ] ::1 /Integral/index.php/Admin/class
INFO: [ app_init ] --START--
INFO: Run Behavior\BuildLiteBehavior [ RunTime:0.000009s ]
INFO: [ app_init ] --END-- [ RunTime:0.000604s ]
INFO: [ app_begin ] --START--
INFO: Run Behavior\ReadHtmlCacheBehavior [ RunTime:0.002060s ]
INFO: [ app_begin ] --END-- [ RunTime:0.002124s ]
INFO: [ view_parse ] --START--
INFO: [ template_filter ] --START--
INFO: Run Behavior\ContentReplaceBehavior [ RunTime:0.000156s ]
INFO: [ template_filter ] --END-- [ RunTime:0.000200s ]
INFO: Run Behavior\ParseTemplateBehavior [ RunTime:0.021788s ]
INFO: [ view_parse ] --END-- [ RunTime:0.021855s ]
INFO: [ view_filter ] --START--
INFO: Run Behavior\WriteHtmlCacheBehavior [ RunTime:0.001251s ]
INFO: [ view_filter ] --END-- [ RunTime:0.001282s ]
INFO: [ app_end ] --START--
INFO: Run Behavior\ShowPageTraceBehavior [ RunTime:0.003563s ]
INFO: [ app_end ] --END-- [ RunTime:0.003633s ]

[ 2016-10-30T16:26:02+08:00 ] ::1 /Integral/index.php/Admin/input
INFO: [ app_init ] --START--
INFO: Run Behavior\BuildLiteBehavior [ RunTime:0.000020s ]
INFO: [ app_init ] --END-- [ RunTime:0.001474s ]
INFO: [ app_begin ] --START--
INFO: Run Behavior\ReadHtmlCacheBehavior [ RunTime:0.002650s ]
INFO: [ app_begin ] --END-- [ RunTime:0.002737s ]
INFO: [ view_parse ] --START--
INFO: [ template_filter ] --START--
INFO: Run Behavior\ContentReplaceBehavior [ RunTime:0.002676s ]
INFO: [ template_filter ] --END-- [ RunTime:0.002780s ]
INFO: Run Behavior\ParseTemplateBehavior [ RunTime:0.026669s ]
INFO: [ view_parse ] --END-- [ RunTime:0.026796s ]
INFO: [ view_filter ] --START--
INFO: Run Behavior\WriteHtmlCacheBehavior [ RunTime:0.002027s ]
INFO: [ view_filter ] --END-- [ RunTime:0.002081s ]
INFO: [ app_end ] --START--
INFO: Run Behavior\ShowPageTraceBehavior [ RunTime:0.002613s ]
INFO: [ app_end ] --END-- [ RunTime:0.002673s ]

[ 2016-10-30T16:26:21+08:00 ] ::1 /Integral/index.php/Admin/input
INFO: [ app_init ] --START--
INFO: Run Behavior\BuildLiteBehavior [ RunTime:0.000017s ]
INFO: [ app_init ] --END-- [ RunTime:0.001809s ]
INFO: [ app_begin ] --START--
INFO: Run Behavior\ReadHtmlCacheBehavior [ RunTime:0.004582s ]
INFO: [ app_begin ] --END-- [ RunTime:0.004778s ]
INFO: [ view_parse ] --START--
INFO: [ template_filter ] --START--
INFO: Run Behavior\ContentReplaceBehavior [ RunTime:0.000206s ]
INFO: [ template_filter ] --END-- [ RunTime:0.000271s ]
INFO: Run Behavior\ParseTemplateBehavior [ RunTime:0.021133s ]
INFO: [ view_parse ] --END-- [ RunTime:0.021197s ]
INFO: [ view_filter ] --START--
INFO: Run Behavior\WriteHtmlCacheBehavior [ RunTime:0.002447s ]
INFO: [ view_filter ] --END-- [ RunTime:0.002501s ]
INFO: [ app_end ] --START--
INFO: Run Behavior\ShowPageTraceBehavior [ RunTime:0.003129s ]
INFO: [ app_end ] --END-- [ RunTime:0.003200s ]

[ 2016-10-30T16:27:32+08:00 ] ::1 /Integral/index.php/Admin/class
INFO: [ app_init ] --START--
INFO: Run Behavior\BuildLiteBehavior [ RunTime:0.000040s ]
INFO: [ app_init ] --END-- [ RunTime:0.001135s ]
INFO: [ app_begin ] --START--
INFO: Run Behavior\ReadHtmlCacheBehavior [ RunTime:0.002046s ]
INFO: [ app_begin ] --END-- [ RunTime:0.002134s ]
INFO: [ view_parse ] --START--
INFO: [ template_filter ] --START--
INFO: Run Behavior\ContentReplaceBehavior [ RunTime:0.000154s ]
INFO: [ template_filter ] --END-- [ RunTime:0.000194s ]
INFO: Run Behavior\ParseTemplateBehavior [ RunTime:0.039345s ]
INFO: [ view_parse ] --END-- [ RunTime:0.039396s ]
INFO: [ view_filter ] --START--
INFO: Run Behavior\WriteHtmlCacheBehavior [ RunTime:0.001379s ]
INFO: [ view_filter ] --END-- [ RunTime:0.001417s ]
INFO: [ app_end ] --START--
INFO: Run Behavior\ShowPageTraceBehavior [ RunTime:0.004243s ]
INFO: [ app_end ] --END-- [ RunTime:0.004303s ]

