[ 2016-11-01T11:13:20+08:00 ] ::1 /Integral/index.php/Admin/Rule/js/custom.js
ERR: 非法操作:js

[ 2016-11-01T11:13:20+08:00 ] ::1 /Integral/index.php/Admin/Rule/js/bootstrap-wysihtml5.js
ERR: 非法操作:js

[ 2016-11-01T11:13:20+08:00 ] ::1 /Integral/index.php/Admin/Rule/js/ckeditor/ckeditor.js
ERR: 非法操作:js

[ 2016-11-01T11:13:20+08:00 ] ::1 /Integral/index.php/Admin/Rule/js/wysihtml5-0.3.0.min.js
ERR: 非法操作:js

[ 2016-11-01T11:13:20+08:00 ] ::1 /Integral/index.php/Admin/Rule/js/ckeditor/adapters/jquery.js
ERR: 非法操作:js

[ 2016-11-01T11:13:20+08:00 ] ::1 /Integral/index.php/Admin/Rule/js/bootstrap-wysihtml5.js
ERR: 非法操作:js

[ 2016-11-01T11:13:20+08:00 ] ::1 /Integral/index.php/Admin/Rule/js/ckeditor/ckeditor.js
ERR: 非法操作:js

[ 2016-11-01T11:13:20+08:00 ] ::1 /Integral/index.php/Admin/Rule/js/ckeditor/adapters/jquery.js
ERR: 非法操作:js

[ 2016-11-01T11:13:20+08:00 ] ::1 /Integral/index.php/Admin/Rule/js/custom.js
ERR: 非法操作:js

[ 2016-11-01T11:15:33+08:00 ] ::1 /Integral/index.php/Admin/Rule/js/bootstrap-wysihtml5.js
ERR: 非法操作:js

[ 2016-11-01T11:15:33+08:00 ] ::1 /Integral/index.php/Admin/Rule/js/wysihtml5-0.3.0.min.js
ERR: 非法操作:js

[ 2016-11-01T11:15:33+08:00 ] ::1 /Integral/index.php/Admin/Rule/js/custom.js
ERR: 非法操作:js

[ 2016-11-01T11:15:33+08:00 ] ::1 /Integral/index.php/Admin/Rule/js/ckeditor/ckeditor.js
ERR: 非法操作:js

[ 2016-11-01T11:15:33+08:00 ] ::1 /Integral/index.php/Admin/Rule/js/ckeditor/adapters/jquery.js
ERR: 非法操作:js

[ 2016-11-01T11:15:33+08:00 ] ::1 /Integral/index.php/Admin/Rule/js/wysihtml5-0.3.0.min.js
ERR: 非法操作:js

[ 2016-11-01T11:15:33+08:00 ] ::1 /Integral/index.php/Admin/Rule/js/bootstrap-wysihtml5.js
ERR: 非法操作:js

[ 2016-11-01T11:15:33+08:00 ] ::1 /Integral/index.php/Admin/Rule/js/ckeditor/ckeditor.js
ERR: 非法操作:js

[ 2016-11-01T11:15:33+08:00 ] ::1 /Integral/index.php/Admin/Rule/js/ckeditor/adapters/jquery.js
ERR: 非法操作:js

[ 2016-11-01T11:15:33+08:00 ] ::1 /Integral/index.php/Admin/Rule/js/custom.js
ERR: 非法操作:js

[ 2016-11-01T11:16:11+08:00 ] ::1 /Integral/index.php/Admin/Rule/js/bootstrap-wysihtml5.js
ERR: 非法操作:js

[ 2016-11-01T11:16:32+08:00 ] ::1 /Integral/index.php/Admin/Rule/js/ckeditor/adapters/jquery.js
ERR: 非法操作:js

[ 2016-11-01T11:16:32+08:00 ] ::1 /Integral/index.php/Admin/Rule/js/ckeditor/ckeditor.js
ERR: 非法操作:js

[ 2016-11-01T11:16:32+08:00 ] ::1 /Integral/index.php/Admin/Rule/js/custom.js
ERR: 非法操作:js

[ 2016-11-01T11:16:32+08:00 ] ::1 /Integral/index.php/Admin/Rule/js/wysihtml5-0.3.0.min.js
ERR: 非法操作:js

[ 2016-11-01T11:16:32+08:00 ] ::1 /Integral/index.php/Admin/Rule/js/bootstrap-wysihtml5.js
ERR: 非法操作:js

[ 2016-11-01T11:16:32+08:00 ] ::1 /Integral/index.php/Admin/Rule/js/wysihtml5-0.3.0.min.js
ERR: 非法操作:js

[ 2016-11-01T11:16:32+08:00 ] ::1 /Integral/index.php/Admin/Rule/js/bootstrap-wysihtml5.js
ERR: 非法操作:js

[ 2016-11-01T11:16:32+08:00 ] ::1 /Integral/index.php/Admin/Rule/js/ckeditor/ckeditor.js
ERR: 非法操作:js

[ 2016-11-01T11:16:32+08:00 ] ::1 /Integral/index.php/Admin/Rule/js/ckeditor/adapters/jquery.js
ERR: 非法操作:js

[ 2016-11-01T11:16:32+08:00 ] ::1 /Integral/index.php/Admin/Rule/js/custom.js
ERR: 非法操作:js

[ 2016-11-01T11:16:53+08:00 ] ::1 /Integral/index.php/Admin/Rule/js/wysihtml5-0.3.0.min.js
ERR: 非法操作:js

[ 2016-11-01T11:16:53+08:00 ] ::1 /Integral/index.php/Admin/Rule/js/custom.js
ERR: 非法操作:js

[ 2016-11-01T11:16:53+08:00 ] ::1 /Integral/index.php/Admin/Rule/js/bootstrap-wysihtml5.js
ERR: 非法操作:js

[ 2016-11-01T11:16:53+08:00 ] ::1 /Integral/index.php/Admin/Rule/js/ckeditor/ckeditor.js
ERR: 非法操作:js

[ 2016-11-01T11:16:53+08:00 ] ::1 /Integral/index.php/Admin/Rule/js/ckeditor/adapters/jquery.js
ERR: 非法操作:js

[ 2016-11-01T11:16:54+08:00 ] ::1 /Integral/index.php/Admin/Rule/js/wysihtml5-0.3.0.min.js
ERR: 非法操作:js

[ 2016-11-01T11:16:54+08:00 ] ::1 /Integral/index.php/Admin/Rule/js/bootstrap-wysihtml5.js
ERR: 非法操作:js

[ 2016-11-01T11:16:54+08:00 ] ::1 /Integral/index.php/Admin/Rule/js/ckeditor/ckeditor.js
ERR: 非法操作:js

[ 2016-11-01T11:16:54+08:00 ] ::1 /Integral/index.php/Admin/Rule/js/ckeditor/adapters/jquery.js
ERR: 非法操作:js

[ 2016-11-01T11:16:54+08:00 ] ::1 /Integral/index.php/Admin/Rule/js/custom.js
ERR: 非法操作:js

[ 2016-11-01T11:17:18+08:00 ] ::1 /Integral/index.php/Admin/js/wysihtml5-0.3.0.min.js
ERR: 非法操作:wysihtml5-0.3.0.min.js

[ 2016-11-01T11:17:18+08:00 ] ::1 /Integral/index.php/Admin/js/bootstrap-wysihtml5.js
ERR: 非法操作:bootstrap-wysihtml5.js

[ 2016-11-01T11:17:18+08:00 ] ::1 /Integral/index.php/Admin/js/ckeditor/adapters/jquery.js
ERR: 非法操作:ckeditor

[ 2016-11-01T11:17:18+08:00 ] ::1 /Integral/index.php/Admin/js/custom.js
ERR: 非法操作:custom.js

[ 2016-11-01T11:17:18+08:00 ] ::1 /Integral/index.php/Admin/js/ckeditor/ckeditor.js
ERR: 非法操作:ckeditor

[ 2016-11-01T11:17:18+08:00 ] ::1 /Integral/index.php/Admin/js/ckeditor/adapters/jquery.js
ERR: 非法操作:ckeditor

[ 2016-11-01T11:17:18+08:00 ] ::1 /Integral/index.php/Admin/js/custom.js
ERR: 非法操作:custom.js

[ 2016-11-01T11:17:20+08:00 ] ::1 /Integral/index.php/Admin/js/wysihtml5-0.3.0.min.js
ERR: 非法操作:wysihtml5-0.3.0.min.js

[ 2016-11-01T11:17:20+08:00 ] ::1 /Integral/index.php/Admin/js/ckeditor/adapters/jquery.js
ERR: 非法操作:ckeditor

[ 2016-11-01T11:17:20+08:00 ] ::1 /Integral/index.php/Admin/js/ckeditor/ckeditor.js
ERR: 非法操作:ckeditor

[ 2016-11-01T11:17:20+08:00 ] ::1 /Integral/index.php/Admin/js/bootstrap-wysihtml5.js
ERR: 非法操作:bootstrap-wysihtml5.js

[ 2016-11-01T11:17:20+08:00 ] ::1 /Integral/index.php/Admin/js/custom.js
ERR: 非法操作:custom.js

[ 2016-11-01T11:17:20+08:00 ] ::1 /Integral/index.php/Admin/js/ckeditor/ckeditor.js
ERR: 非法操作:ckeditor

[ 2016-11-01T11:17:20+08:00 ] ::1 /Integral/index.php/Admin/js/ckeditor/adapters/jquery.js
ERR: 非法操作:ckeditor

[ 2016-11-01T11:17:20+08:00 ] ::1 /Integral/index.php/Admin/js/custom.js
ERR: 非法操作:custom.js

[ 2016-11-01T11:17:22+08:00 ] ::1 /Integral/index.php/Admin/js/ckeditor/ckeditor.js
ERR: 非法操作:ckeditor

[ 2016-11-01T11:17:22+08:00 ] ::1 /Integral/index.php/Admin/js/custom.js
ERR: 非法操作:custom.js

[ 2016-11-01T11:17:22+08:00 ] ::1 /Integral/index.php/Admin/js/bootstrap-wysihtml5.js
ERR: 非法操作:bootstrap-wysihtml5.js

[ 2016-11-01T11:17:22+08:00 ] ::1 /Integral/index.php/Admin/js/ckeditor/adapters/jquery.js
ERR: 非法操作:ckeditor

[ 2016-11-01T11:17:22+08:00 ] ::1 /Integral/index.php/Admin/js/wysihtml5-0.3.0.min.js
ERR: 非法操作:wysihtml5-0.3.0.min.js

[ 2016-11-01T11:17:22+08:00 ] ::1 /Integral/index.php/Admin/js/bootstrap-wysihtml5.js
ERR: 非法操作:bootstrap-wysihtml5.js

[ 2016-11-01T11:17:22+08:00 ] ::1 /Integral/index.php/Admin/js/ckeditor/ckeditor.js
ERR: 非法操作:ckeditor

[ 2016-11-01T11:17:22+08:00 ] ::1 /Integral/index.php/Admin/js/ckeditor/adapters/jquery.js
ERR: 非法操作:ckeditor

[ 2016-11-01T11:17:22+08:00 ] ::1 /Integral/index.php/Admin/js/custom.js
ERR: 非法操作:custom.js

[ 2016-11-01T11:17:28+08:00 ] ::1 /Integral/index.php/Admin/js/ckeditor/adapters/jquery.js
ERR: 非法操作:ckeditor

[ 2016-11-01T11:17:28+08:00 ] ::1 /Integral/index.php/Admin/js/ckeditor/ckeditor.js
ERR: 非法操作:ckeditor

[ 2016-11-01T11:17:28+08:00 ] ::1 /Integral/index.php/Admin/js/custom.js
ERR: 非法操作:custom.js

[ 2016-11-01T11:17:28+08:00 ] ::1 /Integral/index.php/Admin/js/bootstrap-wysihtml5.js
ERR: 非法操作:bootstrap-wysihtml5.js

[ 2016-11-01T11:17:28+08:00 ] ::1 /Integral/index.php/Admin/js/wysihtml5-0.3.0.min.js
ERR: 非法操作:wysihtml5-0.3.0.min.js

[ 2016-11-01T11:17:28+08:00 ] ::1 /Integral/index.php/Admin/js/bootstrap-wysihtml5.js
ERR: 非法操作:bootstrap-wysihtml5.js

[ 2016-11-01T11:17:28+08:00 ] ::1 /Integral/index.php/Admin/js/ckeditor/ckeditor.js
ERR: 非法操作:ckeditor

[ 2016-11-01T11:17:28+08:00 ] ::1 /Integral/index.php/Admin/js/ckeditor/adapters/jquery.js
ERR: 非法操作:ckeditor

[ 2016-11-01T11:17:28+08:00 ] ::1 /Integral/index.php/Admin/js/custom.js
ERR: 非法操作:custom.js

[ 2016-11-01T11:19:14+08:00 ] ::1 /Integral/index.php/Admin/js/ckeditor/ckeditor.js
ERR: 非法操作:ckeditor

[ 2016-11-01T11:19:14+08:00 ] ::1 /Integral/index.php/Admin/js/ckeditor/adapters/jquery.js
ERR: 非法操作:ckeditor

[ 2016-11-01T11:19:14+08:00 ] ::1 /Integral/index.php/Admin/js/custom.js
ERR: 非法操作:custom.js

[ 2016-11-01T11:19:14+08:00 ] ::1 /Integral/index.php/Admin/js/bootstrap-wysihtml5.js
ERR: 非法操作:bootstrap-wysihtml5.js

[ 2016-11-01T11:19:14+08:00 ] ::1 /Integral/index.php/Admin/js/wysihtml5-0.3.0.min.js
ERR: 非法操作:wysihtml5-0.3.0.min.js

[ 2016-11-01T11:19:14+08:00 ] ::1 /Integral/index.php/Admin/js/bootstrap-wysihtml5.js
ERR: 非法操作:bootstrap-wysihtml5.js

[ 2016-11-01T11:19:14+08:00 ] ::1 /Integral/index.php/Admin/js/ckeditor/ckeditor.js
ERR: 非法操作:ckeditor

[ 2016-11-01T11:19:14+08:00 ] ::1 /Integral/index.php/Admin/js/ckeditor/adapters/jquery.js
ERR: 非法操作:ckeditor

[ 2016-11-01T11:19:14+08:00 ] ::1 /Integral/index.php/Admin/js/custom.js
ERR: 非法操作:custom.js

[ 2016-11-01T11:19:17+08:00 ] ::1 /Integral/index.php/Admin/js/bootstrap-wysihtml5.js
ERR: 非法操作:bootstrap-wysihtml5.js

[ 2016-11-01T11:19:17+08:00 ] ::1 /Integral/index.php/Admin/js/ckeditor/adapters/jquery.js
ERR: 非法操作:ckeditor

[ 2016-11-01T11:19:17+08:00 ] ::1 /Integral/index.php/Admin/js/ckeditor/ckeditor.js
ERR: 非法操作:ckeditor

[ 2016-11-01T11:19:17+08:00 ] ::1 /Integral/index.php/Admin/js/wysihtml5-0.3.0.min.js
ERR: 非法操作:wysihtml5-0.3.0.min.js

[ 2016-11-01T11:19:17+08:00 ] ::1 /Integral/index.php/Admin/js/custom.js
ERR: 非法操作:custom.js

[ 2016-11-01T11:19:17+08:00 ] ::1 /Integral/index.php/Admin/js/bootstrap-wysihtml5.js
ERR: 非法操作:bootstrap-wysihtml5.js

[ 2016-11-01T11:19:17+08:00 ] ::1 /Integral/index.php/Admin/js/ckeditor/ckeditor.js
ERR: 非法操作:ckeditor

[ 2016-11-01T11:19:17+08:00 ] ::1 /Integral/index.php/Admin/js/ckeditor/adapters/jquery.js
ERR: 非法操作:ckeditor

[ 2016-11-01T11:19:17+08:00 ] ::1 /Integral/index.php/Admin/js/custom.js
ERR: 非法操作:custom.js

[ 2016-11-01T11:20:13+08:00 ] ::1 /Integral/index.php/Admin/js/wysihtml5-0.3.0.min.js
ERR: 非法操作:wysihtml5-0.3.0.min.js

[ 2016-11-01T11:20:13+08:00 ] ::1 /Integral/index.php/Admin/js/bootstrap-wysihtml5.js
ERR: 非法操作:bootstrap-wysihtml5.js

[ 2016-11-01T11:20:14+08:00 ] ::1 /Integral/index.php/Admin/js/ckeditor/adapters/jquery.js
ERR: 非法操作:ckeditor

[ 2016-11-01T11:20:14+08:00 ] ::1 /Integral/index.php/Admin/js/ckeditor/ckeditor.js
ERR: 非法操作:ckeditor

[ 2016-11-01T11:20:14+08:00 ] ::1 /Integral/index.php/Admin/js/custom.js
ERR: 非法操作:custom.js

[ 2016-11-01T11:20:14+08:00 ] ::1 /Integral/index.php/Admin/js/ckeditor/adapters/jquery.js
ERR: 非法操作:ckeditor

[ 2016-11-01T11:20:14+08:00 ] ::1 /Integral/index.php/Admin/js/custom.js
ERR: 非法操作:custom.js

[ 2016-11-01T11:20:15+08:00 ] ::1 /Integral/index.php/Admin/js/wysihtml5-0.3.0.min.js
ERR: 非法操作:wysihtml5-0.3.0.min.js

[ 2016-11-01T11:20:15+08:00 ] ::1 /Integral/index.php/Admin/js/bootstrap-wysihtml5.js
ERR: 非法操作:bootstrap-wysihtml5.js

[ 2016-11-01T11:20:15+08:00 ] ::1 /Integral/index.php/Admin/js/ckeditor/ckeditor.js
ERR: 非法操作:ckeditor

[ 2016-11-01T11:20:15+08:00 ] ::1 /Integral/index.php/Admin/js/custom.js
ERR: 非法操作:custom.js

[ 2016-11-01T11:20:15+08:00 ] ::1 /Integral/index.php/Admin/js/ckeditor/adapters/jquery.js
ERR: 非法操作:ckeditor

[ 2016-11-01T11:20:15+08:00 ] ::1 /Integral/index.php/Admin/js/custom.js
ERR: 非法操作:custom.js

[ 2016-11-01T11:20:17+08:00 ] ::1 /Integral/index.php/Admin/js/bootstrap-wysihtml5.js
ERR: 非法操作:bootstrap-wysihtml5.js

[ 2016-11-01T11:20:17+08:00 ] ::1 /Integral/index.php/Admin/js/ckeditor/ckeditor.js
ERR: 非法操作:ckeditor

[ 2016-11-01T11:20:17+08:00 ] ::1 /Integral/index.php/Admin/js/ckeditor/adapters/jquery.js
ERR: 非法操作:ckeditor

[ 2016-11-01T11:20:17+08:00 ] ::1 /Integral/index.php/Admin/js/custom.js
ERR: 非法操作:custom.js

[ 2016-11-01T11:20:17+08:00 ] ::1 /Integral/index.php/Admin/js/wysihtml5-0.3.0.min.js
ERR: 非法操作:wysihtml5-0.3.0.min.js

[ 2016-11-01T11:20:17+08:00 ] ::1 /Integral/index.php/Admin/js/bootstrap-wysihtml5.js
ERR: 非法操作:bootstrap-wysihtml5.js

[ 2016-11-01T11:20:17+08:00 ] ::1 /Integral/index.php/Admin/js/ckeditor/ckeditor.js
ERR: 非法操作:ckeditor

[ 2016-11-01T11:20:17+08:00 ] ::1 /Integral/index.php/Admin/js/ckeditor/adapters/jquery.js
ERR: 非法操作:ckeditor

[ 2016-11-01T11:20:17+08:00 ] ::1 /Integral/index.php/Admin/js/custom.js
ERR: 非法操作:custom.js

[ 2016-11-01T11:20:19+08:00 ] ::1 /Integral/index.php/Admin/js/wysihtml5-0.3.0.min.js
ERR: 非法操作:wysihtml5-0.3.0.min.js

[ 2016-11-01T11:20:19+08:00 ] ::1 /Integral/index.php/Admin/js/ckeditor/ckeditor.js
ERR: 非法操作:ckeditor

[ 2016-11-01T11:20:19+08:00 ] ::1 /Integral/index.php/Admin/js/bootstrap-wysihtml5.js
ERR: 非法操作:bootstrap-wysihtml5.js

[ 2016-11-01T11:20:19+08:00 ] ::1 /Integral/index.php/Admin/js/custom.js
ERR: 非法操作:custom.js

[ 2016-11-01T11:20:19+08:00 ] ::1 /Integral/index.php/Admin/js/ckeditor/adapters/jquery.js
ERR: 非法操作:ckeditor

[ 2016-11-01T11:20:19+08:00 ] ::1 /Integral/index.php/Admin/js/ckeditor/ckeditor.js
ERR: 非法操作:ckeditor

[ 2016-11-01T11:20:19+08:00 ] ::1 /Integral/index.php/Admin/js/ckeditor/adapters/jquery.js
ERR: 非法操作:ckeditor

[ 2016-11-01T11:20:19+08:00 ] ::1 /Integral/index.php/Admin/js/custom.js
ERR: 非法操作:custom.js

[ 2016-11-01T11:20:32+08:00 ] ::1 /Integral/index.php/Admin/js/ckeditor/adapters/jquery.js
ERR: 非法操作:ckeditor

[ 2016-11-01T11:20:32+08:00 ] ::1 /Integral/index.php/Admin/js/custom.js
ERR: 非法操作:custom.js

[ 2016-11-01T11:20:32+08:00 ] ::1 /Integral/index.php/Admin/js/bootstrap-wysihtml5.js
ERR: 非法操作:bootstrap-wysihtml5.js

[ 2016-11-01T11:20:32+08:00 ] ::1 /Integral/index.php/Admin/js/wysihtml5-0.3.0.min.js
ERR: 非法操作:wysihtml5-0.3.0.min.js

[ 2016-11-01T11:20:32+08:00 ] ::1 /Integral/index.php/Admin/js/ckeditor/ckeditor.js
ERR: 非法操作:ckeditor

[ 2016-11-01T11:20:32+08:00 ] ::1 /Integral/index.php/Admin/js/bootstrap-wysihtml5.js
ERR: 非法操作:bootstrap-wysihtml5.js

[ 2016-11-01T11:20:32+08:00 ] ::1 /Integral/index.php/Admin/js/ckeditor/ckeditor.js
ERR: 非法操作:ckeditor

[ 2016-11-01T11:20:32+08:00 ] ::1 /Integral/index.php/Admin/js/ckeditor/adapters/jquery.js
ERR: 非法操作:ckeditor

[ 2016-11-01T11:20:32+08:00 ] ::1 /Integral/index.php/Admin/js/custom.js
ERR: 非法操作:custom.js

[ 2016-11-01T11:20:34+08:00 ] ::1 /Integral/index.php/Admin/js/ckeditor/ckeditor.js
ERR: 非法操作:ckeditor

[ 2016-11-01T11:20:34+08:00 ] ::1 /Integral/index.php/Admin/js/bootstrap-wysihtml5.js
ERR: 非法操作:bootstrap-wysihtml5.js

[ 2016-11-01T11:20:34+08:00 ] ::1 /Integral/index.php/Admin/js/ckeditor/adapters/jquery.js
ERR: 非法操作:ckeditor

[ 2016-11-01T11:20:34+08:00 ] ::1 /Integral/index.php/Admin/js/custom.js
ERR: 非法操作:custom.js

[ 2016-11-01T11:20:34+08:00 ] ::1 /Integral/index.php/Admin/js/wysihtml5-0.3.0.min.js
ERR: 非法操作:wysihtml5-0.3.0.min.js

[ 2016-11-01T11:20:34+08:00 ] ::1 /Integral/index.php/Admin/js/bootstrap-wysihtml5.js
ERR: 非法操作:bootstrap-wysihtml5.js

[ 2016-11-01T11:20:34+08:00 ] ::1 /Integral/index.php/Admin/js/ckeditor/ckeditor.js
ERR: 非法操作:ckeditor

[ 2016-11-01T11:20:34+08:00 ] ::1 /Integral/index.php/Admin/js/ckeditor/adapters/jquery.js
ERR: 非法操作:ckeditor

[ 2016-11-01T11:20:34+08:00 ] ::1 /Integral/index.php/Admin/js/custom.js
ERR: 非法操作:custom.js

[ 2016-11-01T11:20:55+08:00 ] ::1 /Integral/index.php/Admin/js/wysihtml5-0.3.0.min.js
ERR: 非法操作:wysihtml5-0.3.0.min.js

[ 2016-11-01T11:20:55+08:00 ] ::1 /Integral/index.php/Admin/js/custom.js
ERR: 非法操作:custom.js

[ 2016-11-01T11:20:55+08:00 ] ::1 /Integral/index.php/Admin/js/ckeditor/adapters/jquery.js
ERR: 非法操作:ckeditor

[ 2016-11-01T11:20:55+08:00 ] ::1 /Integral/index.php/Admin/js/bootstrap-wysihtml5.js
ERR: 非法操作:bootstrap-wysihtml5.js

[ 2016-11-01T11:20:55+08:00 ] ::1 /Integral/index.php/Admin/js/ckeditor/ckeditor.js
ERR: 非法操作:ckeditor

[ 2016-11-01T11:20:56+08:00 ] ::1 /Integral/index.php/Admin/js/ckeditor/adapters/jquery.js
ERR: 非法操作:ckeditor

[ 2016-11-01T11:20:56+08:00 ] ::1 /Integral/index.php/Admin/js/custom.js
ERR: 非法操作:custom.js

[ 2016-11-01T11:20:57+08:00 ] ::1 /Integral/index.php/Rule/js/bootstrap-wysihtml5.js
ERR: 非法操作:js

[ 2016-11-01T11:20:57+08:00 ] ::1 /Integral/index.php/Rule/js/ckeditor/ckeditor.js
ERR: 非法操作:js

[ 2016-11-01T11:20:57+08:00 ] ::1 /Integral/index.php/Rule/js/custom.js
ERR: 非法操作:js

[ 2016-11-01T11:20:57+08:00 ] ::1 /Integral/index.php/Rule/js/ckeditor/adapters/jquery.js
ERR: 非法操作:js

[ 2016-11-01T11:20:57+08:00 ] ::1 /Integral/index.php/Rule/js/wysihtml5-0.3.0.min.js
ERR: 非法操作:js

[ 2016-11-01T11:20:57+08:00 ] ::1 /Integral/index.php/Rule/js/bootstrap-wysihtml5.js
ERR: 非法操作:js

[ 2016-11-01T11:20:57+08:00 ] ::1 /Integral/index.php/Rule/js/ckeditor/ckeditor.js
ERR: 非法操作:js

[ 2016-11-01T11:20:57+08:00 ] ::1 /Integral/index.php/Rule/js/ckeditor/adapters/jquery.js
ERR: 非法操作:js

[ 2016-11-01T11:20:57+08:00 ] ::1 /Integral/index.php/Rule/js/custom.js
ERR: 非法操作:js

[ 2016-11-01T11:21:52+08:00 ] ::1 /Integral/index.php/Rule/js/bootstrap-wysihtml5.js
ERR: 非法操作:js

[ 2016-11-01T11:21:52+08:00 ] ::1 /Integral/index.php/Rule/js/ckeditor/adapters/jquery.js
ERR: 非法操作:js

[ 2016-11-01T11:21:52+08:00 ] ::1 /Integral/index.php/Rule/js/ckeditor/ckeditor.js
ERR: 非法操作:js

[ 2016-11-01T11:21:52+08:00 ] ::1 /Integral/index.php/Rule/js/custom.js
ERR: 非法操作:js

[ 2016-11-01T11:21:52+08:00 ] ::1 /Integral/index.php/Rule/js/wysihtml5-0.3.0.min.js
ERR: 非法操作:js

[ 2016-11-01T11:21:52+08:00 ] ::1 /Integral/index.php/Rule/js/bootstrap-wysihtml5.js
ERR: 非法操作:js

[ 2016-11-01T11:21:52+08:00 ] ::1 /Integral/index.php/Rule/js/ckeditor/ckeditor.js
ERR: 非法操作:js

[ 2016-11-01T11:21:52+08:00 ] ::1 /Integral/index.php/Rule/js/ckeditor/adapters/jquery.js
ERR: 非法操作:js

[ 2016-11-01T11:21:52+08:00 ] ::1 /Integral/index.php/Rule/js/custom.js
ERR: 非法操作:js

[ 2016-11-01T13:09:04+08:00 ] ::1 /Integral/index.php/Admin/search/personScoreDetail?s_id=20141514111&term=
ERR: 1064:You have an error in your SQL syntax; check the manual that corresponds to your MySQL server version for the right syntax to use near '%" )' at line 1
 [ SQL语句 ] : SELECT * FROM `tp_scoredetail` WHERE ( s_id="20141514111" and sc_term like %" ) 

[ 2016-11-01T13:09:12+08:00 ] ::1 /Integral/index.php/Admin/search/personScoreDetail?s_id=20141514121&term=
ERR: 1064:You have an error in your SQL syntax; check the manual that corresponds to your MySQL server version for the right syntax to use near '%" )' at line 1
 [ SQL语句 ] : SELECT * FROM `tp_scoredetail` WHERE ( s_id="20141514121" and sc_term like %" ) 

[ 2016-11-01T13:13:47+08:00 ] ::1 /Integral/index.php/Admin/search/personScoreDetail?s_id=20141514111&term=2016-2017%E5%AD%A6%E5%B9%B4%E7%AC%AC%E4%B8%80%E5%AD%A6%E6%9C%9F
ERR: 1064:You have an error in your SQL syntax; check the manual that corresponds to your MySQL server version for the right syntax to use near '%" )' at line 1
 [ SQL语句 ] : SELECT * FROM `tp_scoredetail` WHERE ( s_id="20141514111" and sc_term like %" ) 

[ 2016-11-01T13:13:53+08:00 ] ::1 /Integral/index.php/Admin/search/personScoreDetail?s_id=20140614112&term=2016-2017%E5%AD%A6%E5%B9%B4%E7%AC%AC%E4%B8%80%E5%AD%A6%E6%9C%9F
ERR: 1064:You have an error in your SQL syntax; check the manual that corresponds to your MySQL server version for the right syntax to use near '%" )' at line 1
 [ SQL语句 ] : SELECT * FROM `tp_scoredetail` WHERE ( s_id="20140614112" and sc_term like %" ) 

[ 2016-11-01T13:13:56+08:00 ] ::1 /Integral/index.php/Admin/search/personScoreDetail?s_id=20141514118&term=2016-2017%E5%AD%A6%E5%B9%B4%E7%AC%AC%E4%B8%80%E5%AD%A6%E6%9C%9F
ERR: 1064:You have an error in your SQL syntax; check the manual that corresponds to your MySQL server version for the right syntax to use near '%" )' at line 1
 [ SQL语句 ] : SELECT * FROM `tp_scoredetail` WHERE ( s_id="20141514118" and sc_term like %" ) 

[ 2016-11-01T13:13:57+08:00 ] ::1 /Integral/index.php/Admin/search/personScoreDetail?s_id=20141514118&term=2016-2017%E5%AD%A6%E5%B9%B4%E7%AC%AC%E4%B8%80%E5%AD%A6%E6%9C%9F
ERR: 1064:You have an error in your SQL syntax; check the manual that corresponds to your MySQL server version for the right syntax to use near '%" )' at line 1
 [ SQL语句 ] : SELECT * FROM `tp_scoredetail` WHERE ( s_id="20141514118" and sc_term like %" ) 

[ 2016-11-01T13:13:58+08:00 ] ::1 /Integral/index.php/Admin/search/personScoreDetail?s_id=20141514118&term=2016-2017%E5%AD%A6%E5%B9%B4%E7%AC%AC%E4%B8%80%E5%AD%A6%E6%9C%9F
ERR: 1064:You have an error in your SQL syntax; check the manual that corresponds to your MySQL server version for the right syntax to use near '%" )' at line 1
 [ SQL语句 ] : SELECT * FROM `tp_scoredetail` WHERE ( s_id="20141514118" and sc_term like %" ) 

[ 2016-11-01T13:13:58+08:00 ] ::1 /Integral/index.php/Admin/search/personScoreDetail?s_id=20141514118&term=2016-2017%E5%AD%A6%E5%B9%B4%E7%AC%AC%E4%B8%80%E5%AD%A6%E6%9C%9F
ERR: 1064:You have an error in your SQL syntax; check the manual that corresponds to your MySQL server version for the right syntax to use near '%" )' at line 1
 [ SQL语句 ] : SELECT * FROM `tp_scoredetail` WHERE ( s_id="20141514118" and sc_term like %" ) 

[ 2016-11-01T13:13:59+08:00 ] ::1 /Integral/index.php/Admin/search/personScoreDetail?s_id=20141514118&term=2016-2017%E5%AD%A6%E5%B9%B4%E7%AC%AC%E4%B8%80%E5%AD%A6%E6%9C%9F
ERR: 1064:You have an error in your SQL syntax; check the manual that corresponds to your MySQL server version for the right syntax to use near '%" )' at line 1
 [ SQL语句 ] : SELECT * FROM `tp_scoredetail` WHERE ( s_id="20141514118" and sc_term like %" ) 

[ 2016-11-01T13:14:52+08:00 ] ::1 /Integral/index.php/Admin/search/personScoreDetail?s_id=20141514111&term=2016-2017%E5%AD%A6%E5%B9%B4%E7%AC%AC%E4%B8%80%E5%AD%A6%E6%9C%9F
ERR: 1064:You have an error in your SQL syntax; check the manual that corresponds to your MySQL server version for the right syntax to use near '-2017学年第一学期%" )' at line 1
 [ SQL语句 ] : SELECT * FROM `tp_scoredetail` WHERE ( s_id="20141514111" and sc_term like 2016-2017学年第一学期%" ) 

[ 2016-11-01T13:15:54+08:00 ] ::1 /Integral/index.php/Admin/search/personScoreDetail?s_id=20141514111&term=2016-2017%E5%AD%A6%E5%B9%B4%E7%AC%AC%E4%B8%80%E5%AD%A6%E6%9C%9F
ERR: 1064:You have an error in your SQL syntax; check the manual that corresponds to your MySQL server version for the right syntax to use near '-2017学年第一学期%" )' at line 1
 [ SQL语句 ] : SELECT * FROM `tp_scoredetail` WHERE ( s_id="20141514111" and sc_term like 2016-2017学年第一学期%" ) 

[ 2016-11-01T15:41:35+08:00 ] ::1 /Integral/index.php/Admin/js/ckeditor/adapters/jquery.js
ERR: 非法操作:ckeditor

[ 2016-11-01T15:41:35+08:00 ] ::1 /Integral/index.php/Admin/js/custom.js
ERR: 非法操作:custom.js

[ 2016-11-01T15:41:35+08:00 ] ::1 /Integral/index.php/Admin/js/wysihtml5-0.3.0.min.js
ERR: 非法操作:wysihtml5-0.3.0.min.js

[ 2016-11-01T15:41:35+08:00 ] ::1 /Integral/index.php/Admin/js/bootstrap-wysihtml5.js
ERR: 非法操作:bootstrap-wysihtml5.js

[ 2016-11-01T15:41:35+08:00 ] ::1 /Integral/index.php/Admin/js/ckeditor/ckeditor.js
ERR: 非法操作:ckeditor

[ 2016-11-01T15:41:35+08:00 ] ::1 /Integral/index.php/Admin/js/ckeditor/adapters/jquery.js
ERR: 非法操作:ckeditor

[ 2016-11-01T15:41:35+08:00 ] ::1 /Integral/index.php/Admin/js/custom.js
ERR: 非法操作:custom.js

[ 2016-11-01T15:43:32+08:00 ] ::1 /Integral/index.php/Admin/js/wysihtml5-0.3.0.min.js
ERR: 非法操作:wysihtml5-0.3.0.min.js

[ 2016-11-01T15:43:32+08:00 ] ::1 /Integral/index.php/Admin/js/ckeditor/ckeditor.js
ERR: 非法操作:ckeditor

[ 2016-11-01T15:43:32+08:00 ] ::1 /Integral/index.php/Admin/js/custom.js
ERR: 非法操作:custom.js

[ 2016-11-01T15:43:32+08:00 ] ::1 /Integral/index.php/Admin/js/ckeditor/adapters/jquery.js
ERR: 非法操作:ckeditor

[ 2016-11-01T15:43:32+08:00 ] ::1 /Integral/index.php/Admin/js/bootstrap-wysihtml5.js
ERR: 非法操作:bootstrap-wysihtml5.js

[ 2016-11-01T15:43:32+08:00 ] ::1 /Integral/index.php/Admin/js/wysihtml5-0.3.0.min.js
ERR: 非法操作:wysihtml5-0.3.0.min.js

[ 2016-11-01T15:43:32+08:00 ] ::1 /Integral/index.php/Admin/js/bootstrap-wysihtml5.js
ERR: 非法操作:bootstrap-wysihtml5.js

[ 2016-11-01T15:43:32+08:00 ] ::1 /Integral/index.php/Admin/js/ckeditor/ckeditor.js
ERR: 非法操作:ckeditor

[ 2016-11-01T15:43:32+08:00 ] ::1 /Integral/index.php/Admin/js/ckeditor/adapters/jquery.js
ERR: 非法操作:ckeditor

[ 2016-11-01T15:43:32+08:00 ] ::1 /Integral/index.php/Admin/js/custom.js
ERR: 非法操作:custom.js

[ 2016-11-01T15:44:26+08:00 ] ::1 /Integral/index.php/Admin/js/wysihtml5-0.3.0.min.js
ERR: 非法操作:wysihtml5-0.3.0.min.js

[ 2016-11-01T15:44:26+08:00 ] ::1 /Integral/index.php/Admin/js/custom.js
ERR: 非法操作:custom.js

[ 2016-11-01T15:44:26+08:00 ] ::1 /Integral/index.php/Admin/js/bootstrap-wysihtml5.js
ERR: 非法操作:bootstrap-wysihtml5.js

[ 2016-11-01T15:44:26+08:00 ] ::1 /Integral/index.php/Admin/js/ckeditor/adapters/jquery.js
ERR: 非法操作:ckeditor

[ 2016-11-01T15:44:26+08:00 ] ::1 /Integral/index.php/Admin/js/ckeditor/ckeditor.js
ERR: 非法操作:ckeditor

[ 2016-11-01T15:44:26+08:00 ] ::1 /Integral/index.php/Admin/js/ckeditor/adapters/jquery.js
ERR: 非法操作:ckeditor

[ 2016-11-01T15:44:26+08:00 ] ::1 /Integral/index.php/Admin/js/custom.js
ERR: 非法操作:custom.js

