[ 2016-10-26T18:02:18+08:00 ] ::1 /Integral/index.php/Admin/Manage/member
INFO: [ app_init ] --START--
INFO: Run Behavior\BuildLiteBehavior [ RunTime:0.000033s ]
INFO: [ app_init ] --END-- [ RunTime:0.003877s ]
INFO: [ app_begin ] --START--
INFO: Run Behavior\ReadHtmlCacheBehavior [ RunTime:0.001096s ]
INFO: [ app_begin ] --END-- [ RunTime:0.001211s ]
NOTIC: [2048] Declaration of Admin\Controller\ManageController::show() should be compatible with Think\Controller::show($content, $charset = '', $contentType = '', $prefix = '') /Applications/XAMPP/xamppfiles/htdocs/Integral/Application/Admin/Controller/ManageController.class.php 第 21 行.
NOTIC: [8192] mysql_connect(): The mysql extension is deprecated and will be removed in the future: use mysqli or PDO instead /Applications/XAMPP/xamppfiles/htdocs/Integral/ThinkPHP/Library/Think/Db/Driver/Mysql.class.php 第 52 行.
SQL: SELECT * FROM `tp_office` WHERE ( o_id not like 10001 )  [ RunTime:0.028788s ]
INFO: [ view_parse ] --START--
INFO: [ template_filter ] --START--
INFO: Run Behavior\ContentReplaceBehavior [ RunTime:0.000491s ]
INFO: [ template_filter ] --END-- [ RunTime:0.000630s ]
INFO: Run Behavior\ParseTemplateBehavior [ RunTime:0.031406s ]
INFO: [ view_parse ] --END-- [ RunTime:0.031502s ]
INFO: [ view_filter ] --START--
INFO: Run Behavior\WriteHtmlCacheBehavior [ RunTime:0.001072s ]
INFO: [ view_filter ] --END-- [ RunTime:0.001148s ]
INFO: [ app_end ] --START--
INFO: Run Behavior\ShowPageTraceBehavior [ RunTime:0.001401s ]
INFO: [ app_end ] --END-- [ RunTime:0.001501s ]

