[ 2016-10-21T16:58:20+08:00 ] ::1 /Integral/index.php/admin/Tables
INFO: [ app_init ] --START--
INFO: Run Behavior\BuildLiteBehavior [ RunTime:0.000011s ]
INFO: [ app_init ] --END-- [ RunTime:0.000805s ]
INFO: [ app_begin ] --START--
INFO: Run Behavior\ReadHtmlCacheBehavior [ RunTime:0.001720s ]
INFO: [ app_begin ] --END-- [ RunTime:0.001767s ]
NOTIC: [8] Undefined index: c_name E:\PHP\httpd-2.4.23-win64-VC14\Apache24\htdocs\Integral\Application\Admin\Controller\TablesController.class.php 第 14 行.
NOTIC: [8] Undefined index: s_id E:\PHP\httpd-2.4.23-win64-VC14\Apache24\htdocs\Integral\Application\Admin\Controller\TablesController.class.php 第 15 行.
NOTIC: [8] Undefined index: sc_union E:\PHP\httpd-2.4.23-win64-VC14\Apache24\htdocs\Integral\Application\Admin\Controller\TablesController.class.php 第 16 行.
NOTIC: [8] Undefined variable: filter E:\PHP\httpd-2.4.23-win64-VC14\Apache24\htdocs\Integral\Application\Admin\Controller\TablesController.class.php 第 31 行.
SQL: SELECT COUNT(*) AS tp_count FROM `tp_scoredetail` LIMIT 1   [ RunTime:0.000340s ]
NOTIC: [8] Undefined variable: filter E:\PHP\httpd-2.4.23-win64-VC14\Apache24\htdocs\Integral\Application\Admin\Controller\TablesController.class.php 第 48 行.
SQL: SELECT * FROM `tp_scoredetail` ORDER BY id desc LIMIT 0,30   [ RunTime:0.000300s ]
INFO: [ view_parse ] --START--
INFO: [ template_filter ] --START--
INFO: Run Behavior\ContentReplaceBehavior [ RunTime:0.008126s ]
INFO: [ template_filter ] --END-- [ RunTime:0.008261s ]
NOTIC: [8] Undefined index: c_name E:\PHP\httpd-2.4.23-win64-VC14\Apache24\htdocs\Integral\Application\Runtime\Cache\Admin\028392e504fc80bf64506a8dce359984.php 第 118 行.
NOTIC: [8] Undefined index: s_id E:\PHP\httpd-2.4.23-win64-VC14\Apache24\htdocs\Integral\Application\Runtime\Cache\Admin\028392e504fc80bf64506a8dce359984.php 第 123 行.
NOTIC: [8] Undefined index: sc_union E:\PHP\httpd-2.4.23-win64-VC14\Apache24\htdocs\Integral\Application\Runtime\Cache\Admin\028392e504fc80bf64506a8dce359984.php 第 128 行.
INFO: Run Behavior\ParseTemplateBehavior [ RunTime:0.217753s ]
INFO: [ view_parse ] --END-- [ RunTime:0.217806s ]
INFO: [ view_filter ] --START--
INFO: Run Behavior\WriteHtmlCacheBehavior [ RunTime:0.001673s ]
INFO: [ view_filter ] --END-- [ RunTime:0.001725s ]
INFO: [ app_end ] --START--
INFO: Run Behavior\ShowPageTraceBehavior [ RunTime:0.001715s ]
INFO: [ app_end ] --END-- [ RunTime:0.001768s ]

[ 2016-10-21T16:58:29+08:00 ] ::1 /Integral/index.php/Admin/Tables/index.html
INFO: [ app_init ] --START--
INFO: Run Behavior\BuildLiteBehavior [ RunTime:0.000014s ]
INFO: [ app_init ] --END-- [ RunTime:0.001108s ]
INFO: [ app_begin ] --START--
INFO: Run Behavior\ReadHtmlCacheBehavior [ RunTime:0.002538s ]
INFO: [ app_begin ] --END-- [ RunTime:0.002604s ]
NOTIC: [8] Array to string conversion E:\PHP\httpd-2.4.23-win64-VC14\Apache24\htdocs\Integral\ThinkPHP\Library\Think\Model.class.php 第 594 行.
ERR: 错误的查询条件:[c_name=>Array]

[ 2016-10-21T17:05:06+08:00 ] ::1 /Integral/index.php/admin/Tables
INFO: [ app_init ] --START--
INFO: Run Behavior\BuildLiteBehavior [ RunTime:0.000014s ]
INFO: [ app_init ] --END-- [ RunTime:0.000706s ]
INFO: [ app_begin ] --START--
INFO: Run Behavior\ReadHtmlCacheBehavior [ RunTime:0.004079s ]
INFO: [ app_begin ] --END-- [ RunTime:0.004152s ]
NOTIC: [8] Undefined index: c_name E:\PHP\httpd-2.4.23-win64-VC14\Apache24\htdocs\Integral\Application\Admin\Controller\TablesController.class.php 第 14 行.
NOTIC: [8] Undefined index: s_id E:\PHP\httpd-2.4.23-win64-VC14\Apache24\htdocs\Integral\Application\Admin\Controller\TablesController.class.php 第 15 行.
NOTIC: [8] Undefined index: sc_union E:\PHP\httpd-2.4.23-win64-VC14\Apache24\htdocs\Integral\Application\Admin\Controller\TablesController.class.php 第 16 行.
NOTIC: [8] Undefined variable: filter E:\PHP\httpd-2.4.23-win64-VC14\Apache24\htdocs\Integral\Application\Admin\Controller\TablesController.class.php 第 31 行.
SQL: SELECT COUNT(*) AS tp_count FROM `tp_scoredetail` LIMIT 1   [ RunTime:0.000540s ]
NOTIC: [8] Undefined variable: filter E:\PHP\httpd-2.4.23-win64-VC14\Apache24\htdocs\Integral\Application\Admin\Controller\TablesController.class.php 第 48 行.
SQL: SELECT * FROM `tp_scoredetail` ORDER BY id desc LIMIT 0,30   [ RunTime:0.000245s ]
INFO: [ view_parse ] --START--
INFO: [ template_filter ] --START--
INFO: Run Behavior\ContentReplaceBehavior [ RunTime:0.000251s ]
INFO: [ template_filter ] --END-- [ RunTime:0.000302s ]
NOTIC: [8] Undefined index: c_name E:\PHP\httpd-2.4.23-win64-VC14\Apache24\htdocs\Integral\Application\Runtime\Cache\Admin\028392e504fc80bf64506a8dce359984.php 第 118 行.
NOTIC: [8] Undefined index: s_id E:\PHP\httpd-2.4.23-win64-VC14\Apache24\htdocs\Integral\Application\Runtime\Cache\Admin\028392e504fc80bf64506a8dce359984.php 第 123 行.
NOTIC: [8] Undefined index: sc_union E:\PHP\httpd-2.4.23-win64-VC14\Apache24\htdocs\Integral\Application\Runtime\Cache\Admin\028392e504fc80bf64506a8dce359984.php 第 128 行.
INFO: Run Behavior\ParseTemplateBehavior [ RunTime:0.017207s ]
INFO: [ view_parse ] --END-- [ RunTime:0.017244s ]
INFO: [ view_filter ] --START--
INFO: Run Behavior\WriteHtmlCacheBehavior [ RunTime:0.001254s ]
INFO: [ view_filter ] --END-- [ RunTime:0.001290s ]
INFO: [ app_end ] --START--
INFO: Run Behavior\ShowPageTraceBehavior [ RunTime:0.010211s ]
INFO: [ app_end ] --END-- [ RunTime:0.010284s ]

[ 2016-10-21T17:05:30+08:00 ] ::1 /Integral/index.php/Admin/input
INFO: [ app_init ] --START--
INFO: Run Behavior\BuildLiteBehavior [ RunTime:0.000012s ]
INFO: [ app_init ] --END-- [ RunTime:0.000737s ]
INFO: [ app_begin ] --START--
INFO: Run Behavior\ReadHtmlCacheBehavior [ RunTime:0.010037s ]
INFO: [ app_begin ] --END-- [ RunTime:0.010095s ]
INFO: [ view_parse ] --START--
INFO: [ template_filter ] --START--
INFO: Run Behavior\ContentReplaceBehavior [ RunTime:0.000211s ]
INFO: [ template_filter ] --END-- [ RunTime:0.000262s ]
INFO: Run Behavior\ParseTemplateBehavior [ RunTime:0.171250s ]
INFO: [ view_parse ] --END-- [ RunTime:0.171302s ]
INFO: [ view_filter ] --START--
INFO: Run Behavior\WriteHtmlCacheBehavior [ RunTime:0.001190s ]
INFO: [ view_filter ] --END-- [ RunTime:0.001217s ]
INFO: [ app_end ] --START--
INFO: Run Behavior\ShowPageTraceBehavior [ RunTime:0.003253s ]
INFO: [ app_end ] --END-- [ RunTime:0.003880s ]

[ 2016-10-21T17:05:33+08:00 ] ::1 /Integral/index.php/Admin/class
INFO: [ app_init ] --START--
INFO: Run Behavior\BuildLiteBehavior [ RunTime:0.000009s ]
INFO: [ app_init ] --END-- [ RunTime:0.000515s ]
INFO: [ app_begin ] --START--
INFO: Run Behavior\ReadHtmlCacheBehavior [ RunTime:0.001734s ]
INFO: [ app_begin ] --END-- [ RunTime:0.001800s ]
INFO: [ view_parse ] --START--
INFO: [ template_filter ] --START--
INFO: Run Behavior\ContentReplaceBehavior [ RunTime:0.000182s ]
INFO: [ template_filter ] --END-- [ RunTime:0.000258s ]
INFO: Run Behavior\ParseTemplateBehavior [ RunTime:0.014122s ]
INFO: [ view_parse ] --END-- [ RunTime:0.014174s ]
INFO: [ view_filter ] --START--
INFO: Run Behavior\WriteHtmlCacheBehavior [ RunTime:0.001206s ]
INFO: [ view_filter ] --END-- [ RunTime:0.001232s ]
INFO: [ app_end ] --START--
INFO: Run Behavior\ShowPageTraceBehavior [ RunTime:0.002388s ]
INFO: [ app_end ] --END-- [ RunTime:0.002460s ]

[ 2016-10-21T17:05:35+08:00 ] ::1 /Integral/index.php/Input/input.html
INFO: [ app_init ] --START--
INFO: Run Behavior\BuildLiteBehavior [ RunTime:0.000019s ]
INFO: [ app_init ] --END-- [ RunTime:0.000944s ]
INFO: [ app_begin ] --START--
INFO: Run Behavior\ReadHtmlCacheBehavior [ RunTime:0.002783s ]
INFO: [ app_begin ] --END-- [ RunTime:0.002869s ]
NOTIC: [2] Declaration of Admin\Model\ScoredetailModel::find() should be compatible with Think\Model::find($options = Array) E:\PHP\httpd-2.4.23-win64-VC14\Apache24\htdocs\Integral\Application\Admin\Model\ScoredetailModel.class.php 第 4 行.

