[ 2016-10-25T18:54:51+08:00 ] ::1 /Integral/index.php/admin/Tables/tables.html
INFO: [ app_init ] --START--
INFO: Run Behavior\BuildLiteBehavior [ RunTime:0.000025s ]
INFO: [ app_init ] --END-- [ RunTime:0.031438s ]
INFO: [ app_begin ] --START--
INFO: Run Behavior\ReadHtmlCacheBehavior [ RunTime:0.083215s ]
INFO: [ app_begin ] --END-- [ RunTime:0.083338s ]
NOTIC: [8] Undefined index: c_name E:\PHP\httpd-2.4.23-win64-VC14\Apache24\htdocs\Integral\Application\Admin\Controller\TablesController.class.php 第 13 行.
NOTIC: [8] Undefined index: s_id E:\PHP\httpd-2.4.23-win64-VC14\Apache24\htdocs\Integral\Application\Admin\Controller\TablesController.class.php 第 14 行.
NOTIC: [8] Undefined index: sc_union E:\PHP\httpd-2.4.23-win64-VC14\Apache24\htdocs\Integral\Application\Admin\Controller\TablesController.class.php 第 15 行.
NOTIC: [8] Undefined variable: filter E:\PHP\httpd-2.4.23-win64-VC14\Apache24\htdocs\Integral\Application\Admin\Controller\TablesController.class.php 第 30 行.
SQL: SELECT COUNT(*) AS tp_count FROM `tp_scoredetail` LIMIT 1   [ RunTime:0.000921s ]
NOTIC: [8] Undefined variable: filter E:\PHP\httpd-2.4.23-win64-VC14\Apache24\htdocs\Integral\Application\Admin\Controller\TablesController.class.php 第 48 行.
SQL: SELECT * FROM `tp_scoredetail` ORDER BY id desc LIMIT 0,30   [ RunTime:0.000358s ]
INFO: [ view_parse ] --START--
INFO: [ template_filter ] --START--
INFO: Run Behavior\ContentReplaceBehavior [ RunTime:0.000703s ]
INFO: [ template_filter ] --END-- [ RunTime:0.000811s ]
NOTIC: [8] Undefined index: c_name E:\PHP\httpd-2.4.23-win64-VC14\Apache24\htdocs\Integral\Application\Runtime\Cache\Admin\028392e504fc80bf64506a8dce359984.php 第 118 行.
NOTIC: [8] Undefined index: s_id E:\PHP\httpd-2.4.23-win64-VC14\Apache24\htdocs\Integral\Application\Runtime\Cache\Admin\028392e504fc80bf64506a8dce359984.php 第 123 行.
NOTIC: [8] Undefined index: sc_union E:\PHP\httpd-2.4.23-win64-VC14\Apache24\htdocs\Integral\Application\Runtime\Cache\Admin\028392e504fc80bf64506a8dce359984.php 第 128 行.
INFO: Run Behavior\ParseTemplateBehavior [ RunTime:0.880229s ]
INFO: [ view_parse ] --END-- [ RunTime:0.880488s ]
INFO: [ view_filter ] --START--
INFO: Run Behavior\WriteHtmlCacheBehavior [ RunTime:0.191472s ]
INFO: [ view_filter ] --END-- [ RunTime:0.191559s ]
INFO: [ app_end ] --START--
INFO: Run Behavior\ShowPageTraceBehavior [ RunTime:0.455415s ]
INFO: [ app_end ] --END-- [ RunTime:0.455489s ]

[ 2016-10-25T18:55:35+08:00 ] ::1 /Integral/index.php/admin/Tables/tables.html
INFO: [ app_init ] --START--
INFO: Run Behavior\BuildLiteBehavior [ RunTime:0.000012s ]
INFO: [ app_init ] --END-- [ RunTime:0.000788s ]
INFO: [ app_begin ] --START--
INFO: Run Behavior\ReadHtmlCacheBehavior [ RunTime:0.000651s ]
INFO: [ app_begin ] --END-- [ RunTime:0.000690s ]
NOTIC: [8] Undefined index: c_name E:\PHP\httpd-2.4.23-win64-VC14\Apache24\htdocs\Integral\Application\Admin\Controller\TablesController.class.php 第 13 行.
NOTIC: [8] Undefined index: s_id E:\PHP\httpd-2.4.23-win64-VC14\Apache24\htdocs\Integral\Application\Admin\Controller\TablesController.class.php 第 14 行.
NOTIC: [8] Undefined index: sc_union E:\PHP\httpd-2.4.23-win64-VC14\Apache24\htdocs\Integral\Application\Admin\Controller\TablesController.class.php 第 15 行.
NOTIC: [8] Undefined variable: filter E:\PHP\httpd-2.4.23-win64-VC14\Apache24\htdocs\Integral\Application\Admin\Controller\TablesController.class.php 第 30 行.
SQL: SELECT COUNT(*) AS tp_count FROM `tp_scoredetail` LIMIT 1   [ RunTime:0.000167s ]
NOTIC: [8] Undefined variable: filter E:\PHP\httpd-2.4.23-win64-VC14\Apache24\htdocs\Integral\Application\Admin\Controller\TablesController.class.php 第 48 行.
SQL: SELECT * FROM `tp_scoredetail` ORDER BY id desc LIMIT 0,30   [ RunTime:0.000286s ]
INFO: [ view_parse ] --START--
INFO: [ template_filter ] --START--
INFO: Run Behavior\ContentReplaceBehavior [ RunTime:0.000270s ]
INFO: [ template_filter ] --END-- [ RunTime:0.000328s ]
NOTIC: [8] Undefined index: c_name E:\PHP\httpd-2.4.23-win64-VC14\Apache24\htdocs\Integral\Application\Runtime\Cache\Admin\028392e504fc80bf64506a8dce359984.php 第 118 行.
NOTIC: [8] Undefined index: s_id E:\PHP\httpd-2.4.23-win64-VC14\Apache24\htdocs\Integral\Application\Runtime\Cache\Admin\028392e504fc80bf64506a8dce359984.php 第 123 行.
NOTIC: [8] Undefined index: sc_union E:\PHP\httpd-2.4.23-win64-VC14\Apache24\htdocs\Integral\Application\Runtime\Cache\Admin\028392e504fc80bf64506a8dce359984.php 第 128 行.
INFO: Run Behavior\ParseTemplateBehavior [ RunTime:0.013505s ]
INFO: [ view_parse ] --END-- [ RunTime:0.013573s ]
INFO: [ view_filter ] --START--
INFO: Run Behavior\WriteHtmlCacheBehavior [ RunTime:0.000774s ]
INFO: [ view_filter ] --END-- [ RunTime:0.000803s ]
INFO: [ app_end ] --START--
INFO: Run Behavior\ShowPageTraceBehavior [ RunTime:0.002137s ]
INFO: [ app_end ] --END-- [ RunTime:0.002221s ]

[ 2016-10-25T19:00:09+08:00 ] ::1 /Integral/index.php/admin/Tables/tables.html
INFO: [ app_init ] --START--
INFO: Run Behavior\BuildLiteBehavior [ RunTime:0.000014s ]
INFO: [ app_init ] --END-- [ RunTime:0.000908s ]
INFO: [ app_begin ] --START--
INFO: Run Behavior\ReadHtmlCacheBehavior [ RunTime:0.002248s ]
INFO: [ app_begin ] --END-- [ RunTime:0.002312s ]
NOTIC: [8] Undefined index: c_name E:\PHP\httpd-2.4.23-win64-VC14\Apache24\htdocs\Integral\Application\Admin\Controller\TablesController.class.php 第 13 行.
NOTIC: [8] Undefined index: s_id E:\PHP\httpd-2.4.23-win64-VC14\Apache24\htdocs\Integral\Application\Admin\Controller\TablesController.class.php 第 14 行.
NOTIC: [8] Undefined index: sc_union E:\PHP\httpd-2.4.23-win64-VC14\Apache24\htdocs\Integral\Application\Admin\Controller\TablesController.class.php 第 15 行.
NOTIC: [8] Undefined variable: filter E:\PHP\httpd-2.4.23-win64-VC14\Apache24\htdocs\Integral\Application\Admin\Controller\TablesController.class.php 第 30 行.
SQL: SELECT COUNT(*) AS tp_count FROM `tp_scoredetail` LIMIT 1   [ RunTime:0.000230s ]
NOTIC: [8] Undefined variable: filter E:\PHP\httpd-2.4.23-win64-VC14\Apache24\htdocs\Integral\Application\Admin\Controller\TablesController.class.php 第 48 行.
SQL: SELECT * FROM `tp_scoredetail` ORDER BY id desc LIMIT 0,30   [ RunTime:0.000383s ]
INFO: [ view_parse ] --START--
INFO: [ template_filter ] --START--
INFO: Run Behavior\ContentReplaceBehavior [ RunTime:0.000408s ]
INFO: [ template_filter ] --END-- [ RunTime:0.000497s ]
NOTIC: [8] Undefined index: c_name E:\PHP\httpd-2.4.23-win64-VC14\Apache24\htdocs\Integral\Application\Runtime\Cache\Admin\028392e504fc80bf64506a8dce359984.php 第 118 行.
NOTIC: [8] Undefined index: s_id E:\PHP\httpd-2.4.23-win64-VC14\Apache24\htdocs\Integral\Application\Runtime\Cache\Admin\028392e504fc80bf64506a8dce359984.php 第 123 行.
NOTIC: [8] Undefined index: sc_union E:\PHP\httpd-2.4.23-win64-VC14\Apache24\htdocs\Integral\Application\Runtime\Cache\Admin\028392e504fc80bf64506a8dce359984.php 第 128 行.
INFO: Run Behavior\ParseTemplateBehavior [ RunTime:0.173808s ]
INFO: [ view_parse ] --END-- [ RunTime:0.173983s ]
INFO: [ view_filter ] --START--
INFO: Run Behavior\WriteHtmlCacheBehavior [ RunTime:0.002288s ]
INFO: [ view_filter ] --END-- [ RunTime:0.002355s ]
INFO: [ app_end ] --START--
INFO: Run Behavior\ShowPageTraceBehavior [ RunTime:0.004460s ]
INFO: [ app_end ] --END-- [ RunTime:0.004692s ]

[ 2016-10-25T19:01:08+08:00 ] ::1 /Integral/index.php/admin/Tables/tables.html
INFO: [ app_init ] --START--
INFO: Run Behavior\BuildLiteBehavior [ RunTime:0.000009s ]
INFO: [ app_init ] --END-- [ RunTime:0.000599s ]
INFO: [ app_begin ] --START--
INFO: Run Behavior\ReadHtmlCacheBehavior [ RunTime:0.001946s ]
INFO: [ app_begin ] --END-- [ RunTime:0.001999s ]
NOTIC: [8] Undefined index: c_name E:\PHP\httpd-2.4.23-win64-VC14\Apache24\htdocs\Integral\Application\Admin\Controller\TablesController.class.php 第 13 行.
NOTIC: [8] Undefined index: s_id E:\PHP\httpd-2.4.23-win64-VC14\Apache24\htdocs\Integral\Application\Admin\Controller\TablesController.class.php 第 14 行.
NOTIC: [8] Undefined index: sc_union E:\PHP\httpd-2.4.23-win64-VC14\Apache24\htdocs\Integral\Application\Admin\Controller\TablesController.class.php 第 15 行.
NOTIC: [8] Undefined variable: filter E:\PHP\httpd-2.4.23-win64-VC14\Apache24\htdocs\Integral\Application\Admin\Controller\TablesController.class.php 第 30 行.
SQL: SELECT COUNT(*) AS tp_count FROM `tp_scoredetail` LIMIT 1   [ RunTime:0.000138s ]
NOTIC: [8] Undefined variable: filter E:\PHP\httpd-2.4.23-win64-VC14\Apache24\htdocs\Integral\Application\Admin\Controller\TablesController.class.php 第 48 行.
SQL: SELECT * FROM `tp_scoredetail` ORDER BY id desc LIMIT 0,30   [ RunTime:0.000283s ]
INFO: [ view_parse ] --START--
INFO: [ template_filter ] --START--
INFO: Run Behavior\ContentReplaceBehavior [ RunTime:0.000227s ]
INFO: [ template_filter ] --END-- [ RunTime:0.000264s ]
NOTIC: [8] Undefined index: c_name E:\PHP\httpd-2.4.23-win64-VC14\Apache24\htdocs\Integral\Application\Runtime\Cache\Admin\028392e504fc80bf64506a8dce359984.php 第 118 行.
NOTIC: [8] Undefined index: s_id E:\PHP\httpd-2.4.23-win64-VC14\Apache24\htdocs\Integral\Application\Runtime\Cache\Admin\028392e504fc80bf64506a8dce359984.php 第 123 行.
NOTIC: [8] Undefined index: sc_union E:\PHP\httpd-2.4.23-win64-VC14\Apache24\htdocs\Integral\Application\Runtime\Cache\Admin\028392e504fc80bf64506a8dce359984.php 第 128 行.
INFO: Run Behavior\ParseTemplateBehavior [ RunTime:0.013570s ]
INFO: [ view_parse ] --END-- [ RunTime:0.013606s ]
INFO: [ view_filter ] --START--
INFO: Run Behavior\WriteHtmlCacheBehavior [ RunTime:0.001290s ]
INFO: [ view_filter ] --END-- [ RunTime:0.001328s ]
INFO: [ app_end ] --START--
INFO: Run Behavior\ShowPageTraceBehavior [ RunTime:0.004236s ]
INFO: [ app_end ] --END-- [ RunTime:0.004302s ]

[ 2016-10-25T19:01:13+08:00 ] ::1 /Integral/index.php/Tables/tables/p/7.html
INFO: [ app_init ] --START--
INFO: Run Behavior\BuildLiteBehavior [ RunTime:0.000013s ]
INFO: [ app_init ] --END-- [ RunTime:0.000627s ]
INFO: [ app_begin ] --START--
INFO: Run Behavior\ReadHtmlCacheBehavior [ RunTime:0.001034s ]
INFO: [ app_begin ] --END-- [ RunTime:0.001081s ]
NOTIC: [8] Undefined index: c_name E:\PHP\httpd-2.4.23-win64-VC14\Apache24\htdocs\Integral\Application\Admin\Controller\TablesController.class.php 第 13 行.
NOTIC: [8] Undefined index: s_id E:\PHP\httpd-2.4.23-win64-VC14\Apache24\htdocs\Integral\Application\Admin\Controller\TablesController.class.php 第 14 行.
NOTIC: [8] Undefined index: sc_union E:\PHP\httpd-2.4.23-win64-VC14\Apache24\htdocs\Integral\Application\Admin\Controller\TablesController.class.php 第 15 行.
NOTIC: [8] Undefined variable: filter E:\PHP\httpd-2.4.23-win64-VC14\Apache24\htdocs\Integral\Application\Admin\Controller\TablesController.class.php 第 30 行.
SQL: SELECT COUNT(*) AS tp_count FROM `tp_scoredetail` LIMIT 1   [ RunTime:0.000259s ]
NOTIC: [8] Undefined variable: filter E:\PHP\httpd-2.4.23-win64-VC14\Apache24\htdocs\Integral\Application\Admin\Controller\TablesController.class.php 第 48 行.
SQL: SELECT * FROM `tp_scoredetail` ORDER BY id desc LIMIT 180,30   [ RunTime:0.018427s ]
INFO: [ view_parse ] --START--
INFO: [ template_filter ] --START--
INFO: Run Behavior\ContentReplaceBehavior [ RunTime:0.000443s ]
INFO: [ template_filter ] --END-- [ RunTime:0.000493s ]
NOTIC: [8] Undefined index: c_name E:\PHP\httpd-2.4.23-win64-VC14\Apache24\htdocs\Integral\Application\Runtime\Cache\Admin\028392e504fc80bf64506a8dce359984.php 第 118 行.
NOTIC: [8] Undefined index: s_id E:\PHP\httpd-2.4.23-win64-VC14\Apache24\htdocs\Integral\Application\Runtime\Cache\Admin\028392e504fc80bf64506a8dce359984.php 第 123 行.
NOTIC: [8] Undefined index: sc_union E:\PHP\httpd-2.4.23-win64-VC14\Apache24\htdocs\Integral\Application\Runtime\Cache\Admin\028392e504fc80bf64506a8dce359984.php 第 128 行.
INFO: Run Behavior\ParseTemplateBehavior [ RunTime:0.021974s ]
INFO: [ view_parse ] --END-- [ RunTime:0.022017s ]
INFO: [ view_filter ] --START--
INFO: Run Behavior\WriteHtmlCacheBehavior [ RunTime:0.000913s ]
INFO: [ view_filter ] --END-- [ RunTime:0.000943s ]
INFO: [ app_end ] --START--
INFO: Run Behavior\ShowPageTraceBehavior [ RunTime:0.001744s ]
INFO: [ app_end ] --END-- [ RunTime:0.001808s ]

[ 2016-10-25T19:01:42+08:00 ] ::1 /Integral/index.php/Tables/tables/p/7.html
INFO: [ app_init ] --START--
INFO: Run Behavior\BuildLiteBehavior [ RunTime:0.000010s ]
INFO: [ app_init ] --END-- [ RunTime:0.000389s ]
INFO: [ app_begin ] --START--
INFO: Run Behavior\ReadHtmlCacheBehavior [ RunTime:0.001008s ]
INFO: [ app_begin ] --END-- [ RunTime:0.001099s ]
NOTIC: [8] Undefined index: c_name E:\PHP\httpd-2.4.23-win64-VC14\Apache24\htdocs\Integral\Application\Admin\Controller\TablesController.class.php 第 13 行.
NOTIC: [8] Undefined index: s_id E:\PHP\httpd-2.4.23-win64-VC14\Apache24\htdocs\Integral\Application\Admin\Controller\TablesController.class.php 第 14 行.
NOTIC: [8] Undefined index: sc_union E:\PHP\httpd-2.4.23-win64-VC14\Apache24\htdocs\Integral\Application\Admin\Controller\TablesController.class.php 第 15 行.
NOTIC: [8] Undefined variable: filter E:\PHP\httpd-2.4.23-win64-VC14\Apache24\htdocs\Integral\Application\Admin\Controller\TablesController.class.php 第 30 行.
SQL: SELECT COUNT(*) AS tp_count FROM `tp_scoredetail` LIMIT 1   [ RunTime:0.000101s ]
NOTIC: [8] Undefined variable: filter E:\PHP\httpd-2.4.23-win64-VC14\Apache24\htdocs\Integral\Application\Admin\Controller\TablesController.class.php 第 48 行.
SQL: SELECT * FROM `tp_scoredetail` ORDER BY id desc LIMIT 180,30   [ RunTime:0.000239s ]
INFO: [ view_parse ] --START--
INFO: [ template_filter ] --START--
INFO: Run Behavior\ContentReplaceBehavior [ RunTime:0.000245s ]
INFO: [ template_filter ] --END-- [ RunTime:0.000302s ]
NOTIC: [8] Undefined index: c_name E:\PHP\httpd-2.4.23-win64-VC14\Apache24\htdocs\Integral\Application\Runtime\Cache\Admin\028392e504fc80bf64506a8dce359984.php 第 118 行.
NOTIC: [8] Undefined index: s_id E:\PHP\httpd-2.4.23-win64-VC14\Apache24\htdocs\Integral\Application\Runtime\Cache\Admin\028392e504fc80bf64506a8dce359984.php 第 123 行.
NOTIC: [8] Undefined index: sc_union E:\PHP\httpd-2.4.23-win64-VC14\Apache24\htdocs\Integral\Application\Runtime\Cache\Admin\028392e504fc80bf64506a8dce359984.php 第 128 行.
INFO: Run Behavior\ParseTemplateBehavior [ RunTime:0.013773s ]
INFO: [ view_parse ] --END-- [ RunTime:0.013807s ]
INFO: [ view_filter ] --START--
INFO: Run Behavior\WriteHtmlCacheBehavior [ RunTime:0.000920s ]
INFO: [ view_filter ] --END-- [ RunTime:0.000952s ]
INFO: [ app_end ] --START--
INFO: Run Behavior\ShowPageTraceBehavior [ RunTime:0.001744s ]
INFO: [ app_end ] --END-- [ RunTime:0.001804s ]

[ 2016-10-25T19:01:48+08:00 ] ::1 /Integral/index.php/Tables/tables/p/1.html
INFO: [ app_init ] --START--
INFO: Run Behavior\BuildLiteBehavior [ RunTime:0.000011s ]
INFO: [ app_init ] --END-- [ RunTime:0.000705s ]
INFO: [ app_begin ] --START--
INFO: Run Behavior\ReadHtmlCacheBehavior [ RunTime:0.001516s ]
INFO: [ app_begin ] --END-- [ RunTime:0.001563s ]
NOTIC: [8] Undefined index: c_name E:\PHP\httpd-2.4.23-win64-VC14\Apache24\htdocs\Integral\Application\Admin\Controller\TablesController.class.php 第 13 行.
NOTIC: [8] Undefined index: s_id E:\PHP\httpd-2.4.23-win64-VC14\Apache24\htdocs\Integral\Application\Admin\Controller\TablesController.class.php 第 14 行.
NOTIC: [8] Undefined index: sc_union E:\PHP\httpd-2.4.23-win64-VC14\Apache24\htdocs\Integral\Application\Admin\Controller\TablesController.class.php 第 15 行.
NOTIC: [8] Undefined variable: filter E:\PHP\httpd-2.4.23-win64-VC14\Apache24\htdocs\Integral\Application\Admin\Controller\TablesController.class.php 第 30 行.
SQL: SELECT COUNT(*) AS tp_count FROM `tp_scoredetail` LIMIT 1   [ RunTime:0.000160s ]
NOTIC: [8] Undefined variable: filter E:\PHP\httpd-2.4.23-win64-VC14\Apache24\htdocs\Integral\Application\Admin\Controller\TablesController.class.php 第 48 行.
SQL: SELECT * FROM `tp_scoredetail` ORDER BY id desc LIMIT 0,30   [ RunTime:0.000288s ]
INFO: [ view_parse ] --START--
INFO: [ template_filter ] --START--
INFO: Run Behavior\ContentReplaceBehavior [ RunTime:0.000225s ]
INFO: [ template_filter ] --END-- [ RunTime:0.000271s ]
NOTIC: [8] Undefined index: c_name E:\PHP\httpd-2.4.23-win64-VC14\Apache24\htdocs\Integral\Application\Runtime\Cache\Admin\028392e504fc80bf64506a8dce359984.php 第 118 行.
NOTIC: [8] Undefined index: s_id E:\PHP\httpd-2.4.23-win64-VC14\Apache24\htdocs\Integral\Application\Runtime\Cache\Admin\028392e504fc80bf64506a8dce359984.php 第 123 行.
NOTIC: [8] Undefined index: sc_union E:\PHP\httpd-2.4.23-win64-VC14\Apache24\htdocs\Integral\Application\Runtime\Cache\Admin\028392e504fc80bf64506a8dce359984.php 第 128 行.
INFO: Run Behavior\ParseTemplateBehavior [ RunTime:0.014084s ]
INFO: [ view_parse ] --END-- [ RunTime:0.014137s ]
INFO: [ view_filter ] --START--
INFO: Run Behavior\WriteHtmlCacheBehavior [ RunTime:0.001283s ]
INFO: [ view_filter ] --END-- [ RunTime:0.001328s ]
INFO: [ app_end ] --START--
INFO: Run Behavior\ShowPageTraceBehavior [ RunTime:0.002511s ]
INFO: [ app_end ] --END-- [ RunTime:0.002569s ]

[ 2016-10-25T19:01:52+08:00 ] ::1 /Integral/index.php/Tables/tables/p/7.html
INFO: [ app_init ] --START--
INFO: Run Behavior\BuildLiteBehavior [ RunTime:0.000010s ]
INFO: [ app_init ] --END-- [ RunTime:0.000697s ]
INFO: [ app_begin ] --START--
INFO: Run Behavior\ReadHtmlCacheBehavior [ RunTime:0.001411s ]
INFO: [ app_begin ] --END-- [ RunTime:0.001450s ]
NOTIC: [8] Undefined index: c_name E:\PHP\httpd-2.4.23-win64-VC14\Apache24\htdocs\Integral\Application\Admin\Controller\TablesController.class.php 第 13 行.
NOTIC: [8] Undefined index: s_id E:\PHP\httpd-2.4.23-win64-VC14\Apache24\htdocs\Integral\Application\Admin\Controller\TablesController.class.php 第 14 行.
NOTIC: [8] Undefined index: sc_union E:\PHP\httpd-2.4.23-win64-VC14\Apache24\htdocs\Integral\Application\Admin\Controller\TablesController.class.php 第 15 行.
NOTIC: [8] Undefined variable: filter E:\PHP\httpd-2.4.23-win64-VC14\Apache24\htdocs\Integral\Application\Admin\Controller\TablesController.class.php 第 30 行.
SQL: SELECT COUNT(*) AS tp_count FROM `tp_scoredetail` LIMIT 1   [ RunTime:0.000163s ]
NOTIC: [8] Undefined variable: filter E:\PHP\httpd-2.4.23-win64-VC14\Apache24\htdocs\Integral\Application\Admin\Controller\TablesController.class.php 第 48 行.
SQL: SELECT * FROM `tp_scoredetail` ORDER BY id desc LIMIT 180,30   [ RunTime:0.000303s ]
INFO: [ view_parse ] --START--
INFO: [ template_filter ] --START--
INFO: Run Behavior\ContentReplaceBehavior [ RunTime:0.000216s ]
INFO: [ template_filter ] --END-- [ RunTime:0.000263s ]
NOTIC: [8] Undefined index: c_name E:\PHP\httpd-2.4.23-win64-VC14\Apache24\htdocs\Integral\Application\Runtime\Cache\Admin\028392e504fc80bf64506a8dce359984.php 第 118 行.
NOTIC: [8] Undefined index: s_id E:\PHP\httpd-2.4.23-win64-VC14\Apache24\htdocs\Integral\Application\Runtime\Cache\Admin\028392e504fc80bf64506a8dce359984.php 第 123 行.
NOTIC: [8] Undefined index: sc_union E:\PHP\httpd-2.4.23-win64-VC14\Apache24\htdocs\Integral\Application\Runtime\Cache\Admin\028392e504fc80bf64506a8dce359984.php 第 128 行.
INFO: Run Behavior\ParseTemplateBehavior [ RunTime:0.014281s ]
INFO: [ view_parse ] --END-- [ RunTime:0.014320s ]
INFO: [ view_filter ] --START--
INFO: Run Behavior\WriteHtmlCacheBehavior [ RunTime:0.001337s ]
INFO: [ view_filter ] --END-- [ RunTime:0.001366s ]
INFO: [ app_end ] --START--
INFO: Run Behavior\ShowPageTraceBehavior [ RunTime:0.002043s ]
INFO: [ app_end ] --END-- [ RunTime:0.002087s ]

[ 2016-10-25T19:02:08+08:00 ] ::1 /Integral/index.php/Tables/tables/p/6.html
INFO: [ app_init ] --START--
INFO: Run Behavior\BuildLiteBehavior [ RunTime:0.000012s ]
INFO: [ app_init ] --END-- [ RunTime:0.000737s ]
INFO: [ app_begin ] --START--
INFO: Run Behavior\ReadHtmlCacheBehavior [ RunTime:0.001570s ]
INFO: [ app_begin ] --END-- [ RunTime:0.001645s ]
NOTIC: [8] Undefined index: c_name E:\PHP\httpd-2.4.23-win64-VC14\Apache24\htdocs\Integral\Application\Admin\Controller\TablesController.class.php 第 13 行.
NOTIC: [8] Undefined index: s_id E:\PHP\httpd-2.4.23-win64-VC14\Apache24\htdocs\Integral\Application\Admin\Controller\TablesController.class.php 第 14 行.
NOTIC: [8] Undefined index: sc_union E:\PHP\httpd-2.4.23-win64-VC14\Apache24\htdocs\Integral\Application\Admin\Controller\TablesController.class.php 第 15 行.
NOTIC: [8] Undefined variable: filter E:\PHP\httpd-2.4.23-win64-VC14\Apache24\htdocs\Integral\Application\Admin\Controller\TablesController.class.php 第 30 行.
SQL: SELECT COUNT(*) AS tp_count FROM `tp_scoredetail` LIMIT 1   [ RunTime:0.000169s ]
NOTIC: [8] Undefined variable: filter E:\PHP\httpd-2.4.23-win64-VC14\Apache24\htdocs\Integral\Application\Admin\Controller\TablesController.class.php 第 48 行.
SQL: SELECT * FROM `tp_scoredetail` ORDER BY id desc LIMIT 150,30   [ RunTime:0.001108s ]
INFO: [ view_parse ] --START--
INFO: [ template_filter ] --START--
INFO: Run Behavior\ContentReplaceBehavior [ RunTime:0.000231s ]
INFO: [ template_filter ] --END-- [ RunTime:0.000265s ]
NOTIC: [8] Undefined index: c_name E:\PHP\httpd-2.4.23-win64-VC14\Apache24\htdocs\Integral\Application\Runtime\Cache\Admin\028392e504fc80bf64506a8dce359984.php 第 118 行.
NOTIC: [8] Undefined index: s_id E:\PHP\httpd-2.4.23-win64-VC14\Apache24\htdocs\Integral\Application\Runtime\Cache\Admin\028392e504fc80bf64506a8dce359984.php 第 123 行.
NOTIC: [8] Undefined index: sc_union E:\PHP\httpd-2.4.23-win64-VC14\Apache24\htdocs\Integral\Application\Runtime\Cache\Admin\028392e504fc80bf64506a8dce359984.php 第 128 行.
INFO: Run Behavior\ParseTemplateBehavior [ RunTime:0.014090s ]
INFO: [ view_parse ] --END-- [ RunTime:0.014128s ]
INFO: [ view_filter ] --START--
INFO: Run Behavior\WriteHtmlCacheBehavior [ RunTime:0.001362s ]
INFO: [ view_filter ] --END-- [ RunTime:0.001401s ]
INFO: [ app_end ] --START--
INFO: Run Behavior\ShowPageTraceBehavior [ RunTime:0.002428s ]
INFO: [ app_end ] --END-- [ RunTime:0.002495s ]

[ 2016-10-25T19:02:22+08:00 ] ::1 /Integral/index.php/Tables/tables/p/7.html
INFO: [ app_init ] --START--
INFO: Run Behavior\BuildLiteBehavior [ RunTime:0.000016s ]
INFO: [ app_init ] --END-- [ RunTime:0.000914s ]
INFO: [ app_begin ] --START--
INFO: Run Behavior\ReadHtmlCacheBehavior [ RunTime:0.001905s ]
INFO: [ app_begin ] --END-- [ RunTime:0.001981s ]
NOTIC: [8] Undefined index: c_name E:\PHP\httpd-2.4.23-win64-VC14\Apache24\htdocs\Integral\Application\Admin\Controller\TablesController.class.php 第 13 行.
NOTIC: [8] Undefined index: s_id E:\PHP\httpd-2.4.23-win64-VC14\Apache24\htdocs\Integral\Application\Admin\Controller\TablesController.class.php 第 14 行.
NOTIC: [8] Undefined index: sc_union E:\PHP\httpd-2.4.23-win64-VC14\Apache24\htdocs\Integral\Application\Admin\Controller\TablesController.class.php 第 15 行.
NOTIC: [8] Undefined variable: filter E:\PHP\httpd-2.4.23-win64-VC14\Apache24\htdocs\Integral\Application\Admin\Controller\TablesController.class.php 第 30 行.
SQL: SELECT COUNT(*) AS tp_count FROM `tp_scoredetail` LIMIT 1   [ RunTime:0.000106s ]
NOTIC: [8] Undefined variable: filter E:\PHP\httpd-2.4.23-win64-VC14\Apache24\htdocs\Integral\Application\Admin\Controller\TablesController.class.php 第 48 行.
SQL: SELECT * FROM `tp_scoredetail` ORDER BY id desc LIMIT 180,30   [ RunTime:0.000245s ]
INFO: [ view_parse ] --START--
INFO: [ template_filter ] --START--
INFO: Run Behavior\ContentReplaceBehavior [ RunTime:0.000223s ]
INFO: [ template_filter ] --END-- [ RunTime:0.000267s ]
NOTIC: [8] Undefined index: c_name E:\PHP\httpd-2.4.23-win64-VC14\Apache24\htdocs\Integral\Application\Runtime\Cache\Admin\028392e504fc80bf64506a8dce359984.php 第 118 行.
NOTIC: [8] Undefined index: s_id E:\PHP\httpd-2.4.23-win64-VC14\Apache24\htdocs\Integral\Application\Runtime\Cache\Admin\028392e504fc80bf64506a8dce359984.php 第 123 行.
NOTIC: [8] Undefined index: sc_union E:\PHP\httpd-2.4.23-win64-VC14\Apache24\htdocs\Integral\Application\Runtime\Cache\Admin\028392e504fc80bf64506a8dce359984.php 第 128 行.
INFO: Run Behavior\ParseTemplateBehavior [ RunTime:0.014177s ]
INFO: [ view_parse ] --END-- [ RunTime:0.014216s ]
INFO: [ view_filter ] --START--
INFO: Run Behavior\WriteHtmlCacheBehavior [ RunTime:0.001406s ]
INFO: [ view_filter ] --END-- [ RunTime:0.001455s ]
INFO: [ app_end ] --START--
INFO: Run Behavior\ShowPageTraceBehavior [ RunTime:0.003094s ]
INFO: [ app_end ] --END-- [ RunTime:0.003175s ]

[ 2016-10-25T19:02:30+08:00 ] ::1 /Integral/index.php/Tables/tables/p/1.html
INFO: [ app_init ] --START--
INFO: Run Behavior\BuildLiteBehavior [ RunTime:0.000009s ]
INFO: [ app_init ] --END-- [ RunTime:0.000597s ]
INFO: [ app_begin ] --START--
INFO: Run Behavior\ReadHtmlCacheBehavior [ RunTime:0.001326s ]
INFO: [ app_begin ] --END-- [ RunTime:0.001377s ]
NOTIC: [8] Undefined index: c_name E:\PHP\httpd-2.4.23-win64-VC14\Apache24\htdocs\Integral\Application\Admin\Controller\TablesController.class.php 第 13 行.
NOTIC: [8] Undefined index: s_id E:\PHP\httpd-2.4.23-win64-VC14\Apache24\htdocs\Integral\Application\Admin\Controller\TablesController.class.php 第 14 行.
NOTIC: [8] Undefined index: sc_union E:\PHP\httpd-2.4.23-win64-VC14\Apache24\htdocs\Integral\Application\Admin\Controller\TablesController.class.php 第 15 行.
NOTIC: [8] Undefined variable: filter E:\PHP\httpd-2.4.23-win64-VC14\Apache24\htdocs\Integral\Application\Admin\Controller\TablesController.class.php 第 30 行.
SQL: SELECT COUNT(*) AS tp_count FROM `tp_scoredetail` LIMIT 1   [ RunTime:0.000170s ]
NOTIC: [8] Undefined variable: filter E:\PHP\httpd-2.4.23-win64-VC14\Apache24\htdocs\Integral\Application\Admin\Controller\TablesController.class.php 第 48 行.
SQL: SELECT * FROM `tp_scoredetail` ORDER BY id desc LIMIT 0,30   [ RunTime:0.000287s ]
INFO: [ view_parse ] --START--
INFO: [ template_filter ] --START--
INFO: Run Behavior\ContentReplaceBehavior [ RunTime:0.000226s ]
INFO: [ template_filter ] --END-- [ RunTime:0.000269s ]
NOTIC: [8] Undefined index: c_name E:\PHP\httpd-2.4.23-win64-VC14\Apache24\htdocs\Integral\Application\Runtime\Cache\Admin\028392e504fc80bf64506a8dce359984.php 第 118 行.
NOTIC: [8] Undefined index: s_id E:\PHP\httpd-2.4.23-win64-VC14\Apache24\htdocs\Integral\Application\Runtime\Cache\Admin\028392e504fc80bf64506a8dce359984.php 第 123 行.
NOTIC: [8] Undefined index: sc_union E:\PHP\httpd-2.4.23-win64-VC14\Apache24\htdocs\Integral\Application\Runtime\Cache\Admin\028392e504fc80bf64506a8dce359984.php 第 128 行.
INFO: Run Behavior\ParseTemplateBehavior [ RunTime:0.013968s ]
INFO: [ view_parse ] --END-- [ RunTime:0.014007s ]
INFO: [ view_filter ] --START--
INFO: Run Behavior\WriteHtmlCacheBehavior [ RunTime:0.001181s ]
INFO: [ view_filter ] --END-- [ RunTime:0.001217s ]
INFO: [ app_end ] --START--
INFO: Run Behavior\ShowPageTraceBehavior [ RunTime:0.002895s ]
INFO: [ app_end ] --END-- [ RunTime:0.002954s ]

[ 2016-10-25T19:02:39+08:00 ] ::1 /Integral/index.php/Tables/edit.html
INFO: [ app_init ] --START--
INFO: Run Behavior\BuildLiteBehavior [ RunTime:0.000011s ]
INFO: [ app_init ] --END-- [ RunTime:0.000637s ]
INFO: [ app_begin ] --START--
INFO: Run Behavior\ReadHtmlCacheBehavior [ RunTime:0.004219s ]
INFO: [ app_begin ] --END-- [ RunTime:0.004452s ]
SQL: SELECT * FROM `tp_scoredetail` WHERE ( id=207 ) LIMIT 1   [ RunTime:0.000454s ]

[ 2016-10-25T19:05:39+08:00 ] ::1 /Integral/index.php/Tables/tables/p/1.html
INFO: [ app_init ] --START--
INFO: Run Behavior\BuildLiteBehavior [ RunTime:0.000010s ]
INFO: [ app_init ] --END-- [ RunTime:0.000729s ]
INFO: [ app_begin ] --START--
INFO: Run Behavior\ReadHtmlCacheBehavior [ RunTime:0.001524s ]
INFO: [ app_begin ] --END-- [ RunTime:0.001563s ]
NOTIC: [8] Undefined index: c_name E:\PHP\httpd-2.4.23-win64-VC14\Apache24\htdocs\Integral\Application\Admin\Controller\TablesController.class.php 第 13 行.
NOTIC: [8] Undefined index: s_id E:\PHP\httpd-2.4.23-win64-VC14\Apache24\htdocs\Integral\Application\Admin\Controller\TablesController.class.php 第 14 行.
NOTIC: [8] Undefined index: sc_union E:\PHP\httpd-2.4.23-win64-VC14\Apache24\htdocs\Integral\Application\Admin\Controller\TablesController.class.php 第 15 行.
NOTIC: [8] Undefined variable: filter E:\PHP\httpd-2.4.23-win64-VC14\Apache24\htdocs\Integral\Application\Admin\Controller\TablesController.class.php 第 30 行.
SQL: SELECT COUNT(*) AS tp_count FROM `tp_scoredetail` LIMIT 1   [ RunTime:0.000162s ]
NOTIC: [8] Undefined variable: filter E:\PHP\httpd-2.4.23-win64-VC14\Apache24\htdocs\Integral\Application\Admin\Controller\TablesController.class.php 第 48 行.
SQL: SELECT * FROM `tp_scoredetail` ORDER BY id desc LIMIT 0,30   [ RunTime:0.000302s ]
INFO: [ view_parse ] --START--
INFO: [ template_filter ] --START--
INFO: Run Behavior\ContentReplaceBehavior [ RunTime:0.000225s ]
INFO: [ template_filter ] --END-- [ RunTime:0.000259s ]
NOTIC: [8] Undefined index: c_name E:\PHP\httpd-2.4.23-win64-VC14\Apache24\htdocs\Integral\Application\Runtime\Cache\Admin\028392e504fc80bf64506a8dce359984.php 第 118 行.
NOTIC: [8] Undefined index: s_id E:\PHP\httpd-2.4.23-win64-VC14\Apache24\htdocs\Integral\Application\Runtime\Cache\Admin\028392e504fc80bf64506a8dce359984.php 第 123 行.
NOTIC: [8] Undefined index: sc_union E:\PHP\httpd-2.4.23-win64-VC14\Apache24\htdocs\Integral\Application\Runtime\Cache\Admin\028392e504fc80bf64506a8dce359984.php 第 128 行.
INFO: Run Behavior\ParseTemplateBehavior [ RunTime:0.013660s ]
INFO: [ view_parse ] --END-- [ RunTime:0.013709s ]
INFO: [ view_filter ] --START--
INFO: Run Behavior\WriteHtmlCacheBehavior [ RunTime:0.001889s ]
INFO: [ view_filter ] --END-- [ RunTime:0.001942s ]
INFO: [ app_end ] --START--
INFO: Run Behavior\ShowPageTraceBehavior [ RunTime:0.003118s ]
INFO: [ app_end ] --END-- [ RunTime:0.003198s ]

[ 2016-10-25T19:05:53+08:00 ] ::1 /Integral/index.php/Tables/tables/p/1.html
INFO: [ app_init ] --START--
INFO: Run Behavior\BuildLiteBehavior [ RunTime:0.000009s ]
INFO: [ app_init ] --END-- [ RunTime:0.000561s ]
INFO: [ app_begin ] --START--
INFO: Run Behavior\ReadHtmlCacheBehavior [ RunTime:0.000986s ]
INFO: [ app_begin ] --END-- [ RunTime:0.001038s ]
NOTIC: [8] Undefined index: c_name E:\PHP\httpd-2.4.23-win64-VC14\Apache24\htdocs\Integral\Application\Admin\Controller\TablesController.class.php 第 13 行.
NOTIC: [8] Undefined index: s_id E:\PHP\httpd-2.4.23-win64-VC14\Apache24\htdocs\Integral\Application\Admin\Controller\TablesController.class.php 第 14 行.
NOTIC: [8] Undefined index: sc_union E:\PHP\httpd-2.4.23-win64-VC14\Apache24\htdocs\Integral\Application\Admin\Controller\TablesController.class.php 第 15 行.
NOTIC: [8] Undefined variable: filter E:\PHP\httpd-2.4.23-win64-VC14\Apache24\htdocs\Integral\Application\Admin\Controller\TablesController.class.php 第 30 行.
SQL: SELECT COUNT(*) AS tp_count FROM `tp_scoredetail` LIMIT 1   [ RunTime:0.000203s ]
NOTIC: [8] Undefined variable: filter E:\PHP\httpd-2.4.23-win64-VC14\Apache24\htdocs\Integral\Application\Admin\Controller\TablesController.class.php 第 48 行.
SQL: SELECT * FROM `tp_scoredetail` ORDER BY id desc LIMIT 0,30   [ RunTime:0.000280s ]
INFO: [ view_parse ] --START--
INFO: [ template_filter ] --START--
INFO: Run Behavior\ContentReplaceBehavior [ RunTime:0.000269s ]
INFO: [ template_filter ] --END-- [ RunTime:0.000308s ]
NOTIC: [8] Undefined index: c_name E:\PHP\httpd-2.4.23-win64-VC14\Apache24\htdocs\Integral\Application\Runtime\Cache\Admin\028392e504fc80bf64506a8dce359984.php 第 118 行.
NOTIC: [8] Undefined index: s_id E:\PHP\httpd-2.4.23-win64-VC14\Apache24\htdocs\Integral\Application\Runtime\Cache\Admin\028392e504fc80bf64506a8dce359984.php 第 123 行.
NOTIC: [8] Undefined index: sc_union E:\PHP\httpd-2.4.23-win64-VC14\Apache24\htdocs\Integral\Application\Runtime\Cache\Admin\028392e504fc80bf64506a8dce359984.php 第 128 行.
INFO: Run Behavior\ParseTemplateBehavior [ RunTime:0.013964s ]
INFO: [ view_parse ] --END-- [ RunTime:0.014132s ]
INFO: [ view_filter ] --START--
INFO: Run Behavior\WriteHtmlCacheBehavior [ RunTime:0.000902s ]
INFO: [ view_filter ] --END-- [ RunTime:0.000943s ]
INFO: [ app_end ] --START--
INFO: Run Behavior\ShowPageTraceBehavior [ RunTime:0.001620s ]
INFO: [ app_end ] --END-- [ RunTime:0.001694s ]

[ 2016-10-25T19:35:46+08:00 ] ::1 /Integral/index.php/Tables/tables/p/1.html
INFO: [ app_init ] --START--
INFO: Run Behavior\BuildLiteBehavior [ RunTime:0.000023s ]
INFO: [ app_init ] --END-- [ RunTime:0.006646s ]
INFO: [ app_begin ] --START--
INFO: Run Behavior\ReadHtmlCacheBehavior [ RunTime:0.004069s ]
INFO: [ app_begin ] --END-- [ RunTime:0.004175s ]
NOTIC: [8] Undefined index: c_name E:\PHP\httpd-2.4.23-win64-VC14\Apache24\htdocs\Integral\Application\Admin\Controller\TablesController.class.php 第 13 行.
NOTIC: [8] Undefined index: s_id E:\PHP\httpd-2.4.23-win64-VC14\Apache24\htdocs\Integral\Application\Admin\Controller\TablesController.class.php 第 14 行.
NOTIC: [8] Undefined index: sc_union E:\PHP\httpd-2.4.23-win64-VC14\Apache24\htdocs\Integral\Application\Admin\Controller\TablesController.class.php 第 15 行.
NOTIC: [8] Undefined variable: filter E:\PHP\httpd-2.4.23-win64-VC14\Apache24\htdocs\Integral\Application\Admin\Controller\TablesController.class.php 第 30 行.
SQL: SELECT COUNT(*) AS tp_count FROM `tp_scoredetail` LIMIT 1   [ RunTime:0.000623s ]
NOTIC: [8] Undefined variable: filter E:\PHP\httpd-2.4.23-win64-VC14\Apache24\htdocs\Integral\Application\Admin\Controller\TablesController.class.php 第 48 行.
SQL: SELECT * FROM `tp_scoredetail` ORDER BY id desc LIMIT 0,30   [ RunTime:0.000419s ]
INFO: [ view_parse ] --START--
INFO: [ template_filter ] --START--
INFO: Run Behavior\ContentReplaceBehavior [ RunTime:0.000596s ]
INFO: [ template_filter ] --END-- [ RunTime:0.000691s ]
NOTIC: [8] Undefined index: c_name E:\PHP\httpd-2.4.23-win64-VC14\Apache24\htdocs\Integral\Application\Runtime\Cache\Admin\028392e504fc80bf64506a8dce359984.php 第 118 行.
NOTIC: [8] Undefined index: s_id E:\PHP\httpd-2.4.23-win64-VC14\Apache24\htdocs\Integral\Application\Runtime\Cache\Admin\028392e504fc80bf64506a8dce359984.php 第 123 行.
NOTIC: [8] Undefined index: sc_union E:\PHP\httpd-2.4.23-win64-VC14\Apache24\htdocs\Integral\Application\Runtime\Cache\Admin\028392e504fc80bf64506a8dce359984.php 第 128 行.
INFO: Run Behavior\ParseTemplateBehavior [ RunTime:0.117662s ]
INFO: [ view_parse ] --END-- [ RunTime:0.117932s ]
INFO: [ view_filter ] --START--
INFO: Run Behavior\WriteHtmlCacheBehavior [ RunTime:0.015587s ]
INFO: [ view_filter ] --END-- [ RunTime:0.015680s ]
INFO: [ app_end ] --START--
INFO: Run Behavior\ShowPageTraceBehavior [ RunTime:0.010791s ]
INFO: [ app_end ] --END-- [ RunTime:0.010971s ]

[ 2016-10-25T19:38:08+08:00 ] ::1 /Integral/index.php/Tables/tables/p/7.html
INFO: [ app_init ] --START--
INFO: Run Behavior\BuildLiteBehavior [ RunTime:0.000019s ]
INFO: [ app_init ] --END-- [ RunTime:0.000951s ]
INFO: [ app_begin ] --START--
INFO: Run Behavior\ReadHtmlCacheBehavior [ RunTime:0.001638s ]
INFO: [ app_begin ] --END-- [ RunTime:0.001694s ]
NOTIC: [8] Undefined index: c_name E:\PHP\httpd-2.4.23-win64-VC14\Apache24\htdocs\Integral\Application\Admin\Controller\TablesController.class.php 第 13 行.
NOTIC: [8] Undefined index: s_id E:\PHP\httpd-2.4.23-win64-VC14\Apache24\htdocs\Integral\Application\Admin\Controller\TablesController.class.php 第 14 行.
NOTIC: [8] Undefined index: sc_union E:\PHP\httpd-2.4.23-win64-VC14\Apache24\htdocs\Integral\Application\Admin\Controller\TablesController.class.php 第 15 行.
NOTIC: [8] Undefined variable: filter E:\PHP\httpd-2.4.23-win64-VC14\Apache24\htdocs\Integral\Application\Admin\Controller\TablesController.class.php 第 30 行.
SQL: SELECT COUNT(*) AS tp_count FROM `tp_scoredetail` LIMIT 1   [ RunTime:0.000182s ]
NOTIC: [8] Undefined variable: filter E:\PHP\httpd-2.4.23-win64-VC14\Apache24\htdocs\Integral\Application\Admin\Controller\TablesController.class.php 第 48 行.
SQL: SELECT * FROM `tp_scoredetail` ORDER BY id desc LIMIT 180,30   [ RunTime:0.000338s ]
INFO: [ view_parse ] --START--
INFO: [ template_filter ] --START--
INFO: Run Behavior\ContentReplaceBehavior [ RunTime:0.000342s ]
INFO: [ template_filter ] --END-- [ RunTime:0.000405s ]
NOTIC: [8] Undefined index: c_name E:\PHP\httpd-2.4.23-win64-VC14\Apache24\htdocs\Integral\Application\Runtime\Cache\Admin\028392e504fc80bf64506a8dce359984.php 第 118 行.
NOTIC: [8] Undefined index: s_id E:\PHP\httpd-2.4.23-win64-VC14\Apache24\htdocs\Integral\Application\Runtime\Cache\Admin\028392e504fc80bf64506a8dce359984.php 第 123 行.
NOTIC: [8] Undefined index: sc_union E:\PHP\httpd-2.4.23-win64-VC14\Apache24\htdocs\Integral\Application\Runtime\Cache\Admin\028392e504fc80bf64506a8dce359984.php 第 128 行.
INFO: Run Behavior\ParseTemplateBehavior [ RunTime:0.019905s ]
INFO: [ view_parse ] --END-- [ RunTime:0.019956s ]
INFO: [ view_filter ] --START--
INFO: Run Behavior\WriteHtmlCacheBehavior [ RunTime:0.002021s ]
INFO: [ view_filter ] --END-- [ RunTime:0.002074s ]
INFO: [ app_end ] --START--
INFO: Run Behavior\ShowPageTraceBehavior [ RunTime:0.002638s ]
INFO: [ app_end ] --END-- [ RunTime:0.002733s ]

[ 2016-10-25T19:39:21+08:00 ] ::1 /Integral/index.php/Tables/tables/p/7.html
INFO: [ app_init ] --START--
INFO: Run Behavior\BuildLiteBehavior [ RunTime:0.000010s ]
INFO: [ app_init ] --END-- [ RunTime:0.000616s ]
INFO: [ app_begin ] --START--
INFO: Run Behavior\ReadHtmlCacheBehavior [ RunTime:0.003229s ]
INFO: [ app_begin ] --END-- [ RunTime:0.003328s ]
NOTIC: [8] Undefined index: c_name E:\PHP\httpd-2.4.23-win64-VC14\Apache24\htdocs\Integral\Application\Admin\Controller\TablesController.class.php 第 13 行.
NOTIC: [8] Undefined index: s_id E:\PHP\httpd-2.4.23-win64-VC14\Apache24\htdocs\Integral\Application\Admin\Controller\TablesController.class.php 第 14 行.
NOTIC: [8] Undefined index: sc_union E:\PHP\httpd-2.4.23-win64-VC14\Apache24\htdocs\Integral\Application\Admin\Controller\TablesController.class.php 第 15 行.
NOTIC: [8] Undefined variable: filter E:\PHP\httpd-2.4.23-win64-VC14\Apache24\htdocs\Integral\Application\Admin\Controller\TablesController.class.php 第 30 行.
SQL: SELECT COUNT(*) AS tp_count FROM `tp_scoredetail` LIMIT 1   [ RunTime:0.000171s ]
NOTIC: [8] Undefined variable: filter E:\PHP\httpd-2.4.23-win64-VC14\Apache24\htdocs\Integral\Application\Admin\Controller\TablesController.class.php 第 48 行.
SQL: SELECT * FROM `tp_scoredetail` ORDER BY id desc LIMIT 180,30   [ RunTime:0.000235s ]
INFO: [ view_parse ] --START--
INFO: [ template_filter ] --START--
INFO: Run Behavior\ContentReplaceBehavior [ RunTime:0.000219s ]
INFO: [ template_filter ] --END-- [ RunTime:0.000260s ]
NOTIC: [8] Undefined index: c_name E:\PHP\httpd-2.4.23-win64-VC14\Apache24\htdocs\Integral\Application\Runtime\Cache\Admin\028392e504fc80bf64506a8dce359984.php 第 118 行.
NOTIC: [8] Undefined index: s_id E:\PHP\httpd-2.4.23-win64-VC14\Apache24\htdocs\Integral\Application\Runtime\Cache\Admin\028392e504fc80bf64506a8dce359984.php 第 123 行.
NOTIC: [8] Undefined index: sc_union E:\PHP\httpd-2.4.23-win64-VC14\Apache24\htdocs\Integral\Application\Runtime\Cache\Admin\028392e504fc80bf64506a8dce359984.php 第 128 行.
INFO: Run Behavior\ParseTemplateBehavior [ RunTime:0.013803s ]
INFO: [ view_parse ] --END-- [ RunTime:0.013838s ]
INFO: [ view_filter ] --START--
INFO: Run Behavior\WriteHtmlCacheBehavior [ RunTime:0.001340s ]
INFO: [ view_filter ] --END-- [ RunTime:0.001382s ]
INFO: [ app_end ] --START--
INFO: Run Behavior\ShowPageTraceBehavior [ RunTime:0.002541s ]
INFO: [ app_end ] --END-- [ RunTime:0.002613s ]

[ 2016-10-25T19:39:39+08:00 ] ::1 /Integral/index.php/admin/Tables/tables.html
INFO: [ app_init ] --START--
INFO: Run Behavior\BuildLiteBehavior [ RunTime:0.000008s ]
INFO: [ app_init ] --END-- [ RunTime:0.000488s ]
INFO: [ app_begin ] --START--
INFO: Run Behavior\ReadHtmlCacheBehavior [ RunTime:0.000985s ]
INFO: [ app_begin ] --END-- [ RunTime:0.001028s ]
SQL: SELECT COUNT(*) AS tp_count FROM `tp_scoredetail` WHERE `s_id` LIKE '%2016%' LIMIT 1   [ RunTime:0.186737s ]
SQL: SELECT * FROM `tp_scoredetail` WHERE `s_id` LIKE '%2016%' ORDER BY id desc LIMIT 0,30   [ RunTime:0.002530s ]
INFO: [ view_parse ] --START--
INFO: [ template_filter ] --START--
INFO: Run Behavior\ContentReplaceBehavior [ RunTime:0.000327s ]
INFO: [ template_filter ] --END-- [ RunTime:0.000403s ]
INFO: Run Behavior\ParseTemplateBehavior [ RunTime:0.017370s ]
INFO: [ view_parse ] --END-- [ RunTime:0.017440s ]
INFO: [ view_filter ] --START--
INFO: Run Behavior\WriteHtmlCacheBehavior [ RunTime:0.000995s ]
INFO: [ view_filter ] --END-- [ RunTime:0.001031s ]
INFO: [ app_end ] --START--
INFO: Run Behavior\ShowPageTraceBehavior [ RunTime:0.001159s ]
INFO: [ app_end ] --END-- [ RunTime:0.001199s ]

[ 2016-10-25T19:40:01+08:00 ] ::1 /Integral/index.php/admin/Tables/tables.html
INFO: [ app_init ] --START--
INFO: Run Behavior\BuildLiteBehavior [ RunTime:0.000009s ]
INFO: [ app_init ] --END-- [ RunTime:0.000435s ]
INFO: [ app_begin ] --START--
INFO: Run Behavior\ReadHtmlCacheBehavior [ RunTime:0.000966s ]
INFO: [ app_begin ] --END-- [ RunTime:0.001016s ]
SQL: SELECT COUNT(*) AS tp_count FROM `tp_scoredetail` WHERE `c_name` LIKE '%计科166%' AND `s_id` LIKE '%2016%' LIMIT 1   [ RunTime:0.087037s ]
SQL: SELECT * FROM `tp_scoredetail` WHERE `c_name` LIKE '%计科166%' AND `s_id` LIKE '%2016%' ORDER BY id desc LIMIT 0,30   [ RunTime:0.002263s ]
INFO: [ view_parse ] --START--
INFO: [ template_filter ] --START--
INFO: Run Behavior\ContentReplaceBehavior [ RunTime:0.000308s ]
INFO: [ template_filter ] --END-- [ RunTime:0.000361s ]
INFO: Run Behavior\ParseTemplateBehavior [ RunTime:0.026633s ]
INFO: [ view_parse ] --END-- [ RunTime:0.026725s ]
INFO: [ view_filter ] --START--
INFO: Run Behavior\WriteHtmlCacheBehavior [ RunTime:0.002139s ]
INFO: [ view_filter ] --END-- [ RunTime:0.002224s ]
INFO: [ app_end ] --START--
INFO: Run Behavior\ShowPageTraceBehavior [ RunTime:0.004836s ]
INFO: [ app_end ] --END-- [ RunTime:0.004956s ]

[ 2016-10-25T19:40:18+08:00 ] ::1 /Integral/index.php/admin/Tables/tables.html
INFO: [ app_init ] --START--
INFO: Run Behavior\BuildLiteBehavior [ RunTime:0.000046s ]
INFO: [ app_init ] --END-- [ RunTime:0.000941s ]
INFO: [ app_begin ] --START--
INFO: Run Behavior\ReadHtmlCacheBehavior [ RunTime:0.001191s ]
INFO: [ app_begin ] --END-- [ RunTime:0.001263s ]
SQL: SELECT COUNT(*) AS tp_count FROM `tp_scoredetail` WHERE `c_name` LIKE '%计科166%' AND `s_id` LIKE '%2016%' AND `sc_union` LIKE '%自律部%' LIMIT 1   [ RunTime:0.000649s ]
NOTIC: [8] Undefined variable: Page E:\PHP\httpd-2.4.23-win64-VC14\Apache24\htdocs\Integral\Application\Admin\Controller\TablesController.class.php 第 48 行.
NOTIC: [8] Trying to get property of non-object E:\PHP\httpd-2.4.23-win64-VC14\Apache24\htdocs\Integral\Application\Admin\Controller\TablesController.class.php 第 48 行.
NOTIC: [8] Undefined variable: Page E:\PHP\httpd-2.4.23-win64-VC14\Apache24\htdocs\Integral\Application\Admin\Controller\TablesController.class.php 第 48 行.
NOTIC: [8] Trying to get property of non-object E:\PHP\httpd-2.4.23-win64-VC14\Apache24\htdocs\Integral\Application\Admin\Controller\TablesController.class.php 第 48 行.
SQL: SELECT * FROM `tp_scoredetail` WHERE `c_name` LIKE '%计科166%' AND `s_id` LIKE '%2016%' AND `sc_union` LIKE '%自律部%' ORDER BY id desc  [ RunTime:0.000566s ]
INFO: [ view_parse ] --START--
INFO: [ template_filter ] --START--
INFO: Run Behavior\ContentReplaceBehavior [ RunTime:0.000221s ]
INFO: [ template_filter ] --END-- [ RunTime:0.000268s ]
NOTIC: [8] Undefined variable: page E:\PHP\httpd-2.4.23-win64-VC14\Apache24\htdocs\Integral\Application\Runtime\Cache\Admin\028392e504fc80bf64506a8dce359984.php 第 181 行.
INFO: Run Behavior\ParseTemplateBehavior [ RunTime:0.013315s ]
INFO: [ view_parse ] --END-- [ RunTime:0.013351s ]
INFO: [ view_filter ] --START--
INFO: Run Behavior\WriteHtmlCacheBehavior [ RunTime:0.000877s ]
INFO: [ view_filter ] --END-- [ RunTime:0.000902s ]
INFO: [ app_end ] --START--
INFO: Run Behavior\ShowPageTraceBehavior [ RunTime:0.001555s ]
INFO: [ app_end ] --END-- [ RunTime:0.001613s ]

[ 2016-10-25T20:19:01+08:00 ] ::1 /Integral/index.php/admin/Tables/tables.html
INFO: [ app_init ] --START--
INFO: Run Behavior\BuildLiteBehavior [ RunTime:0.000019s ]
INFO: [ app_init ] --END-- [ RunTime:0.000788s ]
INFO: [ app_begin ] --START--
INFO: Run Behavior\ReadHtmlCacheBehavior [ RunTime:0.001102s ]
INFO: [ app_begin ] --END-- [ RunTime:0.001164s ]
SQL: SELECT COUNT(*) AS tp_count FROM `tp_scoredetail` WHERE `c_name` LIKE '%计科166%' AND `s_id` LIKE '%2016%' AND `sc_union` LIKE '%自律部%' LIMIT 1   [ RunTime:0.000377s ]
NOTIC: [8] Undefined variable: Page E:\PHP\httpd-2.4.23-win64-VC14\Apache24\htdocs\Integral\Application\Admin\Controller\TablesController.class.php 第 48 行.
NOTIC: [8] Trying to get property of non-object E:\PHP\httpd-2.4.23-win64-VC14\Apache24\htdocs\Integral\Application\Admin\Controller\TablesController.class.php 第 48 行.
NOTIC: [8] Undefined variable: Page E:\PHP\httpd-2.4.23-win64-VC14\Apache24\htdocs\Integral\Application\Admin\Controller\TablesController.class.php 第 48 行.
NOTIC: [8] Trying to get property of non-object E:\PHP\httpd-2.4.23-win64-VC14\Apache24\htdocs\Integral\Application\Admin\Controller\TablesController.class.php 第 48 行.
SQL: SELECT * FROM `tp_scoredetail` WHERE `c_name` LIKE '%计科166%' AND `s_id` LIKE '%2016%' AND `sc_union` LIKE '%自律部%' ORDER BY id desc  [ RunTime:0.000122s ]
INFO: [ view_parse ] --START--
INFO: [ template_filter ] --START--
INFO: Run Behavior\ContentReplaceBehavior [ RunTime:0.000288s ]
INFO: [ template_filter ] --END-- [ RunTime:0.000388s ]
NOTIC: [8] Undefined variable: page E:\PHP\httpd-2.4.23-win64-VC14\Apache24\htdocs\Integral\Application\Runtime\Cache\Admin\028392e504fc80bf64506a8dce359984.php 第 179 行.
INFO: Run Behavior\ParseTemplateBehavior [ RunTime:0.020955s ]
INFO: [ view_parse ] --END-- [ RunTime:0.021024s ]
INFO: [ view_filter ] --START--
INFO: Run Behavior\WriteHtmlCacheBehavior [ RunTime:0.002897s ]
INFO: [ view_filter ] --END-- [ RunTime:0.002943s ]
INFO: [ app_end ] --START--
INFO: Run Behavior\ShowPageTraceBehavior [ RunTime:0.001958s ]
INFO: [ app_end ] --END-- [ RunTime:0.002020s ]

[ 2016-10-25T20:19:07+08:00 ] ::1 /Integral/index.php/admin/Tables/tables.html
INFO: [ app_init ] --START--
INFO: Run Behavior\BuildLiteBehavior [ RunTime:0.000018s ]
INFO: [ app_init ] --END-- [ RunTime:0.000938s ]
INFO: [ app_begin ] --START--
INFO: Run Behavior\ReadHtmlCacheBehavior [ RunTime:0.008807s ]
INFO: [ app_begin ] --END-- [ RunTime:0.008914s ]
SQL: SELECT COUNT(*) AS tp_count FROM `tp_scoredetail` WHERE `sc_union` LIKE '%自律部%' LIMIT 1   [ RunTime:0.003148s ]
SQL: SELECT * FROM `tp_scoredetail` WHERE `sc_union` LIKE '%自律部%' ORDER BY id desc LIMIT 0,30   [ RunTime:0.000878s ]
INFO: [ view_parse ] --START--
INFO: [ template_filter ] --START--
INFO: Run Behavior\ContentReplaceBehavior [ RunTime:0.000319s ]
INFO: [ template_filter ] --END-- [ RunTime:0.000367s ]
INFO: Run Behavior\ParseTemplateBehavior [ RunTime:0.029500s ]
INFO: [ view_parse ] --END-- [ RunTime:0.029594s ]
INFO: [ view_filter ] --START--
INFO: Run Behavior\WriteHtmlCacheBehavior [ RunTime:0.001288s ]
INFO: [ view_filter ] --END-- [ RunTime:0.001335s ]
INFO: [ app_end ] --START--
INFO: Run Behavior\ShowPageTraceBehavior [ RunTime:0.002137s ]
INFO: [ app_end ] --END-- [ RunTime:0.002225s ]

[ 2016-10-25T20:19:16+08:00 ] ::1 /Integral/index.php/Tables/edit.html
INFO: [ app_init ] --START--
INFO: Run Behavior\BuildLiteBehavior [ RunTime:0.000009s ]
INFO: [ app_init ] --END-- [ RunTime:0.000409s ]
INFO: [ app_begin ] --START--
INFO: Run Behavior\ReadHtmlCacheBehavior [ RunTime:0.000486s ]
INFO: [ app_begin ] --END-- [ RunTime:0.000520s ]
SQL: SELECT * FROM `tp_scoredetail` WHERE ( id=199 ) LIMIT 1   [ RunTime:0.063031s ]

[ 2016-10-25T20:21:25+08:00 ] ::1 /Integral/index.php/admin/Tables/tables.html
INFO: [ app_init ] --START--
INFO: Run Behavior\BuildLiteBehavior [ RunTime:0.000016s ]
INFO: [ app_init ] --END-- [ RunTime:0.000793s ]
INFO: [ app_begin ] --START--
INFO: Run Behavior\ReadHtmlCacheBehavior [ RunTime:0.001264s ]
INFO: [ app_begin ] --END-- [ RunTime:0.001328s ]
SQL: SELECT COUNT(*) AS tp_count FROM `tp_scoredetail` WHERE `sc_union` LIKE '%自律部%' LIMIT 1   [ RunTime:0.000202s ]
SQL: SELECT * FROM `tp_scoredetail` WHERE `sc_union` LIKE '%自律部%' ORDER BY id desc LIMIT 0,30   [ RunTime:0.000317s ]
INFO: [ view_parse ] --START--
INFO: [ template_filter ] --START--
INFO: Run Behavior\ContentReplaceBehavior [ RunTime:0.000200s ]
INFO: [ template_filter ] --END-- [ RunTime:0.000251s ]
INFO: Run Behavior\ParseTemplateBehavior [ RunTime:0.015914s ]
INFO: [ view_parse ] --END-- [ RunTime:0.015953s ]
INFO: [ view_filter ] --START--
INFO: Run Behavior\WriteHtmlCacheBehavior [ RunTime:0.000806s ]
INFO: [ view_filter ] --END-- [ RunTime:0.000832s ]
INFO: [ app_end ] --START--
INFO: Run Behavior\ShowPageTraceBehavior [ RunTime:0.001710s ]
INFO: [ app_end ] --END-- [ RunTime:0.001834s ]

[ 2016-10-25T20:21:28+08:00 ] ::1 /Integral/index.php/Tables/edit.html
INFO: [ app_init ] --START--
INFO: Run Behavior\BuildLiteBehavior [ RunTime:0.000040s ]
INFO: [ app_init ] --END-- [ RunTime:0.005089s ]
INFO: [ app_begin ] --START--
INFO: Run Behavior\ReadHtmlCacheBehavior [ RunTime:0.015580s ]
INFO: [ app_begin ] --END-- [ RunTime:0.016006s ]
SQL: SELECT * FROM `tp_scoredetail` WHERE ( id=199 ) LIMIT 1   [ RunTime:0.000151s ]

[ 2016-10-25T20:24:45+08:00 ] ::1 /Integral/index.php/admin/Tables/tables.html
INFO: [ app_init ] --START--
INFO: Run Behavior\BuildLiteBehavior [ RunTime:0.000013s ]
INFO: [ app_init ] --END-- [ RunTime:0.000745s ]
INFO: [ app_begin ] --START--
INFO: Run Behavior\ReadHtmlCacheBehavior [ RunTime:0.002019s ]
INFO: [ app_begin ] --END-- [ RunTime:0.002085s ]
SQL: SELECT COUNT(*) AS tp_count FROM `tp_scoredetail` WHERE `sc_union` LIKE '%自律部%' LIMIT 1   [ RunTime:0.000148s ]
SQL: SELECT * FROM `tp_scoredetail` WHERE `sc_union` LIKE '%自律部%' ORDER BY id desc LIMIT 0,30   [ RunTime:0.000344s ]
INFO: [ view_parse ] --START--
INFO: [ template_filter ] --START--
INFO: Run Behavior\ContentReplaceBehavior [ RunTime:0.000519s ]
INFO: [ template_filter ] --END-- [ RunTime:0.000744s ]
INFO: Run Behavior\ParseTemplateBehavior [ RunTime:0.023058s ]
INFO: [ view_parse ] --END-- [ RunTime:0.023342s ]
INFO: [ view_filter ] --START--
INFO: Run Behavior\WriteHtmlCacheBehavior [ RunTime:0.001278s ]
INFO: [ view_filter ] --END-- [ RunTime:0.001316s ]
INFO: [ app_end ] --START--
INFO: Run Behavior\ShowPageTraceBehavior [ RunTime:0.002364s ]
INFO: [ app_end ] --END-- [ RunTime:0.002422s ]

[ 2016-10-25T20:24:47+08:00 ] ::1 /Integral/index.php/Tables/edit.html
INFO: [ app_init ] --START--
INFO: Run Behavior\BuildLiteBehavior [ RunTime:0.000024s ]
INFO: [ app_init ] --END-- [ RunTime:0.001660s ]
INFO: [ app_begin ] --START--
INFO: Run Behavior\ReadHtmlCacheBehavior [ RunTime:0.003448s ]
INFO: [ app_begin ] --END-- [ RunTime:0.003546s ]
SQL: SELECT * FROM `tp_scoredetail` WHERE ( id=199 ) LIMIT 1   [ RunTime:0.000162s ]

[ 2016-10-25T20:32:23+08:00 ] ::1 /Integral/index.php/admin/Tables/tables.html
INFO: [ app_init ] --START--
INFO: Run Behavior\BuildLiteBehavior [ RunTime:0.000010s ]
INFO: [ app_init ] --END-- [ RunTime:0.000620s ]
INFO: [ app_begin ] --START--
INFO: Run Behavior\ReadHtmlCacheBehavior [ RunTime:0.003296s ]
INFO: [ app_begin ] --END-- [ RunTime:0.003372s ]
SQL: SELECT COUNT(*) AS tp_count FROM `tp_scoredetail` WHERE `sc_union` LIKE '%自律部%' LIMIT 1   [ RunTime:0.000088s ]
SQL: SELECT * FROM `tp_scoredetail` WHERE `sc_union` LIKE '%自律部%' ORDER BY id desc LIMIT 0,30   [ RunTime:0.000221s ]
INFO: [ view_parse ] --START--
INFO: [ template_filter ] --START--
INFO: Run Behavior\ContentReplaceBehavior [ RunTime:0.000219s ]
INFO: [ template_filter ] --END-- [ RunTime:0.000259s ]
INFO: Run Behavior\ParseTemplateBehavior [ RunTime:0.021060s ]
INFO: [ view_parse ] --END-- [ RunTime:0.021120s ]
INFO: [ view_filter ] --START--
INFO: Run Behavior\WriteHtmlCacheBehavior [ RunTime:0.003688s ]
INFO: [ view_filter ] --END-- [ RunTime:0.003733s ]
INFO: [ app_end ] --START--
INFO: Run Behavior\ShowPageTraceBehavior [ RunTime:0.003068s ]
INFO: [ app_end ] --END-- [ RunTime:0.003127s ]

[ 2016-10-25T20:32:25+08:00 ] ::1 /Integral/index.php/Tables/edit.html
INFO: [ app_init ] --START--
INFO: Run Behavior\BuildLiteBehavior [ RunTime:0.000019s ]
INFO: [ app_init ] --END-- [ RunTime:0.001513s ]
INFO: [ app_begin ] --START--
INFO: Run Behavior\ReadHtmlCacheBehavior [ RunTime:0.002038s ]
INFO: [ app_begin ] --END-- [ RunTime:0.002114s ]
SQL: SELECT * FROM `tp_scoredetail` WHERE ( id=199 ) LIMIT 1   [ RunTime:0.000347s ]

[ 2016-10-25T20:48:16+08:00 ] ::1 /Integral/index.php/admin/Tables/tables.html
INFO: [ app_init ] --START--
INFO: Run Behavior\BuildLiteBehavior [ RunTime:0.000014s ]
INFO: [ app_init ] --END-- [ RunTime:0.000528s ]
INFO: [ app_begin ] --START--
INFO: Run Behavior\ReadHtmlCacheBehavior [ RunTime:0.001017s ]
INFO: [ app_begin ] --END-- [ RunTime:0.001082s ]
SQL: SELECT COUNT(*) AS tp_count FROM `tp_scoredetail` WHERE `sc_union` LIKE '%自律部%' LIMIT 1   [ RunTime:0.000206s ]
SQL: SELECT * FROM `tp_scoredetail` WHERE `sc_union` LIKE '%自律部%' ORDER BY id desc LIMIT 0,30   [ RunTime:0.000493s ]
INFO: [ view_parse ] --START--
INFO: [ template_filter ] --START--
INFO: Run Behavior\ContentReplaceBehavior [ RunTime:0.000238s ]
INFO: [ template_filter ] --END-- [ RunTime:0.000290s ]
INFO: Run Behavior\ParseTemplateBehavior [ RunTime:0.015898s ]
INFO: [ view_parse ] --END-- [ RunTime:0.015944s ]
INFO: [ view_filter ] --START--
INFO: Run Behavior\WriteHtmlCacheBehavior [ RunTime:0.000870s ]
INFO: [ view_filter ] --END-- [ RunTime:0.000903s ]
INFO: [ app_end ] --START--
INFO: Run Behavior\ShowPageTraceBehavior [ RunTime:0.001463s ]
INFO: [ app_end ] --END-- [ RunTime:0.001531s ]

[ 2016-10-25T20:48:18+08:00 ] ::1 /Integral/index.php/Tables/edit.html
INFO: [ app_init ] --START--
INFO: Run Behavior\BuildLiteBehavior [ RunTime:0.000011s ]
INFO: [ app_init ] --END-- [ RunTime:0.000854s ]
INFO: [ app_begin ] --START--
INFO: Run Behavior\ReadHtmlCacheBehavior [ RunTime:0.002122s ]
INFO: [ app_begin ] --END-- [ RunTime:0.002167s ]
SQL: SELECT * FROM `tp_scoredetail` WHERE ( id=199 ) LIMIT 1   [ RunTime:0.000123s ]

[ 2016-10-25T20:49:39+08:00 ] ::1 /Integral/index.php/admin/Tables/tables.html
INFO: [ app_init ] --START--
INFO: Run Behavior\BuildLiteBehavior [ RunTime:0.000010s ]
INFO: [ app_init ] --END-- [ RunTime:0.000616s ]
INFO: [ app_begin ] --START--
INFO: Run Behavior\ReadHtmlCacheBehavior [ RunTime:0.005566s ]
INFO: [ app_begin ] --END-- [ RunTime:0.005781s ]
SQL: SELECT COUNT(*) AS tp_count FROM `tp_scoredetail` WHERE `sc_union` LIKE '%自律部%' LIMIT 1   [ RunTime:0.000171s ]
SQL: SELECT * FROM `tp_scoredetail` WHERE `sc_union` LIKE '%自律部%' ORDER BY id desc LIMIT 0,30   [ RunTime:0.000381s ]
INFO: [ view_parse ] --START--
INFO: [ template_filter ] --START--
INFO: Run Behavior\ContentReplaceBehavior [ RunTime:0.000363s ]
INFO: [ template_filter ] --END-- [ RunTime:0.000414s ]
INFO: Run Behavior\ParseTemplateBehavior [ RunTime:0.032378s ]
INFO: [ view_parse ] --END-- [ RunTime:0.032484s ]
INFO: [ view_filter ] --START--
INFO: Run Behavior\WriteHtmlCacheBehavior [ RunTime:0.005301s ]
INFO: [ view_filter ] --END-- [ RunTime:0.005364s ]
INFO: [ app_end ] --START--
INFO: Run Behavior\ShowPageTraceBehavior [ RunTime:0.015905s ]
INFO: [ app_end ] --END-- [ RunTime:0.015981s ]

[ 2016-10-25T20:49:42+08:00 ] ::1 /Integral/index.php/Tables/edit.html
INFO: [ app_init ] --START--
INFO: Run Behavior\BuildLiteBehavior [ RunTime:0.000011s ]
INFO: [ app_init ] --END-- [ RunTime:0.000535s ]
INFO: [ app_begin ] --START--
INFO: Run Behavior\ReadHtmlCacheBehavior [ RunTime:0.001059s ]
INFO: [ app_begin ] --END-- [ RunTime:0.001146s ]
SQL: SELECT * FROM `tp_scoredetail` WHERE ( id=199 ) LIMIT 1   [ RunTime:0.000287s ]

[ 2016-10-25T20:49:49+08:00 ] ::1 /Integral/index.php/Tables/save.html
INFO: [ app_init ] --START--
INFO: Run Behavior\BuildLiteBehavior [ RunTime:0.000010s ]
INFO: [ app_init ] --END-- [ RunTime:0.000448s ]
INFO: [ app_begin ] --START--
INFO: Run Behavior\ReadHtmlCacheBehavior [ RunTime:0.000586s ]
INFO: [ app_begin ] --END-- [ RunTime:0.000620s ]
SQL: SELECT * FROM `tp_scoredetail` WHERE ( id=199 ) LIMIT 1   [ RunTime:0.000248s ]
SQL: UPDATE `tp_scoredetail` SET `s_id`='20151515280',`s_name`='赵振伟',`c_name`='计科141',`sc_number`=-0.1,`sc_reason`='钱3123',`sc_time`='第十二周',`sc_union`='自律部',`sc_who`='管理员' WHERE ( id=199 ) [ RunTime:0.127116s ]

[ 2016-10-25T20:49:50+08:00 ] ::1 /Integral/index.php/admin/Tables/tables.html
INFO: [ app_init ] --START--
INFO: Run Behavior\BuildLiteBehavior [ RunTime:0.000014s ]
INFO: [ app_init ] --END-- [ RunTime:0.000473s ]
INFO: [ app_begin ] --START--
INFO: Run Behavior\ReadHtmlCacheBehavior [ RunTime:0.001046s ]
INFO: [ app_begin ] --END-- [ RunTime:0.001121s ]
SQL: SELECT COUNT(*) AS tp_count FROM `tp_scoredetail` WHERE `sc_union` LIKE '%自律部%' LIMIT 1   [ RunTime:0.000798s ]
SQL: SELECT * FROM `tp_scoredetail` WHERE `sc_union` LIKE '%自律部%' ORDER BY id desc LIMIT 0,30   [ RunTime:0.000755s ]
INFO: [ view_parse ] --START--
INFO: [ template_filter ] --START--
INFO: Run Behavior\ContentReplaceBehavior [ RunTime:0.000227s ]
INFO: [ template_filter ] --END-- [ RunTime:0.000272s ]
INFO: Run Behavior\ParseTemplateBehavior [ RunTime:0.016324s ]
INFO: [ view_parse ] --END-- [ RunTime:0.016487s ]
INFO: [ view_filter ] --START--
INFO: Run Behavior\WriteHtmlCacheBehavior [ RunTime:0.001271s ]
INFO: [ view_filter ] --END-- [ RunTime:0.001321s ]
INFO: [ app_end ] --START--
INFO: Run Behavior\ShowPageTraceBehavior [ RunTime:0.002349s ]
INFO: [ app_end ] --END-- [ RunTime:0.002425s ]

[ 2016-10-25T20:49:53+08:00 ] ::1 /Integral/index.php/Tables/edit.html
INFO: [ app_init ] --START--
INFO: Run Behavior\BuildLiteBehavior [ RunTime:0.000014s ]
INFO: [ app_init ] --END-- [ RunTime:0.000994s ]
INFO: [ app_begin ] --START--
INFO: Run Behavior\ReadHtmlCacheBehavior [ RunTime:0.001449s ]
INFO: [ app_begin ] --END-- [ RunTime:0.001505s ]
SQL: SELECT * FROM `tp_scoredetail` WHERE ( id=199 ) LIMIT 1   [ RunTime:0.000483s ]

[ 2016-10-25T20:50:16+08:00 ] ::1 /Integral/index.php/Tables/save.html
INFO: [ app_init ] --START--
INFO: Run Behavior\BuildLiteBehavior [ RunTime:0.000009s ]
INFO: [ app_init ] --END-- [ RunTime:0.000360s ]
INFO: [ app_begin ] --START--
INFO: Run Behavior\ReadHtmlCacheBehavior [ RunTime:0.000719s ]
INFO: [ app_begin ] --END-- [ RunTime:0.000752s ]
SQL: SELECT * FROM `tp_scoredetail` WHERE ( id=199 ) LIMIT 1   [ RunTime:0.000232s ]
SQL: UPDATE `tp_scoredetail` SET `s_id`='20151515280',`s_name`='赵振伟',`c_name`='计科141',`sc_number`=-0.1,`sc_reason`='早读未到',`sc_time`='第十二周',`sc_union`='自律部',`sc_who`='管理员' WHERE ( id=199 ) [ RunTime:0.073140s ]

[ 2016-10-25T20:50:17+08:00 ] ::1 /Integral/index.php/admin/Tables/tables.html
INFO: [ app_init ] --START--
INFO: Run Behavior\BuildLiteBehavior [ RunTime:0.000011s ]
INFO: [ app_init ] --END-- [ RunTime:0.000426s ]
INFO: [ app_begin ] --START--
INFO: Run Behavior\ReadHtmlCacheBehavior [ RunTime:0.000834s ]
INFO: [ app_begin ] --END-- [ RunTime:0.000882s ]
SQL: SELECT COUNT(*) AS tp_count FROM `tp_scoredetail` WHERE `sc_union` LIKE '%自律部%' LIMIT 1   [ RunTime:0.000405s ]
SQL: SELECT * FROM `tp_scoredetail` WHERE `sc_union` LIKE '%自律部%' ORDER BY id desc LIMIT 0,30   [ RunTime:0.000629s ]
INFO: [ view_parse ] --START--
INFO: [ template_filter ] --START--
INFO: Run Behavior\ContentReplaceBehavior [ RunTime:0.000289s ]
INFO: [ template_filter ] --END-- [ RunTime:0.000325s ]
INFO: Run Behavior\ParseTemplateBehavior [ RunTime:0.015274s ]
INFO: [ view_parse ] --END-- [ RunTime:0.015325s ]
INFO: [ view_filter ] --START--
INFO: Run Behavior\WriteHtmlCacheBehavior [ RunTime:0.001401s ]
INFO: [ view_filter ] --END-- [ RunTime:0.001453s ]
INFO: [ app_end ] --START--
INFO: Run Behavior\ShowPageTraceBehavior [ RunTime:0.002233s ]
INFO: [ app_end ] --END-- [ RunTime:0.002307s ]

[ 2016-10-25T20:50:39+08:00 ] ::1 /Integral/index.php/Tables/edit.html
INFO: [ app_init ] --START--
INFO: Run Behavior\BuildLiteBehavior [ RunTime:0.000011s ]
INFO: [ app_init ] --END-- [ RunTime:0.000858s ]
INFO: [ app_begin ] --START--
INFO: Run Behavior\ReadHtmlCacheBehavior [ RunTime:0.001614s ]
INFO: [ app_begin ] --END-- [ RunTime:0.001660s ]
SQL: SELECT * FROM `tp_scoredetail` WHERE ( id=199 ) LIMIT 1   [ RunTime:0.000680s ]

[ 2016-10-25T20:50:56+08:00 ] ::1 /Integral/index.php/Tables/save.html
INFO: [ app_init ] --START--
INFO: Run Behavior\BuildLiteBehavior [ RunTime:0.000010s ]
INFO: [ app_init ] --END-- [ RunTime:0.000607s ]
INFO: [ app_begin ] --START--
INFO: Run Behavior\ReadHtmlCacheBehavior [ RunTime:0.001359s ]
INFO: [ app_begin ] --END-- [ RunTime:0.001400s ]
SQL: SELECT * FROM `tp_scoredetail` WHERE ( id=199 ) LIMIT 1   [ RunTime:0.000188s ]
SQL: UPDATE `tp_scoredetail` SET `s_id`='20151515280',`s_name`='赵振伟',`c_name`='计科141',`sc_number`=-0.1,`sc_reason`='大功率',`sc_time`='第十二周',`sc_union`='自律部',`sc_who`='管理员' WHERE ( id=199 ) [ RunTime:0.107388s ]

[ 2016-10-25T20:50:57+08:00 ] ::1 /Integral/index.php/admin/Tables/tables.html
INFO: [ app_init ] --START--
INFO: Run Behavior\BuildLiteBehavior [ RunTime:0.000009s ]
INFO: [ app_init ] --END-- [ RunTime:0.000754s ]
INFO: [ app_begin ] --START--
INFO: Run Behavior\ReadHtmlCacheBehavior [ RunTime:0.001527s ]
INFO: [ app_begin ] --END-- [ RunTime:0.001582s ]
SQL: SELECT COUNT(*) AS tp_count FROM `tp_scoredetail` WHERE `sc_union` LIKE '%自律部%' LIMIT 1   [ RunTime:0.000403s ]
SQL: SELECT * FROM `tp_scoredetail` WHERE `sc_union` LIKE '%自律部%' ORDER BY id desc LIMIT 0,30   [ RunTime:0.000632s ]
INFO: [ view_parse ] --START--
INFO: [ template_filter ] --START--
INFO: Run Behavior\ContentReplaceBehavior [ RunTime:0.000237s ]
INFO: [ template_filter ] --END-- [ RunTime:0.000287s ]
INFO: Run Behavior\ParseTemplateBehavior [ RunTime:0.017921s ]
INFO: [ view_parse ] --END-- [ RunTime:0.018115s ]
INFO: [ view_filter ] --START--
INFO: Run Behavior\WriteHtmlCacheBehavior [ RunTime:0.001250s ]
INFO: [ view_filter ] --END-- [ RunTime:0.001337s ]
INFO: [ app_end ] --START--
INFO: Run Behavior\ShowPageTraceBehavior [ RunTime:0.003079s ]
INFO: [ app_end ] --END-- [ RunTime:0.003133s ]

[ 2016-10-25T20:51:03+08:00 ] ::1 /Integral/index.php/Tables/edit.html
INFO: [ app_init ] --START--
INFO: Run Behavior\BuildLiteBehavior [ RunTime:0.000037s ]
INFO: [ app_init ] --END-- [ RunTime:0.001205s ]
INFO: [ app_begin ] --START--
INFO: Run Behavior\ReadHtmlCacheBehavior [ RunTime:0.001950s ]
INFO: [ app_begin ] --END-- [ RunTime:0.002060s ]
SQL: SELECT * FROM `tp_scoredetail` WHERE ( id=199 ) LIMIT 1   [ RunTime:0.000544s ]

[ 2016-10-25T20:51:19+08:00 ] ::1 /Integral/index.php/Tables/save.html
INFO: [ app_init ] --START--
INFO: Run Behavior\BuildLiteBehavior [ RunTime:0.000010s ]
INFO: [ app_init ] --END-- [ RunTime:0.000435s ]
INFO: [ app_begin ] --START--
INFO: Run Behavior\ReadHtmlCacheBehavior [ RunTime:0.000687s ]
INFO: [ app_begin ] --END-- [ RunTime:0.000717s ]
SQL: SELECT * FROM `tp_scoredetail` WHERE ( id=199 ) LIMIT 1   [ RunTime:0.000166s ]
SQL: UPDATE `tp_scoredetail` SET `s_id`='20151515280',`s_name`='赵振伟',`c_name`='计科141',`sc_number`=-0.1,`sc_reason`='查寝未归',`sc_time`='第十二周',`sc_union`='自律部',`sc_who`='管理员' WHERE ( id=199 ) [ RunTime:0.096521s ]

[ 2016-10-25T20:51:20+08:00 ] ::1 /Integral/index.php/admin/Tables/tables.html
INFO: [ app_init ] --START--
INFO: Run Behavior\BuildLiteBehavior [ RunTime:0.000010s ]
INFO: [ app_init ] --END-- [ RunTime:0.000380s ]
INFO: [ app_begin ] --START--
INFO: Run Behavior\ReadHtmlCacheBehavior [ RunTime:0.000690s ]
INFO: [ app_begin ] --END-- [ RunTime:0.000739s ]
SQL: SELECT COUNT(*) AS tp_count FROM `tp_scoredetail` WHERE `sc_union` LIKE '%自律部%' LIMIT 1   [ RunTime:0.000420s ]
SQL: SELECT * FROM `tp_scoredetail` WHERE `sc_union` LIKE '%自律部%' ORDER BY id desc LIMIT 0,30   [ RunTime:0.000496s ]
INFO: [ view_parse ] --START--
INFO: [ template_filter ] --START--
INFO: Run Behavior\ContentReplaceBehavior [ RunTime:0.000233s ]
INFO: [ template_filter ] --END-- [ RunTime:0.000267s ]
INFO: Run Behavior\ParseTemplateBehavior [ RunTime:0.012806s ]
INFO: [ view_parse ] --END-- [ RunTime:0.012849s ]
INFO: [ view_filter ] --START--
INFO: Run Behavior\WriteHtmlCacheBehavior [ RunTime:0.000931s ]
INFO: [ view_filter ] --END-- [ RunTime:0.000958s ]
INFO: [ app_end ] --START--
INFO: Run Behavior\ShowPageTraceBehavior [ RunTime:0.001598s ]
INFO: [ app_end ] --END-- [ RunTime:0.001664s ]

[ 2016-10-25T20:51:54+08:00 ] ::1 /Integral/index.php/Tables/edit.html
INFO: [ app_init ] --START--
INFO: Run Behavior\BuildLiteBehavior [ RunTime:0.000021s ]
INFO: [ app_init ] --END-- [ RunTime:0.003600s ]
INFO: [ app_begin ] --START--
INFO: Run Behavior\ReadHtmlCacheBehavior [ RunTime:0.004790s ]
INFO: [ app_begin ] --END-- [ RunTime:0.004943s ]
SQL: SELECT * FROM `tp_scoredetail` WHERE ( id=199 ) LIMIT 1   [ RunTime:0.001719s ]

[ 2016-10-25T20:51:57+08:00 ] ::1 /Integral/index.php/Tables/edit.html
INFO: [ app_init ] --START--
INFO: Run Behavior\BuildLiteBehavior [ RunTime:0.000022s ]
INFO: [ app_init ] --END-- [ RunTime:0.000407s ]
INFO: [ app_begin ] --START--
INFO: Run Behavior\ReadHtmlCacheBehavior [ RunTime:0.001439s ]
INFO: [ app_begin ] --END-- [ RunTime:0.001565s ]
SQL: SELECT * FROM `tp_scoredetail` WHERE ( id=199 ) LIMIT 1   [ RunTime:0.000244s ]

[ 2016-10-25T20:51:58+08:00 ] ::1 /Integral/index.php/Tables/edit.html
INFO: [ app_init ] --START--
INFO: Run Behavior\BuildLiteBehavior [ RunTime:0.000012s ]
INFO: [ app_init ] --END-- [ RunTime:0.000670s ]
INFO: [ app_begin ] --START--
INFO: Run Behavior\ReadHtmlCacheBehavior [ RunTime:0.001105s ]
INFO: [ app_begin ] --END-- [ RunTime:0.001157s ]
SQL: SELECT * FROM `tp_scoredetail` WHERE ( id=199 ) LIMIT 1   [ RunTime:0.000220s ]

[ 2016-10-25T20:51:59+08:00 ] ::1 /Integral/index.php/Tables/edit.html
INFO: [ app_init ] --START--
INFO: Run Behavior\BuildLiteBehavior [ RunTime:0.000014s ]
INFO: [ app_init ] --END-- [ RunTime:0.000630s ]
INFO: [ app_begin ] --START--
INFO: Run Behavior\ReadHtmlCacheBehavior [ RunTime:0.008244s ]
INFO: [ app_begin ] --END-- [ RunTime:0.008356s ]
SQL: SELECT * FROM `tp_scoredetail` WHERE ( id=199 ) LIMIT 1   [ RunTime:0.000217s ]

[ 2016-10-25T20:51:59+08:00 ] ::1 /Integral/index.php/Tables/edit.html
INFO: [ app_init ] --START--
INFO: Run Behavior\BuildLiteBehavior [ RunTime:0.000161s ]
INFO: [ app_init ] --END-- [ RunTime:0.002191s ]
INFO: [ app_begin ] --START--
INFO: Run Behavior\ReadHtmlCacheBehavior [ RunTime:0.001476s ]
INFO: [ app_begin ] --END-- [ RunTime:0.001545s ]
SQL: SELECT * FROM `tp_scoredetail` WHERE ( id=199 ) LIMIT 1   [ RunTime:0.000183s ]

[ 2016-10-25T20:55:34+08:00 ] ::1 /Integral/index.php/Tables/tables/p/2.html
INFO: [ app_init ] --START--
INFO: Run Behavior\BuildLiteBehavior [ RunTime:0.000009s ]
INFO: [ app_init ] --END-- [ RunTime:0.000510s ]
INFO: [ app_begin ] --START--
INFO: Run Behavior\ReadHtmlCacheBehavior [ RunTime:0.000841s ]
INFO: [ app_begin ] --END-- [ RunTime:0.000882s ]
NOTIC: [8] Undefined index: c_name E:\PHP\httpd-2.4.23-win64-VC14\Apache24\htdocs\Integral\Application\Admin\Controller\TablesController.class.php 第 13 行.
NOTIC: [8] Undefined index: s_id E:\PHP\httpd-2.4.23-win64-VC14\Apache24\htdocs\Integral\Application\Admin\Controller\TablesController.class.php 第 14 行.
NOTIC: [8] Undefined index: sc_union E:\PHP\httpd-2.4.23-win64-VC14\Apache24\htdocs\Integral\Application\Admin\Controller\TablesController.class.php 第 15 行.
NOTIC: [8] Undefined variable: filter E:\PHP\httpd-2.4.23-win64-VC14\Apache24\htdocs\Integral\Application\Admin\Controller\TablesController.class.php 第 30 行.
SQL: SELECT COUNT(*) AS tp_count FROM `tp_scoredetail` LIMIT 1   [ RunTime:0.000339s ]
NOTIC: [8] Undefined variable: filter E:\PHP\httpd-2.4.23-win64-VC14\Apache24\htdocs\Integral\Application\Admin\Controller\TablesController.class.php 第 48 行.
SQL: SELECT * FROM `tp_scoredetail` ORDER BY id desc LIMIT 30,30   [ RunTime:0.000470s ]
INFO: [ view_parse ] --START--
INFO: [ template_filter ] --START--
INFO: Run Behavior\ContentReplaceBehavior [ RunTime:0.000227s ]
INFO: [ template_filter ] --END-- [ RunTime:0.000268s ]
NOTIC: [8] Undefined index: c_name E:\PHP\httpd-2.4.23-win64-VC14\Apache24\htdocs\Integral\Application\Runtime\Cache\Admin\028392e504fc80bf64506a8dce359984.php 第 118 行.
NOTIC: [8] Undefined index: s_id E:\PHP\httpd-2.4.23-win64-VC14\Apache24\htdocs\Integral\Application\Runtime\Cache\Admin\028392e504fc80bf64506a8dce359984.php 第 123 行.
NOTIC: [8] Undefined index: sc_union E:\PHP\httpd-2.4.23-win64-VC14\Apache24\htdocs\Integral\Application\Runtime\Cache\Admin\028392e504fc80bf64506a8dce359984.php 第 128 行.
INFO: Run Behavior\ParseTemplateBehavior [ RunTime:0.014566s ]
INFO: [ view_parse ] --END-- [ RunTime:0.014614s ]
INFO: [ view_filter ] --START--
INFO: Run Behavior\WriteHtmlCacheBehavior [ RunTime:0.001079s ]
INFO: [ view_filter ] --END-- [ RunTime:0.001123s ]
INFO: [ app_end ] --START--
INFO: Run Behavior\ShowPageTraceBehavior [ RunTime:0.003028s ]
INFO: [ app_end ] --END-- [ RunTime:0.003102s ]

[ 2016-10-25T21:37:54+08:00 ] ::1 /Integral/index.php/Tables/edit.html
INFO: [ app_init ] --START--
INFO: Run Behavior\BuildLiteBehavior [ RunTime:0.000017s ]
INFO: [ app_init ] --END-- [ RunTime:0.007431s ]
INFO: [ app_begin ] --START--
INFO: Run Behavior\ReadHtmlCacheBehavior [ RunTime:0.003524s ]
INFO: [ app_begin ] --END-- [ RunTime:0.003613s ]
SQL: SELECT * FROM `tp_scoredetail` WHERE ( id=150 ) LIMIT 1   [ RunTime:0.039367s ]

[ 2016-10-25T21:38:21+08:00 ] ::1 /Integral/index.php/Tables/save.html
INFO: [ app_init ] --START--
INFO: Run Behavior\BuildLiteBehavior [ RunTime:0.000019s ]
INFO: [ app_init ] --END-- [ RunTime:0.000384s ]
INFO: [ app_begin ] --START--
INFO: Run Behavior\ReadHtmlCacheBehavior [ RunTime:0.001207s ]
INFO: [ app_begin ] --END-- [ RunTime:0.001251s ]
SQL: SELECT * FROM `tp_scoredetail` WHERE ( id=150 ) LIMIT 1   [ RunTime:0.000206s ]
SQL: UPDATE `tp_scoredetail` SET `s_id`='20151515231',`s_name`='徐  欣',`c_name`='计科141',`sc_number`=-0.5,`sc_reason`='旷课',`sc_time`='第十一周',`sc_union`='学习部',`sc_who`='管理员' WHERE ( id=150 ) [ RunTime:0.080264s ]

[ 2016-10-25T21:38:22+08:00 ] ::1 /Integral/index.php/Tables/tables/p/2.html
INFO: [ app_init ] --START--
INFO: Run Behavior\BuildLiteBehavior [ RunTime:0.000014s ]
INFO: [ app_init ] --END-- [ RunTime:0.000505s ]
INFO: [ app_begin ] --START--
INFO: Run Behavior\ReadHtmlCacheBehavior [ RunTime:0.001688s ]
INFO: [ app_begin ] --END-- [ RunTime:0.001743s ]
NOTIC: [8] Undefined index: c_name E:\PHP\httpd-2.4.23-win64-VC14\Apache24\htdocs\Integral\Application\Admin\Controller\TablesController.class.php 第 13 行.
NOTIC: [8] Undefined index: s_id E:\PHP\httpd-2.4.23-win64-VC14\Apache24\htdocs\Integral\Application\Admin\Controller\TablesController.class.php 第 14 行.
NOTIC: [8] Undefined index: sc_union E:\PHP\httpd-2.4.23-win64-VC14\Apache24\htdocs\Integral\Application\Admin\Controller\TablesController.class.php 第 15 行.
NOTIC: [8] Undefined variable: filter E:\PHP\httpd-2.4.23-win64-VC14\Apache24\htdocs\Integral\Application\Admin\Controller\TablesController.class.php 第 30 行.
SQL: SELECT COUNT(*) AS tp_count FROM `tp_scoredetail` LIMIT 1   [ RunTime:0.000443s ]
NOTIC: [8] Undefined variable: filter E:\PHP\httpd-2.4.23-win64-VC14\Apache24\htdocs\Integral\Application\Admin\Controller\TablesController.class.php 第 48 行.
SQL: SELECT * FROM `tp_scoredetail` ORDER BY id desc LIMIT 30,30   [ RunTime:0.000763s ]
INFO: [ view_parse ] --START--
INFO: [ template_filter ] --START--
INFO: Run Behavior\ContentReplaceBehavior [ RunTime:0.000242s ]
INFO: [ template_filter ] --END-- [ RunTime:0.000280s ]
NOTIC: [8] Undefined index: c_name E:\PHP\httpd-2.4.23-win64-VC14\Apache24\htdocs\Integral\Application\Runtime\Cache\Admin\028392e504fc80bf64506a8dce359984.php 第 118 行.
NOTIC: [8] Undefined index: s_id E:\PHP\httpd-2.4.23-win64-VC14\Apache24\htdocs\Integral\Application\Runtime\Cache\Admin\028392e504fc80bf64506a8dce359984.php 第 123 行.
NOTIC: [8] Undefined index: sc_union E:\PHP\httpd-2.4.23-win64-VC14\Apache24\htdocs\Integral\Application\Runtime\Cache\Admin\028392e504fc80bf64506a8dce359984.php 第 128 行.
INFO: Run Behavior\ParseTemplateBehavior [ RunTime:0.149599s ]
INFO: [ view_parse ] --END-- [ RunTime:0.149648s ]
INFO: [ view_filter ] --START--
INFO: Run Behavior\WriteHtmlCacheBehavior [ RunTime:0.016382s ]
INFO: [ view_filter ] --END-- [ RunTime:0.016427s ]
INFO: [ app_end ] --START--
INFO: Run Behavior\ShowPageTraceBehavior [ RunTime:0.299992s ]
INFO: [ app_end ] --END-- [ RunTime:0.300046s ]

[ 2016-10-25T21:38:54+08:00 ] ::1 /Integral/index.php/Tables/tables/p/2.html
INFO: [ app_init ] --START--
INFO: Run Behavior\BuildLiteBehavior [ RunTime:0.000012s ]
INFO: [ app_init ] --END-- [ RunTime:0.000469s ]
INFO: [ app_begin ] --START--
INFO: Run Behavior\ReadHtmlCacheBehavior [ RunTime:0.000753s ]
INFO: [ app_begin ] --END-- [ RunTime:0.000795s ]
SQL: SELECT COUNT(*) AS tp_count FROM `tp_scoredetail` WHERE `sc_union` LIKE '%学习部%' LIMIT 1   [ RunTime:0.000537s ]
SQL: SELECT * FROM `tp_scoredetail` WHERE `sc_union` LIKE '%学习部%' ORDER BY id desc LIMIT 30,30   [ RunTime:0.048567s ]
INFO: [ view_parse ] --START--
INFO: [ template_filter ] --START--
INFO: Run Behavior\ContentReplaceBehavior [ RunTime:0.000218s ]
INFO: [ template_filter ] --END-- [ RunTime:0.000255s ]
INFO: Run Behavior\ParseTemplateBehavior [ RunTime:0.013240s ]
INFO: [ view_parse ] --END-- [ RunTime:0.013286s ]
INFO: [ view_filter ] --START--
INFO: Run Behavior\WriteHtmlCacheBehavior [ RunTime:0.001107s ]
INFO: [ view_filter ] --END-- [ RunTime:0.001167s ]
INFO: [ app_end ] --START--
INFO: Run Behavior\ShowPageTraceBehavior [ RunTime:0.001369s ]
INFO: [ app_end ] --END-- [ RunTime:0.001419s ]

[ 2016-10-25T22:21:50+08:00 ] ::1 /Integral/index.php/Tables/tables/p/2.html
INFO: [ app_init ] --START--
INFO: Run Behavior\BuildLiteBehavior [ RunTime:0.000029s ]
INFO: [ app_init ] --END-- [ RunTime:0.006739s ]
INFO: [ app_begin ] --START--
INFO: Run Behavior\ReadHtmlCacheBehavior [ RunTime:0.002660s ]
INFO: [ app_begin ] --END-- [ RunTime:0.002767s ]
SQL: SELECT COUNT(*) AS tp_count FROM `tp_scoredetail` WHERE `sc_union` LIKE '%学习部%' LIMIT 1   [ RunTime:0.000464s ]
SQL: SELECT * FROM `tp_scoredetail` WHERE `sc_union` LIKE '%学习部%' ORDER BY id desc LIMIT 30,30   [ RunTime:0.000367s ]
INFO: [ view_parse ] --START--
INFO: [ template_filter ] --START--
INFO: Run Behavior\ContentReplaceBehavior [ RunTime:0.000268s ]
INFO: [ template_filter ] --END-- [ RunTime:0.000339s ]
INFO: Run Behavior\ParseTemplateBehavior [ RunTime:0.075057s ]
INFO: [ view_parse ] --END-- [ RunTime:0.075138s ]
INFO: [ view_filter ] --START--
INFO: Run Behavior\WriteHtmlCacheBehavior [ RunTime:0.025611s ]
INFO: [ view_filter ] --END-- [ RunTime:0.025668s ]
INFO: [ app_end ] --START--
INFO: Run Behavior\ShowPageTraceBehavior [ RunTime:0.011507s ]
INFO: [ app_end ] --END-- [ RunTime:0.011574s ]

[ 2016-10-25T22:29:13+08:00 ] ::1 /Integral/index.php/Tables/tables/p/2.html
INFO: [ app_init ] --START--
INFO: Run Behavior\BuildLiteBehavior [ RunTime:0.000017s ]
INFO: [ app_init ] --END-- [ RunTime:0.001061s ]
INFO: [ app_begin ] --START--
INFO: Run Behavior\ReadHtmlCacheBehavior [ RunTime:0.002388s ]
INFO: [ app_begin ] --END-- [ RunTime:0.002460s ]
SQL: SELECT COUNT(*) AS tp_count FROM `tp_scoredetail` WHERE `sc_union` LIKE '%学习部%' LIMIT 1   [ RunTime:0.000443s ]
SQL: SELECT * FROM `tp_scoredetail` WHERE `sc_union` LIKE '%学习部%' ORDER BY id desc LIMIT 30,30   [ RunTime:0.000380s ]
INFO: [ view_parse ] --START--
INFO: [ template_filter ] --START--
INFO: Run Behavior\ContentReplaceBehavior [ RunTime:0.000568s ]
INFO: [ template_filter ] --END-- [ RunTime:0.000662s ]
INFO: Run Behavior\ParseTemplateBehavior [ RunTime:0.027034s ]
INFO: [ view_parse ] --END-- [ RunTime:0.027100s ]
INFO: [ view_filter ] --START--
INFO: Run Behavior\WriteHtmlCacheBehavior [ RunTime:0.001901s ]
INFO: [ view_filter ] --END-- [ RunTime:0.001964s ]
INFO: [ app_end ] --START--
INFO: Run Behavior\ShowPageTraceBehavior [ RunTime:0.005455s ]
INFO: [ app_end ] --END-- [ RunTime:0.005529s ]

[ 2016-10-25T22:29:32+08:00 ] ::1 /Integral/index.php/Tables/tables/p/2.html
INFO: [ app_init ] --START--
INFO: Run Behavior\BuildLiteBehavior [ RunTime:0.000010s ]
INFO: [ app_init ] --END-- [ RunTime:0.000704s ]
INFO: [ app_begin ] --START--
INFO: Run Behavior\ReadHtmlCacheBehavior [ RunTime:0.001023s ]
INFO: [ app_begin ] --END-- [ RunTime:0.001070s ]
SQL: SELECT COUNT(*) AS tp_count FROM `tp_scoredetail` WHERE `sc_union` LIKE '%学习部%' LIMIT 1   [ RunTime:0.000169s ]
SQL: SELECT * FROM `tp_scoredetail` WHERE `sc_union` LIKE '%学习部%' ORDER BY id desc LIMIT 30,30   [ RunTime:0.000277s ]
INFO: [ view_parse ] --START--
INFO: [ template_filter ] --START--
INFO: Run Behavior\ContentReplaceBehavior [ RunTime:0.000291s ]
INFO: [ template_filter ] --END-- [ RunTime:0.000341s ]
INFO: Run Behavior\ParseTemplateBehavior [ RunTime:0.018440s ]
INFO: [ view_parse ] --END-- [ RunTime:0.018511s ]
INFO: [ view_filter ] --START--
INFO: Run Behavior\WriteHtmlCacheBehavior [ RunTime:0.000930s ]
INFO: [ view_filter ] --END-- [ RunTime:0.000972s ]
INFO: [ app_end ] --START--
INFO: Run Behavior\ShowPageTraceBehavior [ RunTime:0.002604s ]
INFO: [ app_end ] --END-- [ RunTime:0.002667s ]

[ 2016-10-25T22:33:11+08:00 ] ::1 /Integral/index.php/Tables/tables/p/2.html
INFO: [ app_init ] --START--
INFO: Run Behavior\BuildLiteBehavior [ RunTime:0.000023s ]
INFO: [ app_init ] --END-- [ RunTime:0.001228s ]
INFO: [ app_begin ] --START--
INFO: Run Behavior\ReadHtmlCacheBehavior [ RunTime:0.001369s ]
INFO: [ app_begin ] --END-- [ RunTime:0.001425s ]
SQL: SELECT COUNT(*) AS tp_count FROM `tp_scoredetail` WHERE `sc_union` LIKE '%学习部%' LIMIT 1   [ RunTime:0.000193s ]
SQL: SELECT * FROM `tp_scoredetail` WHERE `sc_union` LIKE '%学习部%' ORDER BY id desc LIMIT 30,30   [ RunTime:0.000757s ]
INFO: [ view_parse ] --START--
INFO: [ template_filter ] --START--
INFO: Run Behavior\ContentReplaceBehavior [ RunTime:0.000283s ]
INFO: [ template_filter ] --END-- [ RunTime:0.000339s ]
INFO: Run Behavior\ParseTemplateBehavior [ RunTime:0.032645s ]
INFO: [ view_parse ] --END-- [ RunTime:0.032812s ]
INFO: [ view_filter ] --START--
INFO: Run Behavior\WriteHtmlCacheBehavior [ RunTime:0.001258s ]
INFO: [ view_filter ] --END-- [ RunTime:0.001287s ]
INFO: [ app_end ] --START--
INFO: Run Behavior\ShowPageTraceBehavior [ RunTime:0.002451s ]
INFO: [ app_end ] --END-- [ RunTime:0.002513s ]

[ 2016-10-25T22:33:57+08:00 ] ::1 /Integral/index.php/Tables/tables/p/2.html
INFO: [ app_init ] --START--
INFO: Run Behavior\BuildLiteBehavior [ RunTime:0.000009s ]
INFO: [ app_init ] --END-- [ RunTime:0.000648s ]
INFO: [ app_begin ] --START--
INFO: Run Behavior\ReadHtmlCacheBehavior [ RunTime:0.001455s ]
INFO: [ app_begin ] --END-- [ RunTime:0.001507s ]
SQL: SELECT COUNT(*) AS tp_count FROM `tp_scoredetail` WHERE `sc_union` LIKE '%学习部%' LIMIT 1   [ RunTime:0.000185s ]
SQL: SELECT * FROM `tp_scoredetail` WHERE `sc_union` LIKE '%学习部%' ORDER BY id desc LIMIT 30,30   [ RunTime:0.000316s ]
INFO: [ view_parse ] --START--
INFO: [ template_filter ] --START--
INFO: Run Behavior\ContentReplaceBehavior [ RunTime:0.000239s ]
INFO: [ template_filter ] --END-- [ RunTime:0.000272s ]
INFO: Run Behavior\ParseTemplateBehavior [ RunTime:0.014496s ]
INFO: [ view_parse ] --END-- [ RunTime:0.014534s ]
INFO: [ view_filter ] --START--
INFO: Run Behavior\WriteHtmlCacheBehavior [ RunTime:0.001292s ]
INFO: [ view_filter ] --END-- [ RunTime:0.001329s ]
INFO: [ app_end ] --START--
INFO: Run Behavior\ShowPageTraceBehavior [ RunTime:0.005337s ]
INFO: [ app_end ] --END-- [ RunTime:0.005456s ]

[ 2016-10-25T22:35:38+08:00 ] ::1 /Integral/index.php/Tables/tables/p/2.html
INFO: [ app_init ] --START--
INFO: Run Behavior\BuildLiteBehavior [ RunTime:0.000012s ]
INFO: [ app_init ] --END-- [ RunTime:0.000735s ]
INFO: [ app_begin ] --START--
INFO: Run Behavior\ReadHtmlCacheBehavior [ RunTime:0.001295s ]
INFO: [ app_begin ] --END-- [ RunTime:0.001332s ]
SQL: SELECT COUNT(*) AS tp_count FROM `tp_scoredetail` WHERE `sc_union` LIKE '%学习部%' LIMIT 1   [ RunTime:0.000192s ]
SQL: SELECT * FROM `tp_scoredetail` WHERE `sc_union` LIKE '%学习部%' ORDER BY id desc LIMIT 30,30   [ RunTime:0.000301s ]
INFO: [ view_parse ] --START--
INFO: [ template_filter ] --START--
INFO: Run Behavior\ContentReplaceBehavior [ RunTime:0.000203s ]
INFO: [ template_filter ] --END-- [ RunTime:0.000238s ]
INFO: Run Behavior\ParseTemplateBehavior [ RunTime:0.013942s ]
INFO: [ view_parse ] --END-- [ RunTime:0.014017s ]
INFO: [ view_filter ] --START--
INFO: Run Behavior\WriteHtmlCacheBehavior [ RunTime:0.001431s ]
INFO: [ view_filter ] --END-- [ RunTime:0.001462s ]
INFO: [ app_end ] --START--
INFO: Run Behavior\ShowPageTraceBehavior [ RunTime:0.002735s ]
INFO: [ app_end ] --END-- [ RunTime:0.002792s ]

[ 2016-10-25T22:36:53+08:00 ] ::1 /Integral/index.php/Tables/tables/p/2.html
INFO: [ app_init ] --START--
INFO: Run Behavior\BuildLiteBehavior [ RunTime:0.000009s ]
INFO: [ app_init ] --END-- [ RunTime:0.000637s ]
INFO: [ app_begin ] --START--
INFO: Run Behavior\ReadHtmlCacheBehavior [ RunTime:0.001535s ]
INFO: [ app_begin ] --END-- [ RunTime:0.001579s ]
SQL: SELECT COUNT(*) AS tp_count FROM `tp_scoredetail` WHERE `sc_union` LIKE '%学习部%' LIMIT 1   [ RunTime:0.000179s ]
SQL: SELECT * FROM `tp_scoredetail` WHERE `sc_union` LIKE '%学习部%' ORDER BY id desc LIMIT 30,30   [ RunTime:0.000284s ]
INFO: [ view_parse ] --START--
INFO: [ template_filter ] --START--
INFO: Run Behavior\ContentReplaceBehavior [ RunTime:0.000540s ]
INFO: [ template_filter ] --END-- [ RunTime:0.000732s ]
INFO: Run Behavior\ParseTemplateBehavior [ RunTime:0.046807s ]
INFO: [ view_parse ] --END-- [ RunTime:0.046869s ]
INFO: [ view_filter ] --START--
INFO: Run Behavior\WriteHtmlCacheBehavior [ RunTime:0.001817s ]
INFO: [ view_filter ] --END-- [ RunTime:0.001880s ]
INFO: [ app_end ] --START--
INFO: Run Behavior\ShowPageTraceBehavior [ RunTime:0.002315s ]
INFO: [ app_end ] --END-- [ RunTime:0.002385s ]

[ 2016-10-25T22:37:14+08:00 ] ::1 /Integral/index.php/Tables/tables/p/2.html
INFO: [ app_init ] --START--
INFO: Run Behavior\BuildLiteBehavior [ RunTime:0.000019s ]
INFO: [ app_init ] --END-- [ RunTime:0.000780s ]
INFO: [ app_begin ] --START--
INFO: Run Behavior\ReadHtmlCacheBehavior [ RunTime:0.001367s ]
INFO: [ app_begin ] --END-- [ RunTime:0.001412s ]
NOTIC: [8] Undefined variable: filter E:\PHP\httpd-2.4.23-win64-VC14\Apache24\htdocs\Integral\Application\Admin\Controller\TablesController.class.php 第 30 行.
SQL: SELECT COUNT(*) AS tp_count FROM `tp_scoredetail` LIMIT 1   [ RunTime:0.000169s ]
NOTIC: [8] Undefined variable: filter E:\PHP\httpd-2.4.23-win64-VC14\Apache24\htdocs\Integral\Application\Admin\Controller\TablesController.class.php 第 48 行.
SQL: SELECT * FROM `tp_scoredetail` ORDER BY id desc LIMIT 30,30   [ RunTime:0.000294s ]
INFO: [ view_parse ] --START--
INFO: [ template_filter ] --START--
INFO: Run Behavior\ContentReplaceBehavior [ RunTime:0.000220s ]
INFO: [ template_filter ] --END-- [ RunTime:0.000259s ]
INFO: Run Behavior\ParseTemplateBehavior [ RunTime:0.013703s ]
INFO: [ view_parse ] --END-- [ RunTime:0.013744s ]
INFO: [ view_filter ] --START--
INFO: Run Behavior\WriteHtmlCacheBehavior [ RunTime:0.001242s ]
INFO: [ view_filter ] --END-- [ RunTime:0.001271s ]
INFO: [ app_end ] --START--
INFO: Run Behavior\ShowPageTraceBehavior [ RunTime:0.002052s ]
INFO: [ app_end ] --END-- [ RunTime:0.002108s ]

